#
# There is insufficient memory for the Java Runtime Environment to continue.
# Native memory allocation (malloc) failed to allocate 1192576 bytes for Chunk::new
# Possible reasons:
#   The system is out of physical RAM or swap space
#   The process is running with CompressedOops enabled, and the Java Heap may be blocking the growth of the native heap
# Possible solutions:
#   Reduce memory load on the system
#   Increase physical memory or swap space
#   Check if swap backing store is full
#   Decrease Java heap size (-Xmx/-Xms)
#   Decrease number of Java threads
#   Decrease Java thread stack sizes (-Xss)
#   Set larger code cache with -XX:ReservedCodeCacheSize=
#   JVM is running with Unscaled Compressed Oops mode in which the Java heap is
#     placed in the first 4GB address space. The Java Heap base address is the
#     maximum limit for the native heap growth. Please use -XX:HeapBaseMinAddress
#     to set the Java Heap base and to place the Java Heap above 4GB virtual address.
# This output file may be truncated or incomplete.
#
#  Out of Memory Error (arena.cpp:184), pid=22232, tid=29772
#
# JRE version: Java(TM) SE Runtime Environment (18.0+36) (build 18+36-2087)
# Java VM: Java HotSpot(TM) 64-Bit Server VM (18+36-2087, mixed mode, sharing, tiered, compressed oops, compressed class ptrs, g1 gc, windows-amd64)
# No core dump will be written. Minidumps are not enabled by default on client versions of Windows
#

---------------  S U M M A R Y ------------

Command Line: --module-path=C:\Program Files\javafx-sdk-18.0.1\lib --add-modules=javafx.controls,javafx.fxml -Dfile.encoding=UTF-8 --module-path=C:\Users\Admin\.p2\pool\plugins\org.eclipse.fx.ide.css.jfx8_3.7.0.202010120832.jar;C:\Program Files\javafx-sdk-18.0.1\lib\javafx.base.jar;C:\Program Files\javafx-sdk-18.0.1\lib\javafx.controls.jar;C:\Program Files\javafx-sdk-18.0.1\lib\javafx.fxml.jar;C:\Program Files\javafx-sdk-18.0.1\lib\javafx.graphics.jar;C:\Program Files\javafx-sdk-18.0.1\lib\javafx.media.jar;C:\Program Files\javafx-sdk-18.0.1\lib\javafx.swing.jar;C:\Program Files\javafx-sdk-18.0.1\lib\javafx.web.jar;C:\Program Files\javafx-sdk-18.0.1\lib\javafx-swt.jar -XX:+ShowCodeDetailsInExceptionMessages dsai.piano.view.MainScreen

Host: Intel(R) Core(TM) i5-10300H CPU @ 2.50GHz, 8 cores, 7G,  Windows 10 , 64 bit Build 19041 (10.0.19041.1741)
Time: Fri Jul 15 13:57:46 2022 SE Asia Standard Time elapsed time: 2.959086 seconds (0d 0h 0m 2s)

---------------  T H R E A D  ---------------

Current thread (0x000001e206aca8d0):  JavaThread "C2 CompilerThread0" daemon [_thread_in_native, id=29772, stack(0x00000038fec00000,0x00000038fed00000)]


Current CompileTask:
C2:   2959 1934 %     4       com.sun.media.sound.SoftPerformer::<init> @ 1358 (1992 bytes)

Stack: [0x00000038fec00000,0x00000038fed00000]
Native frames: (J=compiled Java code, j=interpreted, Vv=VM code, C=native code)
V  [jvm.dll+0x69804a]
V  [jvm.dll+0x7f308d]
V  [jvm.dll+0x7f499e]
V  [jvm.dll+0x7f5053]
V  [jvm.dll+0x25ca3f]
V  [jvm.dll+0xb8c2f]
V  [jvm.dll+0xb8fa5]
V  [jvm.dll+0x2c794f]
V  [jvm.dll+0x59fdb0]
V  [jvm.dll+0x238398]
V  [jvm.dll+0x2319c5]
V  [jvm.dll+0x22eeeb]
V  [jvm.dll+0x1b9cfc]
V  [jvm.dll+0x23e8ca]
V  [jvm.dll+0x23cbac]
V  [jvm.dll+0x7a5781]
V  [jvm.dll+0x79fbba]
V  [jvm.dll+0x696ef5]
C  [ucrtbase.dll+0x21bb2]
C  [KERNEL32.DLL+0x17034]
C  [ntdll.dll+0x52651]


---------------  P R O C E S S  ---------------

Threads class SMR info:
_java_thread_list=0x000001e20c0fe4c0, length=19, elements={
0x000001e2688e11c0, 0x000001e206aa9c60, 0x000001e206aac2f0, 0x000001e206ac6f10,
0x000001e206ac88c0, 0x000001e206ac9260, 0x000001e206ac9c00, 0x000001e206aca8d0,
0x000001e206b2a070, 0x000001e206b34f40, 0x000001e20ad50340, 0x000001e20b86bf50,
0x000001e20bc82460, 0x000001e20b1157f0, 0x000001e20b535a80, 0x000001e20bbaacf0,
0x000001e20bbbf650, 0x000001e20be4aac0, 0x000001e20bf21550
}

Java Threads: ( => current thread )
  0x000001e2688e11c0 JavaThread "main" [_thread_blocked, id=7708, stack(0x00000038fdf00000,0x00000038fe000000)]
  0x000001e206aa9c60 JavaThread "Reference Handler" daemon [_thread_blocked, id=11384, stack(0x00000038fe600000,0x00000038fe700000)]
  0x000001e206aac2f0 JavaThread "Finalizer" daemon [_thread_blocked, id=13912, stack(0x00000038fe700000,0x00000038fe800000)]
  0x000001e206ac6f10 JavaThread "Signal Dispatcher" daemon [_thread_blocked, id=28024, stack(0x00000038fe800000,0x00000038fe900000)]
  0x000001e206ac88c0 JavaThread "Attach Listener" daemon [_thread_blocked, id=30008, stack(0x00000038fe900000,0x00000038fea00000)]
  0x000001e206ac9260 JavaThread "Service Thread" daemon [_thread_blocked, id=11056, stack(0x00000038fea00000,0x00000038feb00000)]
  0x000001e206ac9c00 JavaThread "Monitor Deflation Thread" daemon [_thread_blocked, id=29956, stack(0x00000038feb00000,0x00000038fec00000)]
=>0x000001e206aca8d0 JavaThread "C2 CompilerThread0" daemon [_thread_in_native, id=29772, stack(0x00000038fec00000,0x00000038fed00000)]
  0x000001e206b2a070 JavaThread "C1 CompilerThread0" daemon [_thread_blocked, id=24724, stack(0x00000038fed00000,0x00000038fee00000)]
  0x000001e206b34f40 JavaThread "Sweeper thread" daemon [_thread_blocked, id=26676, stack(0x00000038fee00000,0x00000038fef00000)]
  0x000001e20ad50340 JavaThread "Common-Cleaner" daemon [_thread_blocked, id=8940, stack(0x00000038fef00000,0x00000038ff000000)]
  0x000001e20b86bf50 JavaThread "Notification Thread" daemon [_thread_blocked, id=23840, stack(0x00000038ff200000,0x00000038ff300000)]
  0x000001e20bc82460 JavaThread "QuantumRenderer-0" daemon [_thread_blocked, id=33672, stack(0x00000038ff100000,0x00000038ff200000)]
  0x000001e20b1157f0 JavaThread "InvokeLaterDispatcher" daemon [_thread_blocked, id=5636, stack(0x00000038ff400000,0x00000038ff500000)]
  0x000001e20b535a80 JavaThread "JavaFX Application Thread" [_thread_in_native, id=22444, stack(0x00000038ff500000,0x00000038ff600000)]
  0x000001e20bbaacf0 JavaThread "JavaFX-Launcher" [_thread_blocked, id=6604, stack(0x00000038ffa00000,0x00000038ffb00000)]
  0x000001e20bbbf650 JavaThread "Thread-2" daemon [_thread_in_native, id=16548, stack(0x00000038ff900000,0x00000038ffa00000)]
  0x000001e20be4aac0 JavaThread "Prism Font Disposer" daemon [_thread_blocked, id=2756, stack(0x0000003880400000,0x0000003880500000)]
  0x000001e20bf21550 JavaThread "C2 CompilerThread1" daemon [_thread_in_native, id=3660, stack(0x0000003880700000,0x0000003880800000)]

Other Threads:
  0x000001e206aa74d0 VMThread "VM Thread" [stack: 0x00000038fe500000,0x00000038fe600000] [id=26476]
  0x000001e20ae61fd0 WatcherThread "VM Periodic Task Thread" [stack: 0x00000038ff300000,0x00000038ff400000] [id=6944]
  0x000001e268940560 WorkerThread "GC Thread#0" [stack: 0x00000038fe000000,0x00000038fe100000] [id=15664]
  0x000001e20b849c10 WorkerThread "GC Thread#1" [stack: 0x00000038ffb00000,0x00000038ffc00000] [id=31584]
  0x000001e20b8496d0 WorkerThread "GC Thread#2" [stack: 0x00000038ffc00000,0x00000038ffd00000] [id=28324]
  0x000001e20b849970 WorkerThread "GC Thread#3" [stack: 0x00000038ffd00000,0x00000038ffe00000] [id=27712]
  0x000001e20bd92ce0 WorkerThread "GC Thread#4" [stack: 0x00000038ffe00000,0x00000038fff00000] [id=29556]
  0x000001e20bd91a80 WorkerThread "GC Thread#5" [stack: 0x00000038fff00000,0x0000003900000000] [id=30480]
  0x000001e20bd91540 WorkerThread "GC Thread#6" [stack: 0x0000003880000000,0x0000003880100000] [id=6964]
  0x000001e20bd8f080 WorkerThread "GC Thread#7" [stack: 0x0000003880800000,0x0000003880900000] [id=28524]
  0x000001e268951090 ConcurrentGCThread "G1 Main Marker" [stack: 0x00000038fe100000,0x00000038fe200000] [id=14960]
  0x000001e268951a80 WorkerThread "G1 Conc#0" [stack: 0x00000038fe200000,0x00000038fe300000] [id=2308]
  0x000001e206962100 ConcurrentGCThread "G1 Refine#0" [stack: 0x00000038fe300000,0x00000038fe400000] [id=29316]
  0x000001e206962920 ConcurrentGCThread "G1 Service" [stack: 0x00000038fe400000,0x00000038fe500000] [id=18056]

Threads with active compile tasks:
C2 CompilerThread0     3001 1934 %     4       com.sun.media.sound.SoftPerformer::<init> @ 1358 (1992 bytes)
C2 CompilerThread1     3001 1929       4       com.sun.media.sound.SoftPerformer::extractKeys (147 bytes)

VM state: not at safepoint (normal execution)

VM Mutex/Monitor currently owned by a thread: None

Heap address: 0x0000000082000000, size: 2016 MB, Compressed Oops mode: 32-bit

CDS archive(s) mapped at: [0x0000000800000000-0x0000000800ba0000-0x0000000800ba0000), size 12189696, SharedBaseAddress: 0x0000000800000000, ArchiveRelocationMode: 0.
Compressed class space mapped at: 0x0000000800c00000-0x0000000840c00000, reserved size: 1073741824
Narrow klass base: 0x0000000800000000, Narrow klass shift: 0, Narrow klass range: 0x100000000

GC Precious Log:
 CardTable entry size: 512
 Card Set container configuration: InlinePtr #cards 5 size 8 Array Of Cards #cards 12 size 40 Howl #buckets 4 coarsen threshold 1843 Howl Bitmap #cards 512 size 80 coarsen threshold 460 Card regions per heap region 1 cards per card region 2048
 CPUs: 8 total, 8 available
 Memory: 8059M
 Large Page Support: Disabled
 NUMA Support: Disabled
 Compressed Oops: Enabled (32-bit)
 Heap Region Size: 1M
 Heap Min Capacity: 8M
 Heap Initial Capacity: 126M
 Heap Max Capacity: 2016M
 Pre-touch: Disabled
 Parallel Workers: 8
 Concurrent Workers: 2
 Concurrent Refinement Workers: 8
 Periodic GC: Disabled

Heap:
 garbage-first heap   total 129024K, used 69467K [0x0000000082000000, 0x0000000100000000)
  region size 1024K, 60 young (61440K), 5 survivors (5120K)
 Metaspace       used 13818K, committed 14144K, reserved 1114112K
  class space    used 1851K, committed 1984K, reserved 1048576K

Heap Regions: E=young(eden), S=young(survivor), O=old, HS=humongous(starts), HC=humongous(continues), CS=collection set, F=free, OA=open archive, CA=closed archive, TAMS=top-at-mark-start (previous, next)
|   0|0x0000000082000000, 0x0000000082100000, 0x0000000082100000|100%| O|  |TAMS 0x0000000082000000, 0x0000000082000000| Untracked 
|   1|0x0000000082100000, 0x0000000082200000, 0x0000000082200000|100%|HS|  |TAMS 0x0000000082100000, 0x0000000082100000| Complete 
|   2|0x0000000082200000, 0x0000000082300000, 0x0000000082300000|100%|HC|  |TAMS 0x0000000082200000, 0x0000000082200000| Complete 
|   3|0x0000000082300000, 0x0000000082400000, 0x0000000082400000|100%|HC|  |TAMS 0x0000000082300000, 0x0000000082300000| Complete 
|   4|0x0000000082400000, 0x0000000082500000, 0x0000000082500000|100%|HC|  |TAMS 0x0000000082400000, 0x0000000082400000| Complete 
|   5|0x0000000082500000, 0x0000000082600000, 0x0000000082600000|100%| O|  |TAMS 0x0000000082500000, 0x0000000082500000| Untracked 
|   6|0x0000000082600000, 0x0000000082700000, 0x0000000082700000|100%| O|  |TAMS 0x0000000082600000, 0x0000000082600000| Untracked 
|   7|0x0000000082700000, 0x0000000082800000, 0x0000000082800000|100%| O|  |TAMS 0x0000000082700000, 0x0000000082700000| Untracked 
|   8|0x0000000082800000, 0x00000000828d6c00, 0x0000000082900000| 83%| O|  |TAMS 0x0000000082800000, 0x0000000082800000| Untracked 
|   9|0x0000000082900000, 0x0000000082900000, 0x0000000082a00000|  0%| F|  |TAMS 0x0000000082900000, 0x0000000082900000| Untracked 
|  10|0x0000000082a00000, 0x0000000082a00000, 0x0000000082b00000|  0%| F|  |TAMS 0x0000000082a00000, 0x0000000082a00000| Untracked 
|  11|0x0000000082b00000, 0x0000000082b00000, 0x0000000082c00000|  0%| F|  |TAMS 0x0000000082b00000, 0x0000000082b00000| Untracked 
|  12|0x0000000082c00000, 0x0000000082c00000, 0x0000000082d00000|  0%| F|  |TAMS 0x0000000082c00000, 0x0000000082c00000| Untracked 
|  13|0x0000000082d00000, 0x0000000082d00000, 0x0000000082e00000|  0%| F|  |TAMS 0x0000000082d00000, 0x0000000082d00000| Untracked 
|  14|0x0000000082e00000, 0x0000000082e00000, 0x0000000082f00000|  0%| F|  |TAMS 0x0000000082e00000, 0x0000000082e00000| Untracked 
|  15|0x0000000082f00000, 0x0000000082f00000, 0x0000000083000000|  0%| F|  |TAMS 0x0000000082f00000, 0x0000000082f00000| Untracked 
|  16|0x0000000083000000, 0x0000000083000000, 0x0000000083100000|  0%| F|  |TAMS 0x0000000083000000, 0x0000000083000000| Untracked 
|  17|0x0000000083100000, 0x0000000083100000, 0x0000000083200000|  0%| F|  |TAMS 0x0000000083100000, 0x0000000083100000| Untracked 
|  18|0x0000000083200000, 0x0000000083200000, 0x0000000083300000|  0%| F|  |TAMS 0x0000000083200000, 0x0000000083200000| Untracked 
|  19|0x0000000083300000, 0x0000000083300000, 0x0000000083400000|  0%| F|  |TAMS 0x0000000083300000, 0x0000000083300000| Untracked 
|  20|0x0000000083400000, 0x0000000083400000, 0x0000000083500000|  0%| F|  |TAMS 0x0000000083400000, 0x0000000083400000| Untracked 
|  21|0x0000000083500000, 0x0000000083500000, 0x0000000083600000|  0%| F|  |TAMS 0x0000000083500000, 0x0000000083500000| Untracked 
|  22|0x0000000083600000, 0x0000000083600000, 0x0000000083700000|  0%| F|  |TAMS 0x0000000083600000, 0x0000000083600000| Untracked 
|  23|0x0000000083700000, 0x0000000083700000, 0x0000000083800000|  0%| F|  |TAMS 0x0000000083700000, 0x0000000083700000| Untracked 
|  24|0x0000000083800000, 0x0000000083800000, 0x0000000083900000|  0%| F|  |TAMS 0x0000000083800000, 0x0000000083800000| Untracked 
|  25|0x0000000083900000, 0x0000000083900000, 0x0000000083a00000|  0%| F|  |TAMS 0x0000000083900000, 0x0000000083900000| Untracked 
|  26|0x0000000083a00000, 0x0000000083a00000, 0x0000000083b00000|  0%| F|  |TAMS 0x0000000083a00000, 0x0000000083a00000| Untracked 
|  27|0x0000000083b00000, 0x0000000083b00000, 0x0000000083c00000|  0%| F|  |TAMS 0x0000000083b00000, 0x0000000083b00000| Untracked 
|  28|0x0000000083c00000, 0x0000000083c00000, 0x0000000083d00000|  0%| F|  |TAMS 0x0000000083c00000, 0x0000000083c00000| Untracked 
|  29|0x0000000083d00000, 0x0000000083d00000, 0x0000000083e00000|  0%| F|  |TAMS 0x0000000083d00000, 0x0000000083d00000| Untracked 
|  30|0x0000000083e00000, 0x0000000083e00000, 0x0000000083f00000|  0%| F|  |TAMS 0x0000000083e00000, 0x0000000083e00000| Untracked 
|  31|0x0000000083f00000, 0x0000000083f00000, 0x0000000084000000|  0%| F|  |TAMS 0x0000000083f00000, 0x0000000083f00000| Untracked 
|  32|0x0000000084000000, 0x0000000084000000, 0x0000000084100000|  0%| F|  |TAMS 0x0000000084000000, 0x0000000084000000| Untracked 
|  33|0x0000000084100000, 0x0000000084100000, 0x0000000084200000|  0%| F|  |TAMS 0x0000000084100000, 0x0000000084100000| Untracked 
|  34|0x0000000084200000, 0x0000000084200000, 0x0000000084300000|  0%| F|  |TAMS 0x0000000084200000, 0x0000000084200000| Untracked 
|  35|0x0000000084300000, 0x0000000084300000, 0x0000000084400000|  0%| F|  |TAMS 0x0000000084300000, 0x0000000084300000| Untracked 
|  36|0x0000000084400000, 0x0000000084400000, 0x0000000084500000|  0%| F|  |TAMS 0x0000000084400000, 0x0000000084400000| Untracked 
|  37|0x0000000084500000, 0x0000000084500000, 0x0000000084600000|  0%| F|  |TAMS 0x0000000084500000, 0x0000000084500000| Untracked 
|  38|0x0000000084600000, 0x0000000084600000, 0x0000000084700000|  0%| F|  |TAMS 0x0000000084600000, 0x0000000084600000| Untracked 
|  39|0x0000000084700000, 0x0000000084700000, 0x0000000084800000|  0%| F|  |TAMS 0x0000000084700000, 0x0000000084700000| Untracked 
|  40|0x0000000084800000, 0x0000000084800000, 0x0000000084900000|  0%| F|  |TAMS 0x0000000084800000, 0x0000000084800000| Untracked 
|  41|0x0000000084900000, 0x0000000084900000, 0x0000000084a00000|  0%| F|  |TAMS 0x0000000084900000, 0x0000000084900000| Untracked 
|  42|0x0000000084a00000, 0x0000000084a00000, 0x0000000084b00000|  0%| F|  |TAMS 0x0000000084a00000, 0x0000000084a00000| Untracked 
|  43|0x0000000084b00000, 0x0000000084b00000, 0x0000000084c00000|  0%| F|  |TAMS 0x0000000084b00000, 0x0000000084b00000| Untracked 
|  44|0x0000000084c00000, 0x0000000084c00000, 0x0000000084d00000|  0%| F|  |TAMS 0x0000000084c00000, 0x0000000084c00000| Untracked 
|  45|0x0000000084d00000, 0x0000000084d00000, 0x0000000084e00000|  0%| F|  |TAMS 0x0000000084d00000, 0x0000000084d00000| Untracked 
|  46|0x0000000084e00000, 0x0000000084e00000, 0x0000000084f00000|  0%| F|  |TAMS 0x0000000084e00000, 0x0000000084e00000| Untracked 
|  47|0x0000000084f00000, 0x0000000084f00000, 0x0000000085000000|  0%| F|  |TAMS 0x0000000084f00000, 0x0000000084f00000| Untracked 
|  48|0x0000000085000000, 0x0000000085000000, 0x0000000085100000|  0%| F|  |TAMS 0x0000000085000000, 0x0000000085000000| Untracked 
|  49|0x0000000085100000, 0x0000000085100000, 0x0000000085200000|  0%| F|  |TAMS 0x0000000085100000, 0x0000000085100000| Untracked 
|  50|0x0000000085200000, 0x0000000085200000, 0x0000000085300000|  0%| F|  |TAMS 0x0000000085200000, 0x0000000085200000| Untracked 
|  51|0x0000000085300000, 0x0000000085300000, 0x0000000085400000|  0%| F|  |TAMS 0x0000000085300000, 0x0000000085300000| Untracked 
|  52|0x0000000085400000, 0x0000000085400000, 0x0000000085500000|  0%| F|  |TAMS 0x0000000085400000, 0x0000000085400000| Untracked 
|  53|0x0000000085500000, 0x0000000085500000, 0x0000000085600000|  0%| F|  |TAMS 0x0000000085500000, 0x0000000085500000| Untracked 
|  54|0x0000000085600000, 0x0000000085600000, 0x0000000085700000|  0%| F|  |TAMS 0x0000000085600000, 0x0000000085600000| Untracked 
|  55|0x0000000085700000, 0x0000000085700000, 0x0000000085800000|  0%| F|  |TAMS 0x0000000085700000, 0x0000000085700000| Untracked 
|  56|0x0000000085800000, 0x0000000085800000, 0x0000000085900000|  0%| F|  |TAMS 0x0000000085800000, 0x0000000085800000| Untracked 
|  57|0x0000000085900000, 0x0000000085900000, 0x0000000085a00000|  0%| F|  |TAMS 0x0000000085900000, 0x0000000085900000| Untracked 
|  58|0x0000000085a00000, 0x0000000085a00000, 0x0000000085b00000|  0%| F|  |TAMS 0x0000000085a00000, 0x0000000085a00000| Untracked 
|  59|0x0000000085b00000, 0x0000000085b00000, 0x0000000085c00000|  0%| F|  |TAMS 0x0000000085b00000, 0x0000000085b00000| Untracked 
|  60|0x0000000085c00000, 0x0000000085c00000, 0x0000000085d00000|  0%| F|  |TAMS 0x0000000085c00000, 0x0000000085c00000| Untracked 
|  61|0x0000000085d00000, 0x0000000085d00000, 0x0000000085e00000|  0%| F|  |TAMS 0x0000000085d00000, 0x0000000085d00000| Untracked 
|  62|0x0000000085e00000, 0x0000000085e00000, 0x0000000085f00000|  0%| F|  |TAMS 0x0000000085e00000, 0x0000000085e00000| Untracked 
|  63|0x0000000085f00000, 0x0000000085f00000, 0x0000000086000000|  0%| F|  |TAMS 0x0000000085f00000, 0x0000000085f00000| Untracked 
|  64|0x0000000086000000, 0x0000000086000000, 0x0000000086100000|  0%| F|  |TAMS 0x0000000086000000, 0x0000000086000000| Untracked 
|  65|0x0000000086100000, 0x0000000086100000, 0x0000000086200000|  0%| F|  |TAMS 0x0000000086100000, 0x0000000086100000| Untracked 
|  66|0x0000000086200000, 0x00000000862ec390, 0x0000000086300000| 92%| E|  |TAMS 0x0000000086200000, 0x0000000086200000| Complete 
|  67|0x0000000086300000, 0x0000000086400000, 0x0000000086400000|100%| E|CS|TAMS 0x0000000086300000, 0x0000000086300000| Complete 
|  68|0x0000000086400000, 0x0000000086500000, 0x0000000086500000|100%| E|CS|TAMS 0x0000000086400000, 0x0000000086400000| Complete 
|  69|0x0000000086500000, 0x0000000086600000, 0x0000000086600000|100%| E|CS|TAMS 0x0000000086500000, 0x0000000086500000| Complete 
|  70|0x0000000086600000, 0x0000000086700000, 0x0000000086700000|100%| E|CS|TAMS 0x0000000086600000, 0x0000000086600000| Complete 
|  71|0x0000000086700000, 0x0000000086800000, 0x0000000086800000|100%| E|CS|TAMS 0x0000000086700000, 0x0000000086700000| Complete 
|  72|0x0000000086800000, 0x0000000086900000, 0x0000000086900000|100%| E|CS|TAMS 0x0000000086800000, 0x0000000086800000| Complete 
|  73|0x0000000086900000, 0x0000000086a00000, 0x0000000086a00000|100%| E|CS|TAMS 0x0000000086900000, 0x0000000086900000| Complete 
|  74|0x0000000086a00000, 0x0000000086b00000, 0x0000000086b00000|100%| E|CS|TAMS 0x0000000086a00000, 0x0000000086a00000| Complete 
|  75|0x0000000086b00000, 0x0000000086c00000, 0x0000000086c00000|100%| E|CS|TAMS 0x0000000086b00000, 0x0000000086b00000| Complete 
|  76|0x0000000086c00000, 0x0000000086d00000, 0x0000000086d00000|100%| E|CS|TAMS 0x0000000086c00000, 0x0000000086c00000| Complete 
|  77|0x0000000086d00000, 0x0000000086e00000, 0x0000000086e00000|100%| E|CS|TAMS 0x0000000086d00000, 0x0000000086d00000| Complete 
|  78|0x0000000086e00000, 0x0000000086f00000, 0x0000000086f00000|100%| E|CS|TAMS 0x0000000086e00000, 0x0000000086e00000| Complete 
|  79|0x0000000086f00000, 0x0000000087000000, 0x0000000087000000|100%| E|CS|TAMS 0x0000000086f00000, 0x0000000086f00000| Complete 
|  80|0x0000000087000000, 0x0000000087100000, 0x0000000087100000|100%| E|CS|TAMS 0x0000000087000000, 0x0000000087000000| Complete 
|  81|0x0000000087100000, 0x0000000087200000, 0x0000000087200000|100%| E|CS|TAMS 0x0000000087100000, 0x0000000087100000| Complete 
|  82|0x0000000087200000, 0x0000000087300000, 0x0000000087300000|100%| E|CS|TAMS 0x0000000087200000, 0x0000000087200000| Complete 
|  83|0x0000000087300000, 0x0000000087400000, 0x0000000087400000|100%| E|CS|TAMS 0x0000000087300000, 0x0000000087300000| Complete 
|  84|0x0000000087400000, 0x0000000087500000, 0x0000000087500000|100%| E|CS|TAMS 0x0000000087400000, 0x0000000087400000| Complete 
|  85|0x0000000087500000, 0x0000000087600000, 0x0000000087600000|100%| E|CS|TAMS 0x0000000087500000, 0x0000000087500000| Complete 
|  86|0x0000000087600000, 0x0000000087700000, 0x0000000087700000|100%| E|CS|TAMS 0x0000000087600000, 0x0000000087600000| Complete 
|  87|0x0000000087700000, 0x0000000087800000, 0x0000000087800000|100%| S|CS|TAMS 0x0000000087700000, 0x0000000087700000| Complete 
|  88|0x0000000087800000, 0x0000000087900000, 0x0000000087900000|100%| S|CS|TAMS 0x0000000087800000, 0x0000000087800000| Complete 
|  89|0x0000000087900000, 0x0000000087a00000, 0x0000000087a00000|100%| S|CS|TAMS 0x0000000087900000, 0x0000000087900000| Complete 
|  90|0x0000000087a00000, 0x0000000087b00000, 0x0000000087b00000|100%| S|CS|TAMS 0x0000000087a00000, 0x0000000087a00000| Complete 
|  91|0x0000000087b00000, 0x0000000087c00000, 0x0000000087c00000|100%| S|CS|TAMS 0x0000000087b00000, 0x0000000087b00000| Complete 
|  92|0x0000000087c00000, 0x0000000087d00000, 0x0000000087d00000|100%| E|CS|TAMS 0x0000000087c00000, 0x0000000087c00000| Complete 
|  93|0x0000000087d00000, 0x0000000087e00000, 0x0000000087e00000|100%| E|CS|TAMS 0x0000000087d00000, 0x0000000087d00000| Complete 
|  94|0x0000000087e00000, 0x0000000087f00000, 0x0000000087f00000|100%| E|CS|TAMS 0x0000000087e00000, 0x0000000087e00000| Complete 
|  95|0x0000000087f00000, 0x0000000088000000, 0x0000000088000000|100%| E|CS|TAMS 0x0000000087f00000, 0x0000000087f00000| Complete 
|  96|0x0000000088000000, 0x0000000088100000, 0x0000000088100000|100%| E|CS|TAMS 0x0000000088000000, 0x0000000088000000| Complete 
|  97|0x0000000088100000, 0x0000000088200000, 0x0000000088200000|100%| E|CS|TAMS 0x0000000088100000, 0x0000000088100000| Complete 
|  98|0x0000000088200000, 0x0000000088300000, 0x0000000088300000|100%| E|CS|TAMS 0x0000000088200000, 0x0000000088200000| Complete 
|  99|0x0000000088300000, 0x0000000088400000, 0x0000000088400000|100%| E|CS|TAMS 0x0000000088300000, 0x0000000088300000| Complete 
| 100|0x0000000088400000, 0x0000000088500000, 0x0000000088500000|100%| E|CS|TAMS 0x0000000088400000, 0x0000000088400000| Complete 
| 101|0x0000000088500000, 0x0000000088600000, 0x0000000088600000|100%| E|CS|TAMS 0x0000000088500000, 0x0000000088500000| Complete 
| 102|0x0000000088600000, 0x0000000088700000, 0x0000000088700000|100%| E|CS|TAMS 0x0000000088600000, 0x0000000088600000| Complete 
| 103|0x0000000088700000, 0x0000000088800000, 0x0000000088800000|100%| E|CS|TAMS 0x0000000088700000, 0x0000000088700000| Complete 
| 104|0x0000000088800000, 0x0000000088900000, 0x0000000088900000|100%| E|CS|TAMS 0x0000000088800000, 0x0000000088800000| Complete 
| 105|0x0000000088900000, 0x0000000088a00000, 0x0000000088a00000|100%| E|CS|TAMS 0x0000000088900000, 0x0000000088900000| Complete 
| 106|0x0000000088a00000, 0x0000000088b00000, 0x0000000088b00000|100%| E|CS|TAMS 0x0000000088a00000, 0x0000000088a00000| Complete 
| 107|0x0000000088b00000, 0x0000000088c00000, 0x0000000088c00000|100%| E|CS|TAMS 0x0000000088b00000, 0x0000000088b00000| Complete 
| 108|0x0000000088c00000, 0x0000000088d00000, 0x0000000088d00000|100%| E|CS|TAMS 0x0000000088c00000, 0x0000000088c00000| Complete 
| 109|0x0000000088d00000, 0x0000000088e00000, 0x0000000088e00000|100%| E|CS|TAMS 0x0000000088d00000, 0x0000000088d00000| Complete 
| 110|0x0000000088e00000, 0x0000000088f00000, 0x0000000088f00000|100%| E|CS|TAMS 0x0000000088e00000, 0x0000000088e00000| Complete 
| 111|0x0000000088f00000, 0x0000000089000000, 0x0000000089000000|100%| E|CS|TAMS 0x0000000088f00000, 0x0000000088f00000| Complete 
| 112|0x0000000089000000, 0x0000000089100000, 0x0000000089100000|100%| E|CS|TAMS 0x0000000089000000, 0x0000000089000000| Complete 
| 113|0x0000000089100000, 0x0000000089200000, 0x0000000089200000|100%| E|CS|TAMS 0x0000000089100000, 0x0000000089100000| Complete 
| 114|0x0000000089200000, 0x0000000089300000, 0x0000000089300000|100%| E|CS|TAMS 0x0000000089200000, 0x0000000089200000| Complete 
| 115|0x0000000089300000, 0x0000000089400000, 0x0000000089400000|100%| E|CS|TAMS 0x0000000089300000, 0x0000000089300000| Complete 
| 116|0x0000000089400000, 0x0000000089500000, 0x0000000089500000|100%| E|CS|TAMS 0x0000000089400000, 0x0000000089400000| Complete 
| 117|0x0000000089500000, 0x0000000089600000, 0x0000000089600000|100%| E|CS|TAMS 0x0000000089500000, 0x0000000089500000| Complete 
| 118|0x0000000089600000, 0x0000000089700000, 0x0000000089700000|100%| E|CS|TAMS 0x0000000089600000, 0x0000000089600000| Complete 
| 119|0x0000000089700000, 0x0000000089800000, 0x0000000089800000|100%| E|CS|TAMS 0x0000000089700000, 0x0000000089700000| Complete 
| 120|0x0000000089800000, 0x0000000089900000, 0x0000000089900000|100%| E|CS|TAMS 0x0000000089800000, 0x0000000089800000| Complete 
| 121|0x0000000089900000, 0x0000000089a00000, 0x0000000089a00000|100%| E|CS|TAMS 0x0000000089900000, 0x0000000089900000| Complete 
| 122|0x0000000089a00000, 0x0000000089b00000, 0x0000000089b00000|100%| E|CS|TAMS 0x0000000089a00000, 0x0000000089a00000| Complete 
| 123|0x0000000089b00000, 0x0000000089c00000, 0x0000000089c00000|100%| E|CS|TAMS 0x0000000089b00000, 0x0000000089b00000| Complete 
| 124|0x0000000089c00000, 0x0000000089d00000, 0x0000000089d00000|100%| E|CS|TAMS 0x0000000089c00000, 0x0000000089c00000| Complete 
| 125|0x0000000089d00000, 0x0000000089e00000, 0x0000000089e00000|100%| E|CS|TAMS 0x0000000089d00000, 0x0000000089d00000| Complete 

Card table byte_map: [0x000001e27f910000,0x000001e27fd00000] _byte_map_base: 0x000001e27f500000

Marking Bits (Prev, Next): (CMBitMap*) 0x000001e268940b60, (CMBitMap*) 0x000001e268940ba0
 Prev Bits: [0x000001e2003f0000, 0x000001e202370000)
 Next Bits: [0x000001e202370000, 0x000001e2042f0000)

Polling page: 0x000001e268070000

Metaspace:

Usage:
  Non-class:     11.69 MB used.
      Class:      1.81 MB used.
       Both:     13.49 MB used.

Virtual space:
  Non-class space:       64.00 MB reserved,      11.88 MB ( 19%) committed,  1 nodes.
      Class space:        1.00 GB reserved,       1.94 MB ( <1%) committed,  1 nodes.
             Both:        1.06 GB reserved,      13.81 MB (  1%) committed. 

Chunk freelists:
   Non-Class:  50.00 KB
       Class:  2.02 MB
        Both:  2.07 MB

MaxMetaspaceSize: unlimited
CompressedClassSpaceSize: 1.00 GB
Initial GC threshold: 21.00 MB
Current GC threshold: 21.00 MB
CDS: on
MetaspaceReclaimPolicy: balanced
 - commit_granule_bytes: 65536.
 - commit_granule_words: 8192.
 - virtual_space_node_default_size: 8388608.
 - enlarge_chunks_in_place: 1.
 - new_chunks_are_fully_committed: 0.
 - uncommit_free_chunks: 1.
 - use_allocation_guard: 0.


Internal statistics:

num_allocs_failed_limit: 0.
num_arena_births: 364.
num_arena_deaths: 0.
num_vsnodes_births: 2.
num_vsnodes_deaths: 0.
num_space_committed: 221.
num_space_uncommitted: 0.
num_chunks_returned_to_freelist: 0.
num_chunks_taken_from_freelist: 788.
num_chunk_merges: 0.
num_chunk_splits: 536.
num_chunks_enlarged: 383.
num_inconsistent_stats: 0.

CodeHeap 'non-profiled nmethods': size=120000Kb used=826Kb max_used=826Kb free=119173Kb
 bounds [0x000001e277cc0000, 0x000001e277f30000, 0x000001e27f1f0000]
CodeHeap 'profiled nmethods': size=120000Kb used=3592Kb max_used=3592Kb free=116407Kb
 bounds [0x000001e270790000, 0x000001e270b20000, 0x000001e277cc0000]
CodeHeap 'non-nmethods': size=5760Kb used=1412Kb max_used=1459Kb free=4347Kb
 bounds [0x000001e2701f0000, 0x000001e270460000, 0x000001e270790000]
 total_blobs=2696 nmethods=1935 adapters=673
 compilation: enabled
              stopped_count=0, restarted_count=0
 full_count=0

Compilation events (20 events):
Event: 2.942 Thread 0x000001e206b2a070 1955       1       javax.sound.sampled.AudioFormat::getSampleRate (5 bytes)
Event: 2.942 Thread 0x000001e206b2a070 nmethod 1955 0x000001e277d8e410 code [0x000001e277d8e5a0, 0x000001e277d8e678]
Event: 2.945 Thread 0x000001e206b2a070 1956   !   2       com.sun.media.sound.SoftChannel::setPolyPressure (142 bytes)
Event: 2.946 Thread 0x000001e206b2a070 nmethod 1956 0x000001e270b0bb90 code [0x000001e270b0bda0, 0x000001e270b0c238]
Event: 2.946 Thread 0x000001e206b2a070 1957       2       com.sun.media.sound.SoftChannel::restrict7Bit (17 bytes)
Event: 2.946 Thread 0x000001e206b2a070 nmethod 1957 0x000001e270b0c710 code [0x000001e270b0c8a0, 0x000001e270b0c9f8]
Event: 2.946 Thread 0x000001e206b2a070 1959       2       com.sun.media.sound.SoftMainMixer::activity (72 bytes)
Event: 2.946 Thread 0x000001e206b2a070 nmethod 1959 0x000001e270b0ca90 code [0x000001e270b0cc60, 0x000001e270b0ce88]
Event: 2.946 Thread 0x000001e206b2a070 1960   !   2       com.sun.media.sound.SoftChannel::controlChange (1289 bytes)
Event: 2.950 Thread 0x000001e206b2a070 nmethod 1960 0x000001e270b0d010 code [0x000001e270b0d3c0, 0x000001e270b0e828]
Event: 2.950 Thread 0x000001e206b2a070 1961 % !   3       com.sun.media.sound.SoftChannel::setPolyPressure @ 75 (142 bytes)
Event: 2.951 Thread 0x000001e206b2a070 nmethod 1961% 0x000001e270b0f710 code [0x000001e270b0f960, 0x000001e270b10258]
Event: 2.951 Thread 0x000001e206b2a070 1958       2       com.sun.media.sound.SoftChannel$MidiControlObject::<init> (39 bytes)
Event: 2.951 Thread 0x000001e206b2a070 nmethod 1958 0x000001e270b10810 code [0x000001e270b109c0, 0x000001e270b10cf8]
Event: 2.951 Thread 0x000001e206b2a070 1964   !   3       com.sun.media.sound.SoftChannel::setPolyPressure (142 bytes)
Event: 2.952 Thread 0x000001e206b2a070 nmethod 1964 0x000001e270b10e10 code [0x000001e270b11040, 0x000001e270b11818]
Event: 2.952 Thread 0x000001e206b2a070 1962       2       com.sun.media.sound.SoftChannel$MidiControlObject::get (50 bytes)
Event: 2.952 Thread 0x000001e206b2a070 nmethod 1962 0x000001e270b11d90 code [0x000001e270b11f60, 0x000001e270b121e8]
Event: 2.952 Thread 0x000001e206b2a070 1965       1       com.sun.media.sound.SoftLinearResampler2::getPadding (2 bytes)
Event: 2.952 Thread 0x000001e206b2a070 nmethod 1965 0x000001e277d8e710 code [0x000001e277d8e8a0, 0x000001e277d8e978]

GC Heap History (4 events):
Event: 0.812 GC heap before
{Heap before GC invocations=0 (full 0):
 garbage-first heap   total 129024K, used 22528K [0x0000000082000000, 0x0000000100000000)
  region size 1024K, 23 young (23552K), 0 survivors (0K)
 Metaspace       used 6000K, committed 6208K, reserved 1114112K
  class space    used 726K, committed 832K, reserved 1048576K
}
Event: 0.817 GC heap after
{Heap after GC invocations=1 (full 0):
 garbage-first heap   total 129024K, used 3115K [0x0000000082000000, 0x0000000100000000)
  region size 1024K, 3 young (3072K), 3 survivors (3072K)
 Metaspace       used 6000K, committed 6208K, reserved 1114112K
  class space    used 726K, committed 832K, reserved 1048576K
}
Event: 2.680 GC heap before
{Heap before GC invocations=1 (full 0):
 garbage-first heap   total 129024K, used 37931K [0x0000000082000000, 0x0000000100000000)
  region size 1024K, 34 young (34816K), 3 survivors (3072K)
 Metaspace       used 13431K, committed 13760K, reserved 1114112K
  class space    used 1815K, committed 1984K, reserved 1048576K
}
Event: 2.687 GC heap after
{Heap after GC invocations=2 (full 0):
 garbage-first heap   total 129024K, used 14171K [0x0000000082000000, 0x0000000100000000)
  region size 1024K, 5 young (5120K), 5 survivors (5120K)
 Metaspace       used 13431K, committed 13760K, reserved 1114112K
  class space    used 1815K, committed 1984K, reserved 1048576K
}

Deoptimization events (20 events):
Event: 1.239 Thread 0x000001e20b535a80 DEOPT PACKING pc=0x000001e277cd17a8 sp=0x00000038ff5fd840
Event: 1.239 Thread 0x000001e20b535a80 DEOPT UNPACKING pc=0x000001e2702423a3 sp=0x00000038ff5fd7e8 mode 2
Event: 1.239 Thread 0x000001e20b535a80 Uncommon trap: trap_request=0xffffffde fr.pc=0x000001e277cd17a8 relative=0x00000000000001a8
Event: 1.239 Thread 0x000001e20b535a80 Uncommon trap: reason=class_check action=maybe_recompile pc=0x000001e277cd17a8 method=java.lang.String.equals(Ljava/lang/Object;)Z @ 8 c2
Event: 1.239 Thread 0x000001e20b535a80 DEOPT PACKING pc=0x000001e277cd17a8 sp=0x00000038ff5fd750
Event: 1.239 Thread 0x000001e20b535a80 DEOPT UNPACKING pc=0x000001e2702423a3 sp=0x00000038ff5fd6f8 mode 2
Event: 1.239 Thread 0x000001e20b535a80 Uncommon trap: trap_request=0xffffffde fr.pc=0x000001e277cd17a8 relative=0x00000000000001a8
Event: 1.239 Thread 0x000001e20b535a80 Uncommon trap: reason=class_check action=maybe_recompile pc=0x000001e277cd17a8 method=java.lang.String.equals(Ljava/lang/Object;)Z @ 8 c2
Event: 1.239 Thread 0x000001e20b535a80 DEOPT PACKING pc=0x000001e277cd17a8 sp=0x00000038ff5fd750
Event: 1.239 Thread 0x000001e20b535a80 DEOPT UNPACKING pc=0x000001e2702423a3 sp=0x00000038ff5fd6f8 mode 2
Event: 1.239 Thread 0x000001e20b535a80 Uncommon trap: trap_request=0xffffffde fr.pc=0x000001e277cd17a8 relative=0x00000000000001a8
Event: 1.239 Thread 0x000001e20b535a80 Uncommon trap: reason=class_check action=maybe_recompile pc=0x000001e277cd17a8 method=java.lang.String.equals(Ljava/lang/Object;)Z @ 8 c2
Event: 1.239 Thread 0x000001e20b535a80 DEOPT PACKING pc=0x000001e277cd17a8 sp=0x00000038ff5fd840
Event: 1.239 Thread 0x000001e20b535a80 DEOPT UNPACKING pc=0x000001e2702423a3 sp=0x00000038ff5fd7e8 mode 2
Event: 2.611 Thread 0x000001e20b535a80 Uncommon trap: trap_request=0xffffff45 fr.pc=0x000001e277d60838 relative=0x00000000000005d8
Event: 2.611 Thread 0x000001e20b535a80 Uncommon trap: reason=unstable_if action=reinterpret pc=0x000001e277d60838 method=com.sun.media.sound.RIFFReader.read()I @ 6 c2
Event: 2.611 Thread 0x000001e20b535a80 DEOPT PACKING pc=0x000001e277d60838 sp=0x00000038ff5fbea0
Event: 2.611 Thread 0x000001e20b535a80 DEOPT UNPACKING pc=0x000001e2702423a3 sp=0x00000038ff5fbe08 mode 2
Event: 2.951 Thread 0x000001e20b535a80 DEOPT PACKING pc=0x000001e270b0c144 sp=0x00000038ff5fc270
Event: 2.951 Thread 0x000001e20b535a80 DEOPT UNPACKING pc=0x000001e270242b43 sp=0x00000038ff5fb750 mode 0

Classes loaded (20 events):
Event: 2.952 Loading class com/sun/media/sound/SoftAbstractResampler$ModelAbstractResamplerStream
Event: 2.952 Loading class com/sun/media/sound/SoftResamplerStreamer
Event: 2.952 Loading class com/sun/media/sound/ModelOscillatorStream
Event: 2.952 Loading class com/sun/media/sound/ModelOscillatorStream done
Event: 2.952 Loading class com/sun/media/sound/SoftResamplerStreamer done
Event: 2.952 Loading class com/sun/media/sound/SoftAbstractResampler$ModelAbstractResamplerStream done
Event: 2.952 Loading class com/sun/media/sound/SoftSynthesizer$WeakAudioStream
Event: 2.952 Loading class com/sun/media/sound/SoftSynthesizer$WeakAudioStream done
Event: 2.952 Loading class javax/sound/sampled/AudioSystem
Event: 2.953 Loading class javax/sound/sampled/AudioSystem done
Event: 2.953 Loading class javax/sound/sampled/DataLine$Info
Event: 2.953 Loading class javax/sound/sampled/Line$Info
Event: 2.953 Loading class javax/sound/sampled/Line$Info done
Event: 2.953 Loading class javax/sound/sampled/DataLine$Info done
Event: 2.953 Loading class com/sun/media/sound/DirectAudioDeviceProvider
Event: 2.953 Loading class com/sun/media/sound/DirectAudioDeviceProvider done
Event: 2.953 Loading class javax/sound/sampled/Mixer$Info
Event: 2.953 Loading class javax/sound/sampled/Mixer$Info done
Event: 2.953 Loading class javax/sound/sampled/Mixer
Event: 2.953 Loading class javax/sound/sampled/Mixer done

Classes unloaded (0 events):
No events

Classes redefined (0 events):
No events

Internal exceptions (20 events):
Event: 0.980 Thread 0x000001e20b535a80 Exception <a 'java/lang/NoSuchMethodError'{0x00000000897b64f0}: 'java.lang.Object java.lang.invoke.Invokers$Holder.invokeExact_MT(java.lang.Object, java.lang.Object, java.lang.Object, java.lang.Object, java.lang.Object)'> (0x00000000897b64f0) 
thrown [t:\workspace\open\src\hotspot\share\interpreter\linkResolver.cpp, line 766]
Event: 0.997 Thread 0x000001e20b535a80 Exception <a 'java/lang/NoSuchMethodError'{0x0000000089636b90}: 'void java.lang.invoke.DirectMethodHandle$Holder.invokeSpecial(java.lang.Object, java.lang.Object, int)'> (0x0000000089636b90) 
thrown [t:\workspace\open\src\hotspot\share\interpreter\linkResolver.cpp, line 766]
Event: 0.997 Thread 0x000001e20b535a80 Exception <a 'java/lang/NoSuchMethodError'{0x000000008963ac60}: 'int java.lang.invoke.DirectMethodHandle$Holder.invokeSpecial(java.lang.Object, java.lang.Object, java.lang.Object, int)'> (0x000000008963ac60) 
thrown [t:\workspace\open\src\hotspot\share\interpreter\linkResolver.cpp, line 766]
Event: 0.998 Thread 0x000001e20b535a80 Exception <a 'java/lang/NoSuchMethodError'{0x00000000896455f0}: 'void java.lang.invoke.DelegatingMethodHandle$Holder.reinvoke_L(java.lang.Object, java.lang.Object, int)'> (0x00000000896455f0) 
thrown [t:\workspace\open\src\hotspot\share\interpreter\linkResolver.cpp, line 766]
Event: 1.000 Thread 0x000001e20b535a80 Exception <a 'java/lang/NoSuchMethodError'{0x0000000089653ee0}: 'void java.lang.invoke.DirectMethodHandle$Holder.invokeSpecial(java.lang.Object, java.lang.Object, double)'> (0x0000000089653ee0) 
thrown [t:\workspace\open\src\hotspot\share\interpreter\linkResolver.cpp, line 766]
Event: 1.001 Thread 0x000001e20b535a80 Exception <a 'java/lang/NoSuchMethodError'{0x000000008965b338}: 'void java.lang.invoke.DelegatingMethodHandle$Holder.reinvoke_L(java.lang.Object, java.lang.Object, double)'> (0x000000008965b338) 
thrown [t:\workspace\open\src\hotspot\share\interpreter\linkResolver.cpp, line 766]
Event: 1.062 Thread 0x000001e20b535a80 Exception <a 'java/io/FileNotFoundException'{0x0000000089464818}> (0x0000000089464818) 
thrown [t:\workspace\open\src\hotspot\share\prims\jni.cpp, line 516]
Event: 1.344 Thread 0x000001e20b535a80 Exception <a 'java/lang/NoSuchMethodError'{0x0000000088c51d38}: 'java.lang.Object java.lang.invoke.DirectMethodHandle$Holder.invokeInterface(java.lang.Object, java.lang.Object, java.lang.Object)'> (0x0000000088c51d38) 
thrown [t:\workspace\open\src\hotspot\share\interpreter\linkResolver.cpp, line 766]
Event: 1.344 Thread 0x000001e20b535a80 Exception <a 'java/lang/IncompatibleClassChangeError'{0x0000000088c556b8}: Found class java.lang.Object, but interface was expected> (0x0000000088c556b8) 
thrown [t:\workspace\open\src\hotspot\share\interpreter\linkResolver.cpp, line 833]
Event: 1.379 Thread 0x000001e20b535a80 Exception <a 'java/lang/NoSuchMethodError'{0x0000000088b54d90}: 'int java.lang.invoke.DirectMethodHandle$Holder.invokeSpecial(java.lang.Object, java.lang.Object, int)'> (0x0000000088b54d90) 
thrown [t:\workspace\open\src\hotspot\share\interpreter\linkResolver.cpp, line 766]
Event: 1.395 Thread 0x000001e20b535a80 Exception <a 'java/lang/NoSuchMethodError'{0x0000000088bd16e8}: 'java.lang.Object java.lang.invoke.DirectMethodHandle$Holder.newInvokeSpecial(java.lang.Object, java.lang.Object, int)'> (0x0000000088bd16e8) 
thrown [t:\workspace\open\src\hotspot\share\interpreter\linkResolver.cpp, line 766]
Event: 1.426 Thread 0x000001e20bc82460 Exception <a 'java/lang/NoSuchMethodError'{0x0000000088956da8}: 'int java.lang.invoke.DirectMethodHandle$Holder.invokeStaticInit(java.lang.Object, java.lang.Object)'> (0x0000000088956da8) 
thrown [t:\workspace\open\src\hotspot\share\interpreter\linkResolver.cpp, line 766]
Event: 1.472 Thread 0x000001e20bc82460 Exception <a 'java/lang/NoSuchMethodError'{0x0000000088848f60}: 'java.lang.Object java.lang.invoke.DirectMethodHandle$Holder.invokeStaticInit(java.lang.Object, int)'> (0x0000000088848f60) 
thrown [t:\workspace\open\src\hotspot\share\interpreter\linkResolver.cpp, line 766]
Event: 2.474 Thread 0x000001e20b535a80 Exception <a 'java/lang/NoSuchMethodError'{0x0000000088316e20}: 'long java.lang.invoke.DirectMethodHandle$Holder.invokeStatic(java.lang.Object, java.lang.Object, java.lang.Object)'> (0x0000000088316e20) 
thrown [t:\workspace\open\src\hotspot\share\interpreter\linkResolver.cpp, line 766]
Event: 2.474 Thread 0x000001e20b535a80 Exception <a 'java/lang/NoSuchMethodError'{0x000000008831a5c0}: 'long java.lang.invoke.DirectMethodHandle$Holder.invokeStaticInit(java.lang.Object, java.lang.Object, java.lang.Object)'> (0x000000008831a5c0) 
thrown [t:\workspace\open\src\hotspot\share\interpreter\linkResolver.cpp, line 766]
Event: 2.476 Thread 0x000001e20b535a80 Exception <a 'java/lang/NoSuchMethodError'{0x0000000088332c08}: 'java.lang.Object java.lang.invoke.DirectMethodHandle$Holder.newInvokeSpecial(java.lang.Object, java.lang.Object, long)'> (0x0000000088332c08) 
thrown [t:\workspace\open\src\hotspot\share\interpreter\linkResolver.cpp, line 766]
Event: 2.476 Thread 0x000001e20b535a80 Exception <a 'java/lang/NoSuchMethodError'{0x0000000088336780}: 'java.lang.Object java.lang.invoke.Invokers$Holder.linkToTargetMethod(java.lang.Object, long, java.lang.Object)'> (0x0000000088336780) 
thrown [t:\workspace\open\src\hotspot\share\interpreter\linkResolver.cpp, line 766]
Event: 2.523 Thread 0x000001e20b535a80 Exception <a 'java/lang/NoSuchMethodError'{0x0000000088346240}: 'java.lang.Object java.lang.invoke.DirectMethodHandle$Holder.newInvokeSpecial(java.lang.Object, java.lang.Object, int, int, int, int, int, java.lang.Object)'> (0x0000000088346240) 
thrown [t:\workspace\open\src\hotspot\share\interpreter\linkResolver.cpp, line 766]
Event: 2.524 Thread 0x000001e20b535a80 Exception <a 'java/lang/NoSuchMethodError'{0x0000000088359478}: 'java.lang.Object java.lang.invoke.DirectMethodHandle$Holder.newInvokeSpecial(java.lang.Object, java.lang.Object, java.lang.Object, int, int, int, int, int)'> (0x0000000088359478) 
thrown [t:\workspace\open\src\hotspot\share\interpreter\linkResolver.cpp, line 766]
Event: 2.525 Thread 0x000001e20b535a80 Exception <a 'java/lang/NoSuchMethodError'{0x0000000088360ce0}: 'java.lang.Object java.lang.invoke.Invokers$Holder.linkToTargetMethod(java.lang.Object, java.lang.Object, int, int, int, int, int, java.lang.Object)'> (0x0000000088360ce0) 
thrown [t:\workspace\open\src\hotspot\share\interpreter\linkResolver.cpp, line 766]

VM Operations (20 events):
Event: 0.522 Executing VM operation: HandshakeAllThreads
Event: 0.522 Executing VM operation: HandshakeAllThreads done
Event: 0.812 Executing VM operation: G1CollectForAllocation
Event: 0.817 Executing VM operation: G1CollectForAllocation done
Event: 0.844 Executing VM operation: HandshakeAllThreads
Event: 0.844 Executing VM operation: HandshakeAllThreads done
Event: 0.950 Executing VM operation: HandshakeAllThreads
Event: 0.951 Executing VM operation: HandshakeAllThreads done
Event: 0.967 Executing VM operation: HandshakeAllThreads
Event: 0.967 Executing VM operation: HandshakeAllThreads done
Event: 0.973 Executing VM operation: HandshakeAllThreads
Event: 0.973 Executing VM operation: HandshakeAllThreads done
Event: 1.092 Executing VM operation: HandshakeAllThreads
Event: 1.092 Executing VM operation: HandshakeAllThreads done
Event: 1.135 Executing VM operation: ICBufferFull
Event: 1.135 Executing VM operation: ICBufferFull done
Event: 2.679 Executing VM operation: G1CollectForAllocation
Event: 2.687 Executing VM operation: G1CollectForAllocation done
Event: 2.707 Executing VM operation: HandshakeAllThreads
Event: 2.707 Executing VM operation: HandshakeAllThreads done

Events (20 events):
Event: 0.433 Loaded shared library C:\Program Files\javafx-sdk-18.0.1\bin\ucrtbase.dll
Event: 0.433 Thread 0x000001e20ae21a80 Thread exited: 0x000001e20ae21a80
Event: 0.435 Loaded shared library C:\Program Files\javafx-sdk-18.0.1\bin\vcruntime140.dll
Event: 0.437 Loaded shared library C:\Program Files\javafx-sdk-18.0.1\bin\vcruntime140_1.dll
Event: 0.439 Loaded shared library C:\Program Files\javafx-sdk-18.0.1\bin\msvcp140.dll
Event: 0.476 Thread 0x000001e20bc82460 Thread added: 0x000001e20bc82460
Event: 0.484 Loaded shared library C:\Program Files\javafx-sdk-18.0.1\bin\prism_d3d.dll
Event: 0.527 Loaded shared library C:\Program Files\javafx-sdk-18.0.1\bin\glass.dll
Event: 0.530 Thread 0x000001e20b1157f0 Thread added: 0x000001e20b1157f0
Event: 0.534 Thread 0x000001e20b535a80 Thread added: 0x000001e20b535a80
Event: 0.623 Thread 0x000001e20bbaacf0 Thread added: 0x000001e20bbaacf0
Event: 0.633 Thread 0x000001e20bbbf650 Thread added: 0x000001e20bbbf650
Event: 0.655 Loaded shared library C:\Program Files\Java\jdk-18\bin\jimage.dll
Event: 0.838 Loaded shared library C:\Program Files\javafx-sdk-18.0.1\bin\javafx_font.dll
Event: 1.245 Loaded shared library C:\Program Files\javafx-sdk-18.0.1\bin\javafx_iio.dll
Event: 1.336 Thread 0x000001e20be4aac0 Thread added: 0x000001e20be4aac0
Event: 1.860 Thread 0x000001e20ae1abd0 Thread exited: 0x000001e20ae1abd0
Event: 2.580 Loaded shared library C:\Program Files\Java\jdk-18\bin\jsound.dll
Event: 2.596 Loaded shared library C:\Program Files\Java\jdk-18\bin\prefs.dll
Event: 2.628 Thread 0x000001e20bf21550 Thread added: 0x000001e20bf21550


Dynamic libraries:
0x00007ff7247d0000 - 0x00007ff7247e0000 	C:\Program Files\Java\jdk-18\bin\javaw.exe
0x00007ffad6bd0000 - 0x00007ffad6dc7000 	C:\WINDOWS\SYSTEM32\ntdll.dll
0x00007ffad63a0000 - 0x00007ffad645d000 	C:\WINDOWS\System32\KERNEL32.DLL
0x00007ffad4710000 - 0x00007ffad49dd000 	C:\WINDOWS\System32\KERNELBASE.dll
0x00007ffad4ac0000 - 0x00007ffad4bc0000 	C:\WINDOWS\System32\ucrtbase.dll
0x00007ffaca910000 - 0x00007ffaca92a000 	C:\Program Files\Java\jdk-18\bin\VCRUNTIME140.dll
0x00007ffaca8f0000 - 0x00007ffaca908000 	C:\Program Files\Java\jdk-18\bin\jli.dll
0x00007ffad65a0000 - 0x00007ffad664e000 	C:\WINDOWS\System32\ADVAPI32.dll
0x00007ffad6500000 - 0x00007ffad659e000 	C:\WINDOWS\System32\msvcrt.dll
0x00007ffad6460000 - 0x00007ffad64fc000 	C:\WINDOWS\System32\sechost.dll
0x00007ffad69e0000 - 0x00007ffad6b05000 	C:\WINDOWS\System32\RPCRT4.dll
0x00007ffad5e30000 - 0x00007ffad5fd0000 	C:\WINDOWS\System32\USER32.dll
0x00007ffabd040000 - 0x00007ffabd2da000 	C:\WINDOWS\WinSxS\amd64_microsoft.windows.common-controls_6595b64144ccf1df_6.0.19041.1110_none_60b5254171f9507e\COMCTL32.dll
0x00007ffad45a0000 - 0x00007ffad45c2000 	C:\WINDOWS\System32\win32u.dll
0x00007ffad6850000 - 0x00007ffad687a000 	C:\WINDOWS\System32\GDI32.dll
0x00007ffad4600000 - 0x00007ffad470b000 	C:\WINDOWS\System32\gdi32full.dll
0x00007ffad42f0000 - 0x00007ffad438d000 	C:\WINDOWS\System32\msvcp_win.dll
0x00007ffacc520000 - 0x00007ffacc52a000 	C:\WINDOWS\SYSTEM32\VERSION.dll
0x00007ffad50b0000 - 0x00007ffad50e0000 	C:\WINDOWS\System32\IMM32.DLL
0x00007ffaceba0000 - 0x00007ffacec44000 	C:\Program Files\McAfee\Endpoint Security\Threat Prevention\Ips\EpMPApi.dll
0x00007ffad4bc0000 - 0x00007ffad4c27000 	C:\WINDOWS\System32\WINTRUST.dll
0x00007ffad4440000 - 0x00007ffad4596000 	C:\WINDOWS\System32\CRYPT32.dll
0x00007ffad3ee0000 - 0x00007ffad3ef2000 	C:\WINDOWS\SYSTEM32\MSASN1.dll
0x0000000075c10000 - 0x0000000075c1c000 	C:\Program Files\McAfee\Endpoint Security\Threat Prevention\Ips\EpMPThe.dll
0x00007ffacd000000 - 0x00007ffacd00c000 	C:\Program Files\Java\jdk-18\bin\vcruntime140_1.dll
0x00007ffaa51c0000 - 0x00007ffaa524d000 	C:\Program Files\Java\jdk-18\bin\msvcp140.dll
0x00007ffa777e0000 - 0x00007ffa783f1000 	C:\Program Files\Java\jdk-18\bin\server\jvm.dll
0x00007ffad5db0000 - 0x00007ffad5db8000 	C:\WINDOWS\System32\PSAPI.DLL
0x00007ffacd060000 - 0x00007ffacd069000 	C:\WINDOWS\SYSTEM32\WSOCK32.dll
0x00007ffad5dc0000 - 0x00007ffad5e2b000 	C:\WINDOWS\System32\WS2_32.dll
0x00007ffac61a0000 - 0x00007ffac61c7000 	C:\WINDOWS\SYSTEM32\WINMM.dll
0x00007ffad2b80000 - 0x00007ffad2b92000 	C:\WINDOWS\SYSTEM32\kernel.appcore.dll
0x00007fface760000 - 0x00007fface76a000 	C:\Program Files\Java\jdk-18\bin\jimage.dll
0x00007ffad20f0000 - 0x00007ffad22d4000 	C:\WINDOWS\SYSTEM32\DBGHELP.DLL
0x00007ffacb7e0000 - 0x00007ffacb80c000 	C:\WINDOWS\SYSTEM32\dbgcore.DLL
0x00007ffad4a30000 - 0x00007ffad4ab2000 	C:\WINDOWS\System32\bcryptPrimitives.dll
0x00007ffabc3e0000 - 0x00007ffabc405000 	C:\Program Files\Java\jdk-18\bin\java.dll
0x00007ffaa0560000 - 0x00007ffaa0636000 	C:\Program Files\Java\jdk-18\bin\jsvml.dll
0x00007ffad5550000 - 0x00007ffad5c94000 	C:\WINDOWS\System32\SHELL32.dll
0x00007ffad23d0000 - 0x00007ffad2b64000 	C:\WINDOWS\SYSTEM32\windows.storage.dll
0x00007ffad6030000 - 0x00007ffad6384000 	C:\WINDOWS\System32\combase.dll
0x00007ffad3d50000 - 0x00007ffad3d7c000 	C:\WINDOWS\SYSTEM32\Wldp.dll
0x00007ffad5ca0000 - 0x00007ffad5d4d000 	C:\WINDOWS\System32\SHCORE.dll
0x00007ffad4f10000 - 0x00007ffad4f65000 	C:\WINDOWS\System32\shlwapi.dll
0x00007ffad4230000 - 0x00007ffad424f000 	C:\WINDOWS\SYSTEM32\profapi.dll
0x00007ffacd390000 - 0x00007ffacd3a3000 	C:\Program Files\Java\jdk-18\bin\net.dll
0x00007ffacdaa0000 - 0x00007ffacdbaa000 	C:\WINDOWS\SYSTEM32\WINHTTP.dll
0x00007ffad3ab0000 - 0x00007ffad3b1a000 	C:\WINDOWS\system32\mswsock.dll
0x00007ffaca9e0000 - 0x00007ffaca9f6000 	C:\Program Files\Java\jdk-18\bin\nio.dll
0x00007ffaca960000 - 0x00007ffaca978000 	C:\Program Files\Java\jdk-18\bin\zip.dll
0x000001e206b60000 - 0x000001e206b63000 	C:\Program Files\javafx-sdk-18.0.1\bin\api-ms-win-core-console-l1-1-0.dll
0x000001e206b70000 - 0x000001e206b73000 	C:\Program Files\javafx-sdk-18.0.1\bin\api-ms-win-core-console-l1-2-0.dll
0x000001e206b80000 - 0x000001e206b83000 	C:\Program Files\javafx-sdk-18.0.1\bin\api-ms-win-core-datetime-l1-1-0.dll
0x000001e206b90000 - 0x000001e206b93000 	C:\Program Files\javafx-sdk-18.0.1\bin\api-ms-win-core-debug-l1-1-0.dll
0x000001e206ba0000 - 0x000001e206ba3000 	C:\Program Files\javafx-sdk-18.0.1\bin\api-ms-win-core-errorhandling-l1-1-0.dll
0x000001e206bb0000 - 0x000001e206bb4000 	C:\Program Files\javafx-sdk-18.0.1\bin\api-ms-win-core-file-l1-1-0.dll
0x000001e206bc0000 - 0x000001e206bc3000 	C:\Program Files\javafx-sdk-18.0.1\bin\api-ms-win-core-file-l1-2-0.dll
0x000001e206bd0000 - 0x000001e206bd3000 	C:\Program Files\javafx-sdk-18.0.1\bin\api-ms-win-core-file-l2-1-0.dll
0x000001e206be0000 - 0x000001e206be3000 	C:\Program Files\javafx-sdk-18.0.1\bin\api-ms-win-core-handle-l1-1-0.dll
0x000001e206bf0000 - 0x000001e206bf3000 	C:\Program Files\javafx-sdk-18.0.1\bin\api-ms-win-core-heap-l1-1-0.dll
0x000001e20c8d0000 - 0x000001e20c8d3000 	C:\Program Files\javafx-sdk-18.0.1\bin\api-ms-win-core-interlocked-l1-1-0.dll
0x000001e20c8e0000 - 0x000001e20c8e3000 	C:\Program Files\javafx-sdk-18.0.1\bin\api-ms-win-core-libraryloader-l1-1-0.dll
0x000001e20c8f0000 - 0x000001e20c8f3000 	C:\Program Files\javafx-sdk-18.0.1\bin\api-ms-win-core-localization-l1-2-0.dll
0x000001e20c900000 - 0x000001e20c903000 	C:\Program Files\javafx-sdk-18.0.1\bin\api-ms-win-core-memory-l1-1-0.dll
0x000001e20c910000 - 0x000001e20c913000 	C:\Program Files\javafx-sdk-18.0.1\bin\api-ms-win-core-namedpipe-l1-1-0.dll
0x000001e20c920000 - 0x000001e20c923000 	C:\Program Files\javafx-sdk-18.0.1\bin\api-ms-win-core-processenvironment-l1-1-0.dll
0x000001e20c930000 - 0x000001e20c933000 	C:\Program Files\javafx-sdk-18.0.1\bin\api-ms-win-core-processthreads-l1-1-0.dll
0x000001e20c940000 - 0x000001e20c943000 	C:\Program Files\javafx-sdk-18.0.1\bin\api-ms-win-core-processthreads-l1-1-1.dll
0x000001e20c950000 - 0x000001e20c953000 	C:\Program Files\javafx-sdk-18.0.1\bin\api-ms-win-core-profile-l1-1-0.dll
0x000001e20c960000 - 0x000001e20c963000 	C:\Program Files\javafx-sdk-18.0.1\bin\api-ms-win-core-rtlsupport-l1-1-0.dll
0x000001e20c970000 - 0x000001e20c973000 	C:\Program Files\javafx-sdk-18.0.1\bin\api-ms-win-core-string-l1-1-0.dll
0x000001e20c980000 - 0x000001e20c983000 	C:\Program Files\javafx-sdk-18.0.1\bin\api-ms-win-core-synch-l1-1-0.dll
0x000001e20c990000 - 0x000001e20c993000 	C:\Program Files\javafx-sdk-18.0.1\bin\api-ms-win-core-synch-l1-2-0.dll
0x000001e20c9a0000 - 0x000001e20c9a3000 	C:\Program Files\javafx-sdk-18.0.1\bin\api-ms-win-core-sysinfo-l1-1-0.dll
0x000001e20c9b0000 - 0x000001e20c9b3000 	C:\Program Files\javafx-sdk-18.0.1\bin\api-ms-win-core-timezone-l1-1-0.dll
0x000001e20c9c0000 - 0x000001e20c9c3000 	C:\Program Files\javafx-sdk-18.0.1\bin\api-ms-win-core-util-l1-1-0.dll
0x000001e20c9d0000 - 0x000001e20c9d3000 	C:\Program Files\javafx-sdk-18.0.1\bin\api-ms-win-crt-conio-l1-1-0.dll
0x000001e20c9e0000 - 0x000001e20c9e4000 	C:\Program Files\javafx-sdk-18.0.1\bin\api-ms-win-crt-convert-l1-1-0.dll
0x000001e20c9f0000 - 0x000001e20c9f3000 	C:\Program Files\javafx-sdk-18.0.1\bin\api-ms-win-crt-environment-l1-1-0.dll
0x000001e20ca00000 - 0x000001e20ca03000 	C:\Program Files\javafx-sdk-18.0.1\bin\api-ms-win-crt-filesystem-l1-1-0.dll
0x000001e20ca10000 - 0x000001e20ca13000 	C:\Program Files\javafx-sdk-18.0.1\bin\api-ms-win-crt-heap-l1-1-0.dll
0x000001e20ca20000 - 0x000001e20ca23000 	C:\Program Files\javafx-sdk-18.0.1\bin\api-ms-win-crt-locale-l1-1-0.dll
0x000001e20ca30000 - 0x000001e20ca35000 	C:\Program Files\javafx-sdk-18.0.1\bin\api-ms-win-crt-math-l1-1-0.dll
0x000001e20ca40000 - 0x000001e20ca45000 	C:\Program Files\javafx-sdk-18.0.1\bin\api-ms-win-crt-multibyte-l1-1-0.dll
0x000001e20ca50000 - 0x000001e20ca60000 	C:\Program Files\javafx-sdk-18.0.1\bin\api-ms-win-crt-private-l1-1-0.dll
0x000001e20ca60000 - 0x000001e20ca63000 	C:\Program Files\javafx-sdk-18.0.1\bin\api-ms-win-crt-process-l1-1-0.dll
0x000001e20ca70000 - 0x000001e20ca74000 	C:\Program Files\javafx-sdk-18.0.1\bin\api-ms-win-crt-runtime-l1-1-0.dll
0x000001e20ca80000 - 0x000001e20ca84000 	C:\Program Files\javafx-sdk-18.0.1\bin\api-ms-win-crt-stdio-l1-1-0.dll
0x000001e20ca90000 - 0x000001e20ca94000 	C:\Program Files\javafx-sdk-18.0.1\bin\api-ms-win-crt-string-l1-1-0.dll
0x000001e20caa0000 - 0x000001e20caa3000 	C:\Program Files\javafx-sdk-18.0.1\bin\api-ms-win-crt-time-l1-1-0.dll
0x000001e20cab0000 - 0x000001e20cab3000 	C:\Program Files\javafx-sdk-18.0.1\bin\api-ms-win-crt-utility-l1-1-0.dll
0x00007ffaa0210000 - 0x00007ffaa030c000 	C:\Program Files\javafx-sdk-18.0.1\bin\ucrtbase.dll
0x00007ffac7340000 - 0x00007ffac735a000 	C:\Program Files\javafx-sdk-18.0.1\bin\vcruntime140.dll
0x00007ffacce30000 - 0x00007ffacce3c000 	C:\Program Files\javafx-sdk-18.0.1\bin\vcruntime140_1.dll
0x00007ffaa4ef0000 - 0x00007ffaa4f7d000 	C:\Program Files\javafx-sdk-18.0.1\bin\msvcp140.dll
0x00007ffabc2a0000 - 0x00007ffabc2cc000 	C:\Program Files\javafx-sdk-18.0.1\bin\prism_d3d.dll
0x00007ffaa86b0000 - 0x00007ffaa887f000 	C:\WINDOWS\system32\d3d9.dll
0x00007ffad1b60000 - 0x00007ffad1b8f000 	C:\WINDOWS\SYSTEM32\dwmapi.dll
0x00007ffad18d0000 - 0x00007ffad196e000 	C:\WINDOWS\system32\uxtheme.dll
0x00007ffa80220000 - 0x00007ffa80385000 	C:\WINDOWS\System32\DriverStore\FileRepository\iigd_dch.inf_amd64_e6980897e3126266\igdumdim64.dll
0x00007ffad4de0000 - 0x00007ffad4f0a000 	C:\WINDOWS\System32\ole32.dll
0x00007ffa697a0000 - 0x00007ffa6d42b000 	C:\WINDOWS\System32\DriverStore\FileRepository\iigd_dch.inf_amd64_e6980897e3126266\igd9dxva64.dll
0x00007ffad6880000 - 0x00007ffad694d000 	C:\WINDOWS\System32\OLEAUT32.dll
0x00007ffad50e0000 - 0x00007ffad554f000 	C:\WINDOWS\System32\SETUPAPI.dll
0x00007ffad49e0000 - 0x00007ffad4a2e000 	C:\WINDOWS\System32\cfgmgr32.dll
0x00007ffad45d0000 - 0x00007ffad45f7000 	C:\WINDOWS\System32\bcrypt.dll
0x00007ffab3a10000 - 0x00007ffab3d46000 	C:\WINDOWS\System32\DriverStore\FileRepository\iigd_dch.inf_amd64_e6980897e3126266\igdgmm64.dll
0x00007ffaba240000 - 0x00007ffaba282000 	C:\Program Files\javafx-sdk-18.0.1\bin\glass.dll
0x00007ffad6710000 - 0x00007ffad67eb000 	C:\WINDOWS\System32\COMDLG32.dll
0x00007ffad4f90000 - 0x00007ffad50a5000 	C:\WINDOWS\System32\MSCTF.dll
0x00007ffa80000000 - 0x00007ffa80027000 	C:\WINDOWS\System32\DriverStore\FileRepository\iigd_dch.inf_amd64_e6980897e3126266\igdinfo64.dll
0x00007ffad3ca0000 - 0x00007ffad3cb8000 	C:\WINDOWS\SYSTEM32\CRYPTSP.dll
0x00007ffad33c0000 - 0x00007ffad33f4000 	C:\WINDOWS\system32\rsaenh.dll
0x00007ffad3cc0000 - 0x00007ffad3ccc000 	C:\WINDOWS\SYSTEM32\CRYPTBASE.dll
0x00007ffab0c00000 - 0x00007ffab398f000 	C:\WINDOWS\System32\DriverStore\FileRepository\iigd_dch.inf_amd64_e6980897e3126266\igc64.dll
0x00007ffab39d0000 - 0x00007ffab3a0b000 	C:\WINDOWS\SYSTEM32\dxcore.dll
0x00007ffabc2f0000 - 0x00007ffabc304000 	C:\Program Files\javafx-sdk-18.0.1\bin\javafx_font.dll
0x00007ffab6310000 - 0x00007ffab658f000 	C:\WINDOWS\SYSTEM32\dwrite.dll
0x00007ffad6650000 - 0x00007ffad66f9000 	C:\WINDOWS\System32\clbcatq.dll
0x00007ffab8950000 - 0x00007ffab8b04000 	C:\WINDOWS\SYSTEM32\WindowsCodecs.dll
0x00007ffab7050000 - 0x00007ffab708e000 	C:\WINDOWS\system32\dataexchange.dll
0x00007ffad0c00000 - 0x00007ffad0de4000 	C:\WINDOWS\system32\dcomp.dll
0x00007ffacff70000 - 0x00007ffad01d3000 	C:\WINDOWS\system32\d3d11.dll
0x00007ffad2bf0000 - 0x00007ffad2ce3000 	C:\WINDOWS\system32\dxgi.dll
0x00007ffacc6f0000 - 0x00007ffacc8f0000 	C:\WINDOWS\system32\twinapi.appcore.dll
0x00007ffaba5f0000 - 0x00007ffaba624000 	C:\Program Files\Common Files\Microsoft Shared\Ink\rtscom.dll
0x00007ffab8fe0000 - 0x00007ffab90d9000 	C:\WINDOWS\SYSTEM32\textinputframework.dll
0x00007ffad0df0000 - 0x00007ffad114e000 	C:\WINDOWS\System32\CoreUIComponents.dll

dbghelp: loaded successfully - version: 4.0.5 - missing functions: none
symbol engine: initialized successfully - sym options: 0x614 - pdb path: .;C:\Program Files\Java\jdk-18\bin;C:\WINDOWS\SYSTEM32;C:\WINDOWS\WinSxS\amd64_microsoft.windows.common-controls_6595b64144ccf1df_6.0.19041.1110_none_60b5254171f9507e;C:\Program Files\McAfee\Endpoint Security\Threat Prevention\Ips;C:\Program Files\Java\jdk-18\bin\server;C:\Program Files\javafx-sdk-18.0.1\bin;C:\WINDOWS\System32\DriverStore\FileRepository\iigd_dch.inf_amd64_e6980897e3126266;C:\Program Files\Common Files\Microsoft Shared\Ink

VM Arguments:
jvm_args: --module-path=C:\Program Files\javafx-sdk-18.0.1\lib --add-modules=javafx.controls,javafx.fxml -Dfile.encoding=UTF-8 --module-path=C:\Users\Admin\.p2\pool\plugins\org.eclipse.fx.ide.css.jfx8_3.7.0.202010120832.jar;C:\Program Files\javafx-sdk-18.0.1\lib\javafx.base.jar;C:\Program Files\javafx-sdk-18.0.1\lib\javafx.controls.jar;C:\Program Files\javafx-sdk-18.0.1\lib\javafx.fxml.jar;C:\Program Files\javafx-sdk-18.0.1\lib\javafx.graphics.jar;C:\Program Files\javafx-sdk-18.0.1\lib\javafx.media.jar;C:\Program Files\javafx-sdk-18.0.1\lib\javafx.swing.jar;C:\Program Files\javafx-sdk-18.0.1\lib\javafx.web.jar;C:\Program Files\javafx-sdk-18.0.1\lib\javafx-swt.jar -XX:+ShowCodeDetailsInExceptionMessages 
java_command: dsai.piano.view.MainScreen
java_class_path (initial): D:\Programming\OOP\Project\OOP.DSAI.20212.06\sourcecode\bin;C:\Users\Admin\Downloads\jfugue-5.0.9.jar
Launcher Type: SUN_STANDARD

[Global flags]
     intx CICompilerCount                          = 4                                         {product} {ergonomic}
     uint ConcGCThreads                            = 2                                         {product} {ergonomic}
     uint G1ConcRefinementThreads                  = 8                                         {product} {ergonomic}
   size_t G1HeapRegionSize                         = 1048576                                   {product} {ergonomic}
    uintx GCDrainStackTargetSize                   = 64                                        {product} {ergonomic}
   size_t InitialHeapSize                          = 132120576                                 {product} {ergonomic}
   size_t MarkStackSize                            = 4194304                                   {product} {ergonomic}
   size_t MaxHeapSize                              = 2113929216                                {product} {ergonomic}
   size_t MaxNewSize                               = 1267728384                                {product} {ergonomic}
   size_t MinHeapDeltaBytes                        = 1048576                                   {product} {ergonomic}
   size_t MinHeapSize                              = 8388608                                   {product} {ergonomic}
    uintx NonNMethodCodeHeapSize                   = 5839372                                {pd product} {ergonomic}
    uintx NonProfiledCodeHeapSize                  = 122909434                              {pd product} {ergonomic}
    uintx ProfiledCodeHeapSize                     = 122909434                              {pd product} {ergonomic}
    uintx ReservedCodeCacheSize                    = 251658240                              {pd product} {ergonomic}
     bool SegmentedCodeCache                       = true                                      {product} {ergonomic}
     bool ShowCodeDetailsInExceptionMessages       = true                                   {manageable} {command line}
   size_t SoftMaxHeapSize                          = 2113929216                             {manageable} {ergonomic}
     bool UseCompressedClassPointers               = true                           {product lp64_product} {ergonomic}
     bool UseCompressedOops                        = true                           {product lp64_product} {ergonomic}
     bool UseG1GC                                  = true                                      {product} {ergonomic}
     bool UseLargePagesIndividualAllocation        = false                                  {pd product} {ergonomic}

Logging:
Log output configuration:
 #0: stdout all=warning uptime,level,tags foldmultilines=false
 #1: stderr all=off uptime,level,tags foldmultilines=false

Environment Variables:
JAVA_HOME=C:\Program Files\Java\jdk-18
PATH=C:/Program Files/Java/jdk-18/bin/server;C:/Program Files/Java/jdk-18/bin;C:\Program Files\NVIDIA GPU Computing Toolkit\CUDA\v11.2\bin;C:\Program Files\NVIDIA GPU Computing Toolkit\CUDA\v11.2\libnvvp;C:\Program Files\Common Files\Oracle\Java\javapath;C:\Windows\system32;C:\Windows;C:\Windows\System32\Wbem;C:\Windows\System32\WindowsPowerShell\v1.0\;C:\Windows\System32\OpenSSH\;C:\Program Files (x86)\NVIDIA Corporation\PhysX\Common;C:\WINDOWS\system32;C:\WINDOWS;C:\WINDOWS\System32\Wbem;C:\WINDOWS\System32\WindowsPowerShell\v1.0\;C:\WINDOWS\System32\OpenSSH\;C:\Program Files\Git\cmd;C:\Program Files\Java\jdk-18\bin;C:\Program Files\NVIDIA Corporation\Nsight Compute 2020.3.1\;C:\Program Files\NVIDIA Corporation\NVIDIA NvDLISR;C:\Program Files\Microsoft SQL Server\Client SDK\ODBC\170\Tools\Binn\;C:\Program Files (x86)\Microsoft SQL Server\150\Tools\Binn\;C:\Program Files\Microsoft SQL Server\150\Tools\Binn\;C:\Program Files\Microsoft SQL Server\150\DTS\Binn\;C:\Program Files (x86)\Microsoft SQL Server\150\DTS\Binn\;C:\Program Files\Azure Data Studio\bin;C:\Program Files\Cloudflare\Cloudflare WARP\;C:\Users\Admin\AppData\Local\Microsoft\WindowsApps;C:\Program Files\NVIDIA GPU Computing Toolkit\CUDA\v11.2\bin;C:\Program Files\NVIDIA GPU Computing Toolkit\CUDA\v11.2\libnvvp;C:\Program Files\Azure Data Studio\bin;C:\WINDOWS\system32;
USERNAME=Admin
OS=Windows_NT
PROCESSOR_IDENTIFIER=Intel64 Family 6 Model 165 Stepping 2, GenuineIntel



---------------  S Y S T E M  ---------------

OS:
 Windows 10 , 64 bit Build 19041 (10.0.19041.1741)
OS uptime: 25 days 11:40 hours

CPU: total 8 (initial active 8) (4 cores per cpu, 2 threads per core) family 6 model 165 stepping 2 microcode 0xea, cx8, cmov, fxsr, ht, mmx, 3dnowpref, sse, sse2, sse3, ssse3, sse4.1, sse4.2, popcnt, lzcnt, tsc, tscinvbit, avx, avx2, aes, erms, clmul, bmi1, bmi2, adx, fma, vzeroupper, clflush, clflushopt

Memory: 4k page, system-wide physical 8059M (534M free)
TotalPageFile size 32635M (AvailPageFile size 5M)
current process WorkingSet (physical memory assigned to process): 210M, peak: 211M
current process commit charge ("private bytes"): 307M, peak: 308M

vm_info: Java HotSpot(TM) 64-Bit Server VM (18+36-2087) for windows-amd64 JRE (18+36-2087), built on Feb 15 2022 09:43:11 by "mach5one" with MS VC++ 16.8 / 16.9 (VS2019)

END.
