#
# There is insufficient memory for the Java Runtime Environment to continue.
# Native memory allocation (mmap) failed to map 124780544 bytes for G1 virtual space
# Possible reasons:
#   The system is out of physical RAM or swap space
#   The process is running with CompressedOops enabled, and the Java Heap may be blocking the growth of the native heap
# Possible solutions:
#   Reduce memory load on the system
#   Increase physical memory or swap space
#   Check if swap backing store is full
#   Decrease Java heap size (-Xmx/-Xms)
#   Decrease number of Java threads
#   Decrease Java thread stack sizes (-Xss)
#   Set larger code cache with -XX:ReservedCodeCacheSize=
#   JVM is running with Unscaled Compressed Oops mode in which the Java heap is
#     placed in the first 4GB address space. The Java Heap base address is the
#     maximum limit for the native heap growth. Please use -XX:HeapBaseMinAddress
#     to set the Java Heap base and to place the Java Heap above 4GB virtual address.
# This output file may be truncated or incomplete.
#
#  Out of Memory Error (os_windows.cpp:3530), pid=28848, tid=4492
#
# JRE version: Java(TM) SE Runtime Environment (18.0+36) (build 18+36-2087)
# Java VM: Java HotSpot(TM) 64-Bit Server VM (18+36-2087, mixed mode, sharing, tiered, compressed oops, compressed class ptrs, g1 gc, windows-amd64)
# No core dump will be written. Minidumps are not enabled by default on client versions of Windows
#

---------------  S U M M A R Y ------------

Command Line: --module-path=C:\Program Files\javafx-sdk-18.0.1\lib --add-modules=javafx.controls,javafx.fxml -Dfile.encoding=UTF-8 --module-path=C:\Users\Admin\.p2\pool\plugins\org.eclipse.fx.ide.css.jfx8_3.7.0.202010120832.jar;C:\Program Files\javafx-sdk-18.0.1\lib\javafx.base.jar;C:\Program Files\javafx-sdk-18.0.1\lib\javafx.controls.jar;C:\Program Files\javafx-sdk-18.0.1\lib\javafx.fxml.jar;C:\Program Files\javafx-sdk-18.0.1\lib\javafx.graphics.jar;C:\Program Files\javafx-sdk-18.0.1\lib\javafx.media.jar;C:\Program Files\javafx-sdk-18.0.1\lib\javafx.swing.jar;C:\Program Files\javafx-sdk-18.0.1\lib\javafx.web.jar;C:\Program Files\javafx-sdk-18.0.1\lib\javafx-swt.jar -XX:+ShowCodeDetailsInExceptionMessages dsai.piano.view.MainScreen

Host: Intel(R) Core(TM) i5-10300H CPU @ 2.50GHz, 8 cores, 7G,  Windows 10 , 64 bit Build 19041 (10.0.19041.1741)
Time: Fri Jul 15 13:56:37 2022 SE Asia Standard Time elapsed time: 4.296823 seconds (0d 0h 0m 4s)

---------------  T H R E A D  ---------------

Current thread (0x000001e2ab309060):  VMThread "VM Thread" [stack: 0x0000001471800000,0x0000001471900000] [id=4492]

Stack: [0x0000001471800000,0x0000001471900000]
Native frames: (J=compiled Java code, j=interpreted, Vv=VM code, C=native code)
V  [jvm.dll+0x69804a]
V  [jvm.dll+0x7f308d]
V  [jvm.dll+0x7f499e]
V  [jvm.dll+0x7f5053]
V  [jvm.dll+0x25ca3f]
V  [jvm.dll+0x694f99]
V  [jvm.dll+0x689aca]
V  [jvm.dll+0x321efb]
V  [jvm.dll+0x3298d6]
V  [jvm.dll+0x37e47e]
V  [jvm.dll+0x37e6af]
V  [jvm.dll+0x2f9c7a]
V  [jvm.dll+0x2fca76]
V  [jvm.dll+0x306ee5]
V  [jvm.dll+0x33bff0]
V  [jvm.dll+0x7f9e3b]
V  [jvm.dll+0x7fabd4]
V  [jvm.dll+0x7fb10c]
V  [jvm.dll+0x7fb564]
V  [jvm.dll+0x7fb627]
V  [jvm.dll+0x79fbba]
V  [jvm.dll+0x696ef5]
C  [ucrtbase.dll+0x21bb2]
C  [KERNEL32.DLL+0x17034]
C  [ntdll.dll+0x52651]

VM_Operation (0x00000014714ff900): G1Concurrent, mode: safepoint, requested by thread 0x000001e28d2714e0


---------------  P R O C E S S  ---------------

Threads class SMR info:
_java_thread_list=0x000001e2b85c50c0, length=22, elements={
0x000001e28d201c30, 0x000001e2ab30d800, 0x000001e2ab310360, 0x000001e2ab329920,
0x000001e2ab32b2d0, 0x000001e2ab32bc70, 0x000001e2ab32c610, 0x000001e2ab32d2e0,
0x000001e2ab347f10, 0x000001e2ab363070, 0x000001e2af53a0c0, 0x000001e2afe485d0,
0x000001e2afd3a330, 0x000001e2afb54f50, 0x000001e2afc15d20, 0x000001e2aff64700,
0x000001e2aff5d0c0, 0x000001e2b4be2d60, 0x000001e2b4c2adf0, 0x000001e2b4c2a920,
0x000001e2b4c2de10, 0x000001e2b4c127d0
}

Java Threads: ( => current thread )
  0x000001e28d201c30 JavaThread "main" [_thread_blocked, id=11452, stack(0x0000001471200000,0x0000001471300000)]
  0x000001e2ab30d800 JavaThread "Reference Handler" daemon [_thread_blocked, id=7068, stack(0x0000001471900000,0x0000001471a00000)]
  0x000001e2ab310360 JavaThread "Finalizer" daemon [_thread_blocked, id=15104, stack(0x0000001471a00000,0x0000001471b00000)]
  0x000001e2ab329920 JavaThread "Signal Dispatcher" daemon [_thread_blocked, id=23988, stack(0x0000001471b00000,0x0000001471c00000)]
  0x000001e2ab32b2d0 JavaThread "Attach Listener" daemon [_thread_blocked, id=17284, stack(0x0000001471c00000,0x0000001471d00000)]
  0x000001e2ab32bc70 JavaThread "Service Thread" daemon [_thread_blocked, id=14360, stack(0x0000001471d00000,0x0000001471e00000)]
  0x000001e2ab32c610 JavaThread "Monitor Deflation Thread" daemon [_thread_blocked, id=14588, stack(0x0000001471e00000,0x0000001471f00000)]
  0x000001e2ab32d2e0 JavaThread "C2 CompilerThread0" daemon [_thread_blocked, id=3672, stack(0x0000001471f00000,0x0000001472000000)]
  0x000001e2ab347f10 JavaThread "C1 CompilerThread0" daemon [_thread_blocked, id=32044, stack(0x0000001472000000,0x0000001472100000)]
  0x000001e2ab363070 JavaThread "Sweeper thread" daemon [_thread_blocked, id=14096, stack(0x0000001472100000,0x0000001472200000)]
  0x000001e2af53a0c0 JavaThread "Common-Cleaner" daemon [_thread_blocked, id=20260, stack(0x0000001472200000,0x0000001472300000)]
  0x000001e2afe485d0 JavaThread "Notification Thread" daemon [_thread_blocked, id=11404, stack(0x0000001472500000,0x0000001472600000)]
  0x000001e2afd3a330 JavaThread "QuantumRenderer-0" daemon [_thread_blocked, id=29088, stack(0x0000001472700000,0x0000001472800000)]
  0x000001e2afb54f50 JavaThread "InvokeLaterDispatcher" daemon [_thread_blocked, id=30332, stack(0x0000001472800000,0x0000001472900000)]
  0x000001e2afc15d20 JavaThread "JavaFX Application Thread" [_thread_blocked, id=628, stack(0x0000001472900000,0x0000001472a00000)]
  0x000001e2aff64700 JavaThread "JavaFX-Launcher" [_thread_blocked, id=26332, stack(0x0000001472d00000,0x0000001472e00000)]
  0x000001e2aff5d0c0 JavaThread "Thread-2" daemon [_thread_blocked, id=32740, stack(0x0000001472400000,0x0000001472500000)]
  0x000001e2b4be2d60 JavaThread "Prism Font Disposer" daemon [_thread_blocked, id=29408, stack(0x0000001472300000,0x0000001472400000)]
  0x000001e2b4c2adf0 JavaThread "Java Sound Event Dispatcher" daemon [_thread_blocked, id=27832, stack(0x0000001473900000,0x0000001473a00000)]
  0x000001e2b4c2a920 JavaThread "JitterCorrector" daemon [_thread_blocked, id=13840, stack(0x0000001473e00000,0x0000001473f00000)]
  0x000001e2b4c2de10 JavaThread "AudioPusher" daemon [_thread_blocked, id=31824, stack(0x0000001473f00000,0x0000001474000000)]
  0x000001e2b4c127d0 JavaThread "Thread-3" [_thread_blocked, id=24536, stack(0x0000001474000000,0x0000001474100000)]

Other Threads:
=>0x000001e2ab309060 VMThread "VM Thread" [stack: 0x0000001471800000,0x0000001471900000] [id=4492]
  0x000001e2afd3b670 WatcherThread "VM Periodic Task Thread" [stack: 0x0000001472600000,0x0000001472700000] [id=11332]
  0x000001e28d2609b0 WorkerThread "GC Thread#0" [stack: 0x0000001471300000,0x0000001471400000] [id=30460]
  0x000001e2afeea580 WorkerThread "GC Thread#1" [stack: 0x0000001472e00000,0x0000001472f00000] [id=31352]
  0x000001e2afee8de0 WorkerThread "GC Thread#2" [stack: 0x0000001472f00000,0x0000001473000000] [id=11132]
  0x000001e2afee9080 WorkerThread "GC Thread#3" [stack: 0x0000001473000000,0x0000001473100000] [id=26604]
  0x000001e2b0044060 WorkerThread "GC Thread#4" [stack: 0x0000001473100000,0x0000001473200000] [id=15900]
  0x000001e2b00445a0 WorkerThread "GC Thread#5" [stack: 0x0000001473200000,0x0000001473300000] [id=15348]
  0x000001e2b0046fa0 WorkerThread "GC Thread#6" [stack: 0x0000001473a00000,0x0000001473b00000] [id=33200]
  0x000001e2b0047780 WorkerThread "GC Thread#7" [stack: 0x0000001473b00000,0x0000001473c00000] [id=15800]
  0x000001e28d2714e0 ConcurrentGCThread "G1 Main Marker" [stack: 0x0000001471400000,0x0000001471500000] [id=15208]
  0x000001e28d271ed0 WorkerThread "G1 Conc#0" [stack: 0x0000001471500000,0x0000001471600000] [id=32088]
  0x000001e2b8723310 WorkerThread "G1 Conc#1" [stack: 0x0000001474600000,0x0000001474700000] [id=30108]
  0x000001e28d2ae290 ConcurrentGCThread "G1 Refine#0" [stack: 0x0000001471600000,0x0000001471700000] [id=27552]
  0x000001e2b4c09980 ConcurrentGCThread "G1 Refine#1" [stack: 0x0000001474300000,0x0000001474400000] [id=18224]
  0x000001e2b4c09c50 ConcurrentGCThread "G1 Refine#2" [stack: 0x0000001474400000,0x0000001474500000] [id=19084]
  0x000001e2b4c085d0 ConcurrentGCThread "G1 Refine#3" [stack: 0x0000001474500000,0x0000001474600000] [id=18160]
  0x000001e28d2aeba0 ConcurrentGCThread "G1 Service" [stack: 0x0000001471700000,0x0000001471800000] [id=31912]

Threads with active compile tasks:

VM state: at safepoint (normal execution)

VM Mutex/Monitor currently owned by a thread:  ([mutex/lock_event])
[0x000001e28d1fba60] Threads_lock - owner thread: 0x000001e2ab309060
[0x000001e28d1fbee0] Heap_lock - owner thread: 0x000001e28d2714e0

Heap address: 0x0000000082000000, size: 2016 MB, Compressed Oops mode: 32-bit

CDS archive(s) mapped at: [0x0000000800000000-0x0000000800ba0000-0x0000000800ba0000), size 12189696, SharedBaseAddress: 0x0000000800000000, ArchiveRelocationMode: 0.
Compressed class space mapped at: 0x0000000800c00000-0x0000000840c00000, reserved size: 1073741824
Narrow klass base: 0x0000000800000000, Narrow klass shift: 0, Narrow klass range: 0x100000000

GC Precious Log:
 CardTable entry size: 512
 Card Set container configuration: InlinePtr #cards 5 size 8 Array Of Cards #cards 12 size 40 Howl #buckets 4 coarsen threshold 1843 Howl Bitmap #cards 512 size 80 coarsen threshold 460 Card regions per heap region 1 cards per card region 2048
 CPUs: 8 total, 8 available
 Memory: 8059M
 Large Page Support: Disabled
 NUMA Support: Disabled
 Compressed Oops: Enabled (32-bit)
 Heap Region Size: 1M
 Heap Min Capacity: 8M
 Heap Initial Capacity: 126M
 Heap Max Capacity: 2016M
 Pre-touch: Disabled
 Parallel Workers: 8
 Concurrent Workers: 2
 Concurrent Refinement Workers: 8
 Periodic GC: Disabled

Heap:
 garbage-first heap   total 194560K, used 186852K [0x0000000082000000, 0x0000000100000000)
  region size 1024K, 2 young (2048K), 1 survivors (1024K)
 Metaspace       used 16299K, committed 16640K, reserved 1114112K
  class space    used 2217K, committed 2432K, reserved 1048576K

Heap Regions: E=young(eden), S=young(survivor), O=old, HS=humongous(starts), HC=humongous(continues), CS=collection set, F=free, OA=open archive, CA=closed archive, TAMS=top-at-mark-start (previous, next)
|   0|0x0000000082000000, 0x0000000082000000, 0x0000000082100000|  0%| F|  |TAMS 0x0000000082000000, 0x0000000082000000| Untracked 
|   1|0x0000000082100000, 0x0000000082200000, 0x0000000082200000|100%|HS|  |TAMS 0x0000000082200000, 0x0000000082100000| Complete 
|   2|0x0000000082200000, 0x0000000082300000, 0x0000000082300000|100%|HC|  |TAMS 0x0000000082300000, 0x0000000082200000| Complete 
|   3|0x0000000082300000, 0x0000000082400000, 0x0000000082400000|100%|HC|  |TAMS 0x0000000082400000, 0x0000000082300000| Complete 
|   4|0x0000000082400000, 0x0000000082500000, 0x0000000082500000|100%|HC|  |TAMS 0x0000000082500000, 0x0000000082400000| Complete 
|   5|0x0000000082500000, 0x0000000082600000, 0x0000000082600000|100%| O|  |TAMS 0x0000000082600000, 0x0000000082500000| Untracked 
|   6|0x0000000082600000, 0x0000000082700000, 0x0000000082700000|100%| O|  |TAMS 0x0000000082700000, 0x0000000082600000| Untracked 
|   7|0x0000000082700000, 0x0000000082800000, 0x0000000082800000|100%| O|  |TAMS 0x0000000082800000, 0x0000000082700000| Untracked 
|   8|0x0000000082800000, 0x0000000082900000, 0x0000000082900000|100%| O|  |TAMS 0x0000000082900000, 0x0000000082800000| Untracked 
|   9|0x0000000082900000, 0x0000000082a00000, 0x0000000082a00000|100%| O|  |TAMS 0x0000000082a00000, 0x0000000082900000| Untracked 
|  10|0x0000000082a00000, 0x0000000082b00000, 0x0000000082b00000|100%| O|  |TAMS 0x0000000082b00000, 0x0000000082a00000| Untracked 
|  11|0x0000000082b00000, 0x0000000082c00000, 0x0000000082c00000|100%| O|  |TAMS 0x0000000082c00000, 0x0000000082b00000| Untracked 
|  12|0x0000000082c00000, 0x0000000082d00000, 0x0000000082d00000|100%| O|  |TAMS 0x0000000082d00000, 0x0000000082c00000| Untracked 
|  13|0x0000000082d00000, 0x0000000082e00000, 0x0000000082e00000|100%| O|  |TAMS 0x0000000082e00000, 0x0000000082d00000| Untracked 
|  14|0x0000000082e00000, 0x0000000082f00000, 0x0000000082f00000|100%|HS|  |TAMS 0x0000000082f00000, 0x0000000082e00000| Complete 
|  15|0x0000000082f00000, 0x0000000083000000, 0x0000000083000000|100%|HC|  |TAMS 0x0000000083000000, 0x0000000082f00000| Complete 
|  16|0x0000000083000000, 0x0000000083100000, 0x0000000083100000|100%|HS|  |TAMS 0x0000000083100000, 0x0000000083000000| Complete 
|  17|0x0000000083100000, 0x0000000083200000, 0x0000000083200000|100%|HC|  |TAMS 0x0000000083200000, 0x0000000083100000| Complete 
|  18|0x0000000083200000, 0x0000000083300000, 0x0000000083300000|100%|HS|  |TAMS 0x0000000083300000, 0x0000000083200000| Complete 
|  19|0x0000000083300000, 0x0000000083400000, 0x0000000083400000|100%|HC|  |TAMS 0x0000000083400000, 0x0000000083300000| Complete 
|  20|0x0000000083400000, 0x0000000083500000, 0x0000000083500000|100%|HS|  |TAMS 0x0000000083500000, 0x0000000083400000| Complete 
|  21|0x0000000083500000, 0x0000000083600000, 0x0000000083600000|100%|HC|  |TAMS 0x0000000083600000, 0x0000000083500000| Complete 
|  22|0x0000000083600000, 0x0000000083700000, 0x0000000083700000|100%|HS|  |TAMS 0x0000000083700000, 0x0000000083600000| Complete 
|  23|0x0000000083700000, 0x0000000083800000, 0x0000000083800000|100%|HC|  |TAMS 0x0000000083800000, 0x0000000083700000| Complete 
|  24|0x0000000083800000, 0x0000000083900000, 0x0000000083900000|100%|HS|  |TAMS 0x0000000083900000, 0x0000000083800000| Complete 
|  25|0x0000000083900000, 0x0000000083a00000, 0x0000000083a00000|100%|HC|  |TAMS 0x0000000083a00000, 0x0000000083900000| Complete 
|  26|0x0000000083a00000, 0x0000000083b00000, 0x0000000083b00000|100%|HS|  |TAMS 0x0000000083b00000, 0x0000000083a00000| Complete 
|  27|0x0000000083b00000, 0x0000000083c00000, 0x0000000083c00000|100%|HC|  |TAMS 0x0000000083c00000, 0x0000000083b00000| Complete 
|  28|0x0000000083c00000, 0x0000000083d00000, 0x0000000083d00000|100%|HS|  |TAMS 0x0000000083d00000, 0x0000000083c00000| Complete 
|  29|0x0000000083d00000, 0x0000000083e00000, 0x0000000083e00000|100%|HC|  |TAMS 0x0000000083e00000, 0x0000000083d00000| Complete 
|  30|0x0000000083e00000, 0x0000000083f00000, 0x0000000083f00000|100%|HS|  |TAMS 0x0000000083f00000, 0x0000000083e00000| Complete 
|  31|0x0000000083f00000, 0x0000000084000000, 0x0000000084000000|100%|HC|  |TAMS 0x0000000084000000, 0x0000000083f00000| Complete 
|  32|0x0000000084000000, 0x0000000084100000, 0x0000000084100000|100%|HS|  |TAMS 0x0000000084100000, 0x0000000084000000| Complete 
|  33|0x0000000084100000, 0x0000000084200000, 0x0000000084200000|100%|HC|  |TAMS 0x0000000084200000, 0x0000000084100000| Complete 
|  34|0x0000000084200000, 0x0000000084300000, 0x0000000084300000|100%|HS|  |TAMS 0x0000000084300000, 0x0000000084200000| Complete 
|  35|0x0000000084300000, 0x0000000084400000, 0x0000000084400000|100%|HC|  |TAMS 0x0000000084400000, 0x0000000084300000| Complete 
|  36|0x0000000084400000, 0x0000000084500000, 0x0000000084500000|100%|HS|  |TAMS 0x0000000084500000, 0x0000000084400000| Complete 
|  37|0x0000000084500000, 0x0000000084600000, 0x0000000084600000|100%|HC|  |TAMS 0x0000000084600000, 0x0000000084500000| Complete 
|  38|0x0000000084600000, 0x0000000084700000, 0x0000000084700000|100%|HS|  |TAMS 0x0000000084700000, 0x0000000084600000| Complete 
|  39|0x0000000084700000, 0x0000000084800000, 0x0000000084800000|100%|HC|  |TAMS 0x0000000084800000, 0x0000000084700000| Complete 
|  40|0x0000000084800000, 0x0000000084900000, 0x0000000084900000|100%|HS|  |TAMS 0x0000000084900000, 0x0000000084800000| Complete 
|  41|0x0000000084900000, 0x0000000084a00000, 0x0000000084a00000|100%|HC|  |TAMS 0x0000000084a00000, 0x0000000084900000| Complete 
|  42|0x0000000084a00000, 0x0000000084b00000, 0x0000000084b00000|100%|HS|  |TAMS 0x0000000084b00000, 0x0000000084a00000| Complete 
|  43|0x0000000084b00000, 0x0000000084c00000, 0x0000000084c00000|100%|HC|  |TAMS 0x0000000084c00000, 0x0000000084b00000| Complete 
|  44|0x0000000084c00000, 0x0000000084d00000, 0x0000000084d00000|100%|HS|  |TAMS 0x0000000084d00000, 0x0000000084c00000| Complete 
|  45|0x0000000084d00000, 0x0000000084e00000, 0x0000000084e00000|100%|HC|  |TAMS 0x0000000084e00000, 0x0000000084d00000| Complete 
|  46|0x0000000084e00000, 0x0000000084f00000, 0x0000000084f00000|100%|HS|  |TAMS 0x0000000084f00000, 0x0000000084e00000| Complete 
|  47|0x0000000084f00000, 0x0000000085000000, 0x0000000085000000|100%|HC|  |TAMS 0x0000000085000000, 0x0000000084f00000| Complete 
|  48|0x0000000085000000, 0x0000000085100000, 0x0000000085100000|100%| O|  |TAMS 0x0000000085100000, 0x0000000085000000| Untracked 
|  49|0x0000000085100000, 0x0000000085200000, 0x0000000085200000|100%|HS|  |TAMS 0x0000000085200000, 0x0000000085100000| Complete 
|  50|0x0000000085200000, 0x0000000085300000, 0x0000000085300000|100%|HC|  |TAMS 0x0000000085300000, 0x0000000085200000| Complete 
|  51|0x0000000085300000, 0x0000000085400000, 0x0000000085400000|100%|HS|  |TAMS 0x0000000085400000, 0x0000000085300000| Complete 
|  52|0x0000000085400000, 0x0000000085500000, 0x0000000085500000|100%|HC|  |TAMS 0x0000000085500000, 0x0000000085400000| Complete 
|  53|0x0000000085500000, 0x0000000085600000, 0x0000000085600000|100%|HS|  |TAMS 0x0000000085600000, 0x0000000085500000| Complete 
|  54|0x0000000085600000, 0x0000000085700000, 0x0000000085700000|100%|HC|  |TAMS 0x0000000085700000, 0x0000000085600000| Complete 
|  55|0x0000000085700000, 0x0000000085800000, 0x0000000085800000|100%|HS|  |TAMS 0x0000000085800000, 0x0000000085700000| Complete 
|  56|0x0000000085800000, 0x0000000085900000, 0x0000000085900000|100%|HC|  |TAMS 0x0000000085900000, 0x0000000085800000| Complete 
|  57|0x0000000085900000, 0x0000000085a00000, 0x0000000085a00000|100%| O|  |TAMS 0x0000000085a00000, 0x0000000085900000| Untracked 
|  58|0x0000000085a00000, 0x0000000085b00000, 0x0000000085b00000|100%|HS|  |TAMS 0x0000000085b00000, 0x0000000085a00000| Complete 
|  59|0x0000000085b00000, 0x0000000085c00000, 0x0000000085c00000|100%|HC|  |TAMS 0x0000000085c00000, 0x0000000085b00000| Complete 
|  60|0x0000000085c00000, 0x0000000085d00000, 0x0000000085d00000|100%|HS|  |TAMS 0x0000000085d00000, 0x0000000085c00000| Complete 
|  61|0x0000000085d00000, 0x0000000085e00000, 0x0000000085e00000|100%|HC|  |TAMS 0x0000000085e00000, 0x0000000085d00000| Complete 
|  62|0x0000000085e00000, 0x0000000085f00000, 0x0000000085f00000|100%|HS|  |TAMS 0x0000000085f00000, 0x0000000085e00000| Complete 
|  63|0x0000000085f00000, 0x0000000086000000, 0x0000000086000000|100%|HC|  |TAMS 0x0000000086000000, 0x0000000085f00000| Complete 
|  64|0x0000000086000000, 0x0000000086100000, 0x0000000086100000|100%|HS|  |TAMS 0x0000000086100000, 0x0000000086000000| Complete 
|  65|0x0000000086100000, 0x0000000086200000, 0x0000000086200000|100%|HC|  |TAMS 0x0000000086200000, 0x0000000086100000| Complete 
|  66|0x0000000086200000, 0x0000000086300000, 0x0000000086300000|100%| O|  |TAMS 0x0000000086300000, 0x0000000086200000| Untracked 
|  67|0x0000000086300000, 0x0000000086400000, 0x0000000086400000|100%| O|  |TAMS 0x0000000086400000, 0x0000000086300000| Untracked 
|  68|0x0000000086400000, 0x0000000086500000, 0x0000000086500000|100%| O|  |TAMS 0x0000000086500000, 0x0000000086400000| Untracked 
|  69|0x0000000086500000, 0x0000000086600000, 0x0000000086600000|100%| O|  |TAMS 0x0000000086600000, 0x0000000086500000| Untracked 
|  70|0x0000000086600000, 0x0000000086700000, 0x0000000086700000|100%| O|  |TAMS 0x0000000086700000, 0x0000000086600000| Untracked 
|  71|0x0000000086700000, 0x0000000086800000, 0x0000000086800000|100%| O|  |TAMS 0x0000000086800000, 0x0000000086700000| Untracked 
|  72|0x0000000086800000, 0x0000000086900000, 0x0000000086900000|100%| O|  |TAMS 0x0000000086900000, 0x0000000086800000| Untracked 
|  73|0x0000000086900000, 0x0000000086a00000, 0x0000000086a00000|100%| O|  |TAMS 0x0000000086a00000, 0x0000000086900000| Updating 
|  74|0x0000000086a00000, 0x0000000086b00000, 0x0000000086b00000|100%|HS|  |TAMS 0x0000000086b00000, 0x0000000086a00000| Complete 
|  75|0x0000000086b00000, 0x0000000086c00000, 0x0000000086c00000|100%|HC|  |TAMS 0x0000000086c00000, 0x0000000086b00000| Complete 
|  76|0x0000000086c00000, 0x0000000086d00000, 0x0000000086d00000|100%|HS|  |TAMS 0x0000000086d00000, 0x0000000086c00000| Complete 
|  77|0x0000000086d00000, 0x0000000086e00000, 0x0000000086e00000|100%|HC|  |TAMS 0x0000000086e00000, 0x0000000086d00000| Complete 
|  78|0x0000000086e00000, 0x0000000086f00000, 0x0000000086f00000|100%|HS|  |TAMS 0x0000000086f00000, 0x0000000086e00000| Complete 
|  79|0x0000000086f00000, 0x0000000087000000, 0x0000000087000000|100%|HC|  |TAMS 0x0000000087000000, 0x0000000086f00000| Complete 
|  80|0x0000000087000000, 0x0000000087100000, 0x0000000087100000|100%|HS|  |TAMS 0x0000000087100000, 0x0000000087000000| Complete 
|  81|0x0000000087100000, 0x0000000087200000, 0x0000000087200000|100%|HC|  |TAMS 0x0000000087200000, 0x0000000087100000| Complete 
|  82|0x0000000087200000, 0x0000000087300000, 0x0000000087300000|100%|HS|  |TAMS 0x0000000087300000, 0x0000000087200000| Complete 
|  83|0x0000000087300000, 0x0000000087400000, 0x0000000087400000|100%|HC|  |TAMS 0x0000000087400000, 0x0000000087300000| Complete 
|  84|0x0000000087400000, 0x0000000087500000, 0x0000000087500000|100%|HS|  |TAMS 0x0000000087500000, 0x0000000087400000| Complete 
|  85|0x0000000087500000, 0x0000000087600000, 0x0000000087600000|100%|HC|  |TAMS 0x0000000087600000, 0x0000000087500000| Complete 
|  86|0x0000000087600000, 0x0000000087700000, 0x0000000087700000|100%|HS|  |TAMS 0x0000000087700000, 0x0000000087600000| Complete 
|  87|0x0000000087700000, 0x0000000087800000, 0x0000000087800000|100%|HC|  |TAMS 0x0000000087800000, 0x0000000087700000| Complete 
|  88|0x0000000087800000, 0x0000000087900000, 0x0000000087900000|100%|HS|  |TAMS 0x0000000087900000, 0x0000000087800000| Complete 
|  89|0x0000000087900000, 0x0000000087a00000, 0x0000000087a00000|100%|HC|  |TAMS 0x0000000087a00000, 0x0000000087900000| Complete 
|  90|0x0000000087a00000, 0x0000000087b00000, 0x0000000087b00000|100%|HS|  |TAMS 0x0000000087b00000, 0x0000000087a00000| Complete 
|  91|0x0000000087b00000, 0x0000000087c00000, 0x0000000087c00000|100%|HC|  |TAMS 0x0000000087c00000, 0x0000000087b00000| Complete 
|  92|0x0000000087c00000, 0x0000000087d00000, 0x0000000087d00000|100%|HS|  |TAMS 0x0000000087d00000, 0x0000000087c00000| Complete 
|  93|0x0000000087d00000, 0x0000000087e00000, 0x0000000087e00000|100%|HC|  |TAMS 0x0000000087e00000, 0x0000000087d00000| Complete 
|  94|0x0000000087e00000, 0x0000000087f00000, 0x0000000087f00000|100%|HS|  |TAMS 0x0000000087f00000, 0x0000000087e00000| Complete 
|  95|0x0000000087f00000, 0x0000000088000000, 0x0000000088000000|100%|HC|  |TAMS 0x0000000088000000, 0x0000000087f00000| Complete 
|  96|0x0000000088000000, 0x0000000088000000, 0x0000000088100000|  0%| F|  |TAMS 0x0000000088000000, 0x0000000088000000| Untracked 
|  97|0x0000000088100000, 0x0000000088200000, 0x0000000088200000|100%|HS|  |TAMS 0x0000000088200000, 0x0000000088100000| Complete 
|  98|0x0000000088200000, 0x0000000088300000, 0x0000000088300000|100%|HC|  |TAMS 0x0000000088300000, 0x0000000088200000| Complete 
|  99|0x0000000088300000, 0x0000000088400000, 0x0000000088400000|100%|HS|  |TAMS 0x0000000088400000, 0x0000000088300000| Complete 
| 100|0x0000000088400000, 0x0000000088500000, 0x0000000088500000|100%|HC|  |TAMS 0x0000000088500000, 0x0000000088400000| Complete 
| 101|0x0000000088500000, 0x0000000088600000, 0x0000000088600000|100%|HS|  |TAMS 0x0000000088600000, 0x0000000088500000| Complete 
| 102|0x0000000088600000, 0x0000000088700000, 0x0000000088700000|100%|HC|  |TAMS 0x0000000088700000, 0x0000000088600000| Complete 
| 103|0x0000000088700000, 0x0000000088800000, 0x0000000088800000|100%|HS|  |TAMS 0x0000000088800000, 0x0000000088700000| Complete 
| 104|0x0000000088800000, 0x0000000088900000, 0x0000000088900000|100%|HC|  |TAMS 0x0000000088900000, 0x0000000088800000| Complete 
| 105|0x0000000088900000, 0x0000000088a00000, 0x0000000088a00000|100%|HS|  |TAMS 0x0000000088a00000, 0x0000000088900000| Complete 
| 106|0x0000000088a00000, 0x0000000088b00000, 0x0000000088b00000|100%|HC|  |TAMS 0x0000000088b00000, 0x0000000088a00000| Complete 
| 107|0x0000000088b00000, 0x0000000088c00000, 0x0000000088c00000|100%|HS|  |TAMS 0x0000000088c00000, 0x0000000088b00000| Complete 
| 108|0x0000000088c00000, 0x0000000088d00000, 0x0000000088d00000|100%|HC|  |TAMS 0x0000000088d00000, 0x0000000088c00000| Complete 
| 109|0x0000000088d00000, 0x0000000088e00000, 0x0000000088e00000|100%|HS|  |TAMS 0x0000000088e00000, 0x0000000088d00000| Complete 
| 110|0x0000000088e00000, 0x0000000088f00000, 0x0000000088f00000|100%|HC|  |TAMS 0x0000000088f00000, 0x0000000088e00000| Complete 
| 111|0x0000000088f00000, 0x0000000089000000, 0x0000000089000000|100%|HS|  |TAMS 0x0000000089000000, 0x0000000088f00000| Complete 
| 112|0x0000000089000000, 0x0000000089100000, 0x0000000089100000|100%|HC|  |TAMS 0x0000000089100000, 0x0000000089000000| Complete 
| 113|0x0000000089100000, 0x0000000089200000, 0x0000000089200000|100%|HS|  |TAMS 0x0000000089200000, 0x0000000089100000| Complete 
| 114|0x0000000089200000, 0x0000000089300000, 0x0000000089300000|100%|HC|  |TAMS 0x0000000089300000, 0x0000000089200000| Complete 
| 115|0x0000000089300000, 0x0000000089400000, 0x0000000089400000|100%|HS|  |TAMS 0x0000000089400000, 0x0000000089300000| Complete 
| 116|0x0000000089400000, 0x0000000089500000, 0x0000000089500000|100%|HC|  |TAMS 0x0000000089500000, 0x0000000089400000| Complete 
| 117|0x0000000089500000, 0x0000000089600000, 0x0000000089600000|100%|HS|  |TAMS 0x0000000089600000, 0x0000000089500000| Complete 
| 118|0x0000000089600000, 0x0000000089700000, 0x0000000089700000|100%|HC|  |TAMS 0x0000000089700000, 0x0000000089600000| Complete 
| 119|0x0000000089700000, 0x0000000089800000, 0x0000000089800000|100%|HS|  |TAMS 0x0000000089800000, 0x0000000089700000| Complete 
| 120|0x0000000089800000, 0x0000000089900000, 0x0000000089900000|100%|HC|  |TAMS 0x0000000089900000, 0x0000000089800000| Complete 
| 121|0x0000000089900000, 0x0000000089a00000, 0x0000000089a00000|100%|HS|  |TAMS 0x0000000089a00000, 0x0000000089900000| Complete 
| 122|0x0000000089a00000, 0x0000000089b00000, 0x0000000089b00000|100%|HC|  |TAMS 0x0000000089b00000, 0x0000000089a00000| Complete 
| 123|0x0000000089b00000, 0x0000000089c00000, 0x0000000089c00000|100%|HS|  |TAMS 0x0000000089c00000, 0x0000000089b00000| Complete 
| 124|0x0000000089c00000, 0x0000000089d00000, 0x0000000089d00000|100%|HC|  |TAMS 0x0000000089d00000, 0x0000000089c00000| Complete 
| 125|0x0000000089d00000, 0x0000000089d00000, 0x0000000089e00000|  0%| F|  |TAMS 0x0000000089d00000, 0x0000000089d00000| Untracked 
| 126|0x0000000089e00000, 0x0000000089f00000, 0x0000000089f00000|100%|HS|  |TAMS 0x0000000089f00000, 0x0000000089e00000| Complete 
| 127|0x0000000089f00000, 0x000000008a000000, 0x000000008a000000|100%|HC|  |TAMS 0x000000008a000000, 0x0000000089f00000| Complete 
| 128|0x000000008a000000, 0x000000008a100000, 0x000000008a100000|100%|HS|  |TAMS 0x000000008a100000, 0x000000008a000000| Complete 
| 129|0x000000008a100000, 0x000000008a200000, 0x000000008a200000|100%|HC|  |TAMS 0x000000008a200000, 0x000000008a100000| Complete 
| 130|0x000000008a200000, 0x000000008a300000, 0x000000008a300000|100%|HS|  |TAMS 0x000000008a300000, 0x000000008a200000| Complete 
| 131|0x000000008a300000, 0x000000008a400000, 0x000000008a400000|100%|HC|  |TAMS 0x000000008a400000, 0x000000008a300000| Complete 
| 132|0x000000008a400000, 0x000000008a500000, 0x000000008a500000|100%|HS|  |TAMS 0x000000008a500000, 0x000000008a400000| Complete 
| 133|0x000000008a500000, 0x000000008a600000, 0x000000008a600000|100%|HC|  |TAMS 0x000000008a600000, 0x000000008a500000| Complete 
| 134|0x000000008a600000, 0x000000008a700000, 0x000000008a700000|100%|HS|  |TAMS 0x000000008a600000, 0x000000008a600000| Complete 
| 135|0x000000008a700000, 0x000000008a800000, 0x000000008a800000|100%|HC|  |TAMS 0x000000008a700000, 0x000000008a700000| Complete 
| 136|0x000000008a800000, 0x000000008a800000, 0x000000008a900000|  0%| F|  |TAMS 0x000000008a800000, 0x000000008a800000| Untracked 
| 137|0x000000008a900000, 0x000000008aa00000, 0x000000008aa00000|100%|HS|  |TAMS 0x000000008aa00000, 0x000000008a900000| Complete 
| 138|0x000000008aa00000, 0x000000008ab00000, 0x000000008ab00000|100%|HC|  |TAMS 0x000000008ab00000, 0x000000008aa00000| Complete 
| 139|0x000000008ab00000, 0x000000008ac00000, 0x000000008ac00000|100%|HS|  |TAMS 0x000000008ac00000, 0x000000008ab00000| Complete 
| 140|0x000000008ac00000, 0x000000008ad00000, 0x000000008ad00000|100%|HC|  |TAMS 0x000000008ad00000, 0x000000008ac00000| Complete 
| 141|0x000000008ad00000, 0x000000008ae00000, 0x000000008ae00000|100%|HS|  |TAMS 0x000000008ae00000, 0x000000008ad00000| Complete 
| 142|0x000000008ae00000, 0x000000008af00000, 0x000000008af00000|100%|HC|  |TAMS 0x000000008af00000, 0x000000008ae00000| Complete 
| 143|0x000000008af00000, 0x000000008b000000, 0x000000008b000000|100%|HS|  |TAMS 0x000000008b000000, 0x000000008af00000| Complete 
| 144|0x000000008b000000, 0x000000008b100000, 0x000000008b100000|100%|HC|  |TAMS 0x000000008b100000, 0x000000008b000000| Complete 
| 145|0x000000008b100000, 0x000000008b200000, 0x000000008b200000|100%|HS|  |TAMS 0x000000008b200000, 0x000000008b100000| Complete 
| 146|0x000000008b200000, 0x000000008b300000, 0x000000008b300000|100%|HC|  |TAMS 0x000000008b300000, 0x000000008b200000| Complete 
| 147|0x000000008b300000, 0x000000008b400000, 0x000000008b400000|100%|HS|  |TAMS 0x000000008b400000, 0x000000008b300000| Complete 
| 148|0x000000008b400000, 0x000000008b500000, 0x000000008b500000|100%|HC|  |TAMS 0x000000008b500000, 0x000000008b400000| Complete 
| 149|0x000000008b500000, 0x000000008b600000, 0x000000008b600000|100%|HS|  |TAMS 0x000000008b600000, 0x000000008b500000| Complete 
| 150|0x000000008b600000, 0x000000008b700000, 0x000000008b700000|100%|HC|  |TAMS 0x000000008b700000, 0x000000008b600000| Complete 
| 151|0x000000008b700000, 0x000000008b800000, 0x000000008b800000|100%|HS|  |TAMS 0x000000008b800000, 0x000000008b700000| Complete 
| 152|0x000000008b800000, 0x000000008b900000, 0x000000008b900000|100%|HC|  |TAMS 0x000000008b900000, 0x000000008b800000| Complete 
| 153|0x000000008b900000, 0x000000008ba00000, 0x000000008ba00000|100%|HS|  |TAMS 0x000000008ba00000, 0x000000008b900000| Complete 
| 154|0x000000008ba00000, 0x000000008bb00000, 0x000000008bb00000|100%|HC|  |TAMS 0x000000008bb00000, 0x000000008ba00000| Complete 
| 155|0x000000008bb00000, 0x000000008bb00000, 0x000000008bc00000|  0%| F|  |TAMS 0x000000008bb00000, 0x000000008bb00000| Untracked 
| 156|0x000000008bc00000, 0x000000008bc40a58, 0x000000008bd00000| 25%| S|CS|TAMS 0x000000008bc00000, 0x000000008bc00000| Complete 
| 157|0x000000008bd00000, 0x000000008bd7cc00, 0x000000008be00000| 48%| E|  |TAMS 0x000000008bd00000, 0x000000008bd00000| Complete 
| 158|0x000000008be00000, 0x000000008bf00000, 0x000000008bf00000|100%|HS|  |TAMS 0x000000008bf00000, 0x000000008be00000| Complete 
| 159|0x000000008bf00000, 0x000000008c000000, 0x000000008c000000|100%|HC|  |TAMS 0x000000008c000000, 0x000000008bf00000| Complete 
| 160|0x000000008c000000, 0x000000008c100000, 0x000000008c100000|100%|HS|  |TAMS 0x000000008c100000, 0x000000008c000000| Complete 
| 161|0x000000008c100000, 0x000000008c200000, 0x000000008c200000|100%|HC|  |TAMS 0x000000008c200000, 0x000000008c100000| Complete 
| 162|0x000000008c200000, 0x000000008c300000, 0x000000008c300000|100%|HS|  |TAMS 0x000000008c300000, 0x000000008c200000| Complete 
| 163|0x000000008c300000, 0x000000008c400000, 0x000000008c400000|100%|HC|  |TAMS 0x000000008c400000, 0x000000008c300000| Complete 
| 164|0x000000008c400000, 0x000000008c500000, 0x000000008c500000|100%|HS|  |TAMS 0x000000008c500000, 0x000000008c400000| Complete 
| 165|0x000000008c500000, 0x000000008c600000, 0x000000008c600000|100%|HC|  |TAMS 0x000000008c600000, 0x000000008c500000| Complete 
| 166|0x000000008c600000, 0x000000008c700000, 0x000000008c700000|100%|HS|  |TAMS 0x000000008c700000, 0x000000008c600000| Complete 
| 167|0x000000008c700000, 0x000000008c800000, 0x000000008c800000|100%|HC|  |TAMS 0x000000008c800000, 0x000000008c700000| Complete 
| 168|0x000000008c800000, 0x000000008c900000, 0x000000008c900000|100%|HS|  |TAMS 0x000000008c900000, 0x000000008c800000| Complete 
| 169|0x000000008c900000, 0x000000008ca00000, 0x000000008ca00000|100%|HC|  |TAMS 0x000000008ca00000, 0x000000008c900000| Complete 
| 170|0x000000008ca00000, 0x000000008cb00000, 0x000000008cb00000|100%|HS|  |TAMS 0x000000008cb00000, 0x000000008ca00000| Complete 
| 171|0x000000008cb00000, 0x000000008cc00000, 0x000000008cc00000|100%|HC|  |TAMS 0x000000008cc00000, 0x000000008cb00000| Complete 
| 172|0x000000008cc00000, 0x000000008cd00000, 0x000000008cd00000|100%|HS|  |TAMS 0x000000008cd00000, 0x000000008cc00000| Complete 
| 173|0x000000008cd00000, 0x000000008ce00000, 0x000000008ce00000|100%|HC|  |TAMS 0x000000008ce00000, 0x000000008cd00000| Complete 
| 174|0x000000008ce00000, 0x000000008cf00000, 0x000000008cf00000|100%|HS|  |TAMS 0x000000008cf00000, 0x000000008ce00000| Complete 
| 175|0x000000008cf00000, 0x000000008d000000, 0x000000008d000000|100%|HC|  |TAMS 0x000000008d000000, 0x000000008cf00000| Complete 
| 176|0x000000008d000000, 0x000000008d100000, 0x000000008d100000|100%|HS|  |TAMS 0x000000008d100000, 0x000000008d000000| Complete 
| 177|0x000000008d100000, 0x000000008d200000, 0x000000008d200000|100%|HC|  |TAMS 0x000000008d200000, 0x000000008d100000| Complete 
| 178|0x000000008d200000, 0x000000008d300000, 0x000000008d300000|100%|HS|  |TAMS 0x000000008d300000, 0x000000008d200000| Complete 
| 179|0x000000008d300000, 0x000000008d400000, 0x000000008d400000|100%|HC|  |TAMS 0x000000008d400000, 0x000000008d300000| Complete 
| 180|0x000000008d400000, 0x000000008d500000, 0x000000008d500000|100%|HS|  |TAMS 0x000000008d500000, 0x000000008d400000| Complete 
| 181|0x000000008d500000, 0x000000008d600000, 0x000000008d600000|100%|HC|  |TAMS 0x000000008d600000, 0x000000008d500000| Complete 
| 182|0x000000008d600000, 0x000000008d700000, 0x000000008d700000|100%|HS|  |TAMS 0x000000008d700000, 0x000000008d600000| Complete 
| 183|0x000000008d700000, 0x000000008d800000, 0x000000008d800000|100%|HC|  |TAMS 0x000000008d800000, 0x000000008d700000| Complete 
| 184|0x000000008d800000, 0x000000008d900000, 0x000000008d900000|100%|HS|  |TAMS 0x000000008d800000, 0x000000008d800000| Complete 
| 185|0x000000008d900000, 0x000000008da00000, 0x000000008da00000|100%|HC|  |TAMS 0x000000008d900000, 0x000000008d900000| Complete 
| 186|0x000000008da00000, 0x000000008db00000, 0x000000008db00000|100%|HS|  |TAMS 0x000000008da00000, 0x000000008da00000| Complete 
| 187|0x000000008db00000, 0x000000008dc00000, 0x000000008dc00000|100%|HC|  |TAMS 0x000000008db00000, 0x000000008db00000| Complete 
|2014|0x00000000ffe00000, 0x00000000ffe38800, 0x00000000fff00000| 22%| O|  |TAMS 0x00000000ffe38800, 0x00000000ffe00000| Updating 
|2015|0x00000000fff00000, 0x0000000100000000, 0x0000000100000000|100%| O|  |TAMS 0x0000000100000000, 0x00000000fff00000| Untracked 

Card table byte_map: [0x000001e2a4230000,0x000001e2a4620000] _byte_map_base: 0x000001e2a3e20000

Marking Bits (Prev, Next): (CMBitMap*) 0x000001e28d260fb0, (CMBitMap*) 0x000001e28d260ff0
 Prev Bits: [0x000001e2a4a10000, 0x000001e2a6990000)
 Next Bits: [0x000001e2a6990000, 0x000001e2a8910000)

Polling page: 0x000001e28b120000

Metaspace:

Usage:
  Non-class:     13.75 MB used.
      Class:      2.17 MB used.
       Both:     15.92 MB used.

Virtual space:
  Non-class space:       64.00 MB reserved,      13.88 MB ( 22%) committed,  1 nodes.
      Class space:        1.00 GB reserved,       2.38 MB ( <1%) committed,  1 nodes.
             Both:        1.06 GB reserved,      16.25 MB (  1%) committed. 

Chunk freelists:
   Non-Class:  1.56 MB
       Class:  1.67 MB
        Both:  3.23 MB

MaxMetaspaceSize: unlimited
CompressedClassSpaceSize: 1.00 GB
Initial GC threshold: 21.00 MB
Current GC threshold: 27.12 MB
CDS: on
MetaspaceReclaimPolicy: balanced
 - commit_granule_bytes: 65536.
 - commit_granule_words: 8192.
 - virtual_space_node_default_size: 8388608.
 - enlarge_chunks_in_place: 1.
 - new_chunks_are_fully_committed: 0.
 - uncommit_free_chunks: 1.
 - use_allocation_guard: 0.


Internal statistics:

num_allocs_failed_limit: 0.
num_arena_births: 388.
num_arena_deaths: 0.
num_vsnodes_births: 2.
num_vsnodes_deaths: 0.
num_space_committed: 260.
num_space_uncommitted: 0.
num_chunks_returned_to_freelist: 0.
num_chunks_taken_from_freelist: 925.
num_chunk_merges: 0.
num_chunk_splits: 608.
num_chunks_enlarged: 429.
num_inconsistent_stats: 0.

CodeHeap 'non-profiled nmethods': size=120000Kb used=1385Kb max_used=1385Kb free=118614Kb
 bounds [0x000001e29c5e0000, 0x000001e29c850000, 0x000001e2a3b10000]
CodeHeap 'profiled nmethods': size=120000Kb used=5976Kb max_used=5976Kb free=114023Kb
 bounds [0x000001e2950b0000, 0x000001e295690000, 0x000001e29c5e0000]
CodeHeap 'non-nmethods': size=5760Kb used=1417Kb max_used=1482Kb free=4342Kb
 bounds [0x000001e294b10000, 0x000001e294d80000, 0x000001e2950b0000]
 total_blobs=3700 nmethods=2929 adapters=683
 compilation: enabled
              stopped_count=0, restarted_count=0
 full_count=0

Compilation events (20 events):
Event: 3.977 Thread 0x000001e2b51934d0 nmethod 2924 0x000001e29c730690 code [0x000001e29c730860, 0x000001e29c7313b8]
Event: 3.978 Thread 0x000001e2ab32d2e0 2926       4       com.sun.javafx.iio.gif.GIFImageLoader2::decodeImage (161 bytes)
Event: 3.981 Thread 0x000001e2ab347f10 2927       1       com.sun.media.sound.AbstractDataLine::getFormat (5 bytes)
Event: 3.981 Thread 0x000001e2ab347f10 nmethod 2927 0x000001e29c731990 code [0x000001e29c731b20, 0x000001e29c731bf8]
Event: 4.011 Thread 0x000001e2b4e22c40 nmethod 2901% 0x000001e29c731c90 code [0x000001e29c731e20, 0x000001e29c732e78]
Event: 4.012 Thread 0x000001e2ab347f10 2928       1       com.sun.media.sound.AbstractDataLine::isActive (5 bytes)
Event: 4.012 Thread 0x000001e2ab347f10 nmethod 2928 0x000001e29c733210 code [0x000001e29c7333a0, 0x000001e29c733478]
Event: 4.030 Thread 0x000001e2ab347f10 2929       3       java.io.FileInputStream::available (5 bytes)
Event: 4.030 Thread 0x000001e2ab347f10 nmethod 2929 0x000001e295685410 code [0x000001e2956855a0, 0x000001e2956856e8]
Event: 4.079 Thread 0x000001e2ab32d2e0 nmethod 2926 0x000001e29c733910 code [0x000001e29c733bc0, 0x000001e29c736590]
Event: 4.103 Thread 0x000001e2ab32d2e0 2931       4       java.io.SequenceInputStream::read (31 bytes)
Event: 4.108 Thread 0x000001e2ab32d2e0 nmethod 2931 0x000001e29c737790 code [0x000001e29c737940, 0x000001e29c737f98]
Event: 4.124 Thread 0x000001e2ab347f10 2932       3       com.sun.javafx.iio.gif.GIFImageLoader2::readShort (17 bytes)
Event: 4.124 Thread 0x000001e2ab347f10 nmethod 2932 0x000001e295685790 code [0x000001e295685980, 0x000001e295685ed8]
Event: 4.152 Thread 0x000001e2ab32d2e0 2934       4       com.sun.javafx.iio.gif.GIFImageLoader2$LZWDecoder::readData (52 bytes)
Event: 4.163 Thread 0x000001e2ab32d2e0 nmethod 2934 0x000001e29c738610 code [0x000001e29c738800, 0x000001e29c7391c8]
Event: 4.163 Thread 0x000001e2ab32d2e0 2935       4       java.io.SequenceInputStream::read (68 bytes)
Event: 4.165 Thread 0x000001e2ab32d2e0 nmethod 2935 0x000001e29c739810 code [0x000001e29c7399a0, 0x000001e29c739b68]
Event: 4.206 Thread 0x000001e2ab32d2e0 2936 %     4       com.sun.media.sound.AudioFloatConverter$AudioFloatConversion16SL::toByteArray @ 12 (83 bytes)
Event: 4.213 Thread 0x000001e2ab32d2e0 nmethod 2936% 0x000001e29c739d90 code [0x000001e29c739f60, 0x000001e29c73a4b8]

GC Heap History (14 events):
Event: 0.764 GC heap before
{Heap before GC invocations=0 (full 0):
 garbage-first heap   total 129024K, used 22528K [0x0000000082000000, 0x0000000100000000)
  region size 1024K, 23 young (23552K), 0 survivors (0K)
 Metaspace       used 5717K, committed 5952K, reserved 1114112K
  class space    used 672K, committed 768K, reserved 1048576K
}
Event: 0.768 GC heap after
{Heap after GC invocations=1 (full 0):
 garbage-first heap   total 129024K, used 3312K [0x0000000082000000, 0x0000000100000000)
  region size 1024K, 3 young (3072K), 3 survivors (3072K)
 Metaspace       used 5717K, committed 5952K, reserved 1114112K
  class space    used 672K, committed 768K, reserved 1048576K
}
Event: 2.769 GC heap before
{Heap before GC invocations=1 (full 0):
 garbage-first heap   total 129024K, used 40176K [0x0000000082000000, 0x0000000100000000)
  region size 1024K, 35 young (35840K), 3 survivors (3072K)
 Metaspace       used 13422K, committed 13824K, reserved 1114112K
  class space    used 1809K, committed 1984K, reserved 1048576K
}
Event: 2.778 GC heap after
{Heap after GC invocations=2 (full 0):
 garbage-first heap   total 129024K, used 14323K [0x0000000082000000, 0x0000000100000000)
  region size 1024K, 5 young (5120K), 5 survivors (5120K)
 Metaspace       used 13422K, committed 13824K, reserved 1114112K
  class space    used 1809K, committed 1984K, reserved 1048576K
}
Event: 3.378 GC heap before
{Heap before GC invocations=2 (full 0):
 garbage-first heap   total 129024K, used 78835K [0x0000000082000000, 0x0000000100000000)
  region size 1024K, 68 young (69632K), 5 survivors (5120K)
 Metaspace       used 14960K, committed 15296K, reserved 1114112K
  class space    used 1993K, committed 2176K, reserved 1048576K
}
Event: 3.391 GC heap after
{Heap after GC invocations=3 (full 0):
 garbage-first heap   total 129024K, used 23350K [0x0000000082000000, 0x0000000100000000)
  region size 1024K, 9 young (9216K), 9 survivors (9216K)
 Metaspace       used 14960K, committed 15296K, reserved 1114112K
  class space    used 1993K, committed 2176K, reserved 1048576K
}
Event: 4.002 GC heap before
{Heap before GC invocations=3 (full 0):
 garbage-first heap   total 129024K, used 95030K [0x0000000082000000, 0x0000000100000000)
  region size 1024K, 38 young (38912K), 9 survivors (9216K)
 Metaspace       used 16299K, committed 16640K, reserved 1114112K
  class space    used 2217K, committed 2432K, reserved 1048576K
}
Event: 4.010 GC heap after
{Heap after GC invocations=4 (full 0):
 garbage-first heap   total 129024K, used 68426K [0x0000000082000000, 0x0000000100000000)
  region size 1024K, 3 young (3072K), 3 survivors (3072K)
 Metaspace       used 16299K, committed 16640K, reserved 1114112K
  class space    used 2217K, committed 2432K, reserved 1048576K
}
Event: 4.160 GC heap before
{Heap before GC invocations=5 (full 0):
 garbage-first heap   total 158720K, used 156490K [0x0000000082000000, 0x0000000100000000)
  region size 1024K, 12 young (12288K), 3 survivors (3072K)
 Metaspace       used 16299K, committed 16640K, reserved 1114112K
  class space    used 2217K, committed 2432K, reserved 1048576K
}
Event: 4.162 GC heap after
{Heap after GC invocations=6 (full 0):
 garbage-first heap   total 161792K, used 148195K [0x0000000082000000, 0x0000000100000000)
  region size 1024K, 3 young (3072K), 3 survivors (3072K)
 Metaspace       used 16299K, committed 16640K, reserved 1114112K
  class space    used 2217K, committed 2432K, reserved 1048576K
}
Event: 4.235 GC heap before
{Heap before GC invocations=6 (full 0):
 garbage-first heap   total 188416K, used 184035K [0x0000000082000000, 0x0000000100000000)
  region size 1024K, 7 young (7168K), 3 survivors (3072K)
 Metaspace       used 16299K, committed 16640K, reserved 1114112K
  class space    used 2217K, committed 2432K, reserved 1048576K
}
Event: 4.240 GC heap after
{Heap after GC invocations=7 (full 0):
 garbage-first heap   total 190464K, used 180704K [0x0000000082000000, 0x0000000100000000)
  region size 1024K, 1 young (1024K), 1 survivors (1024K)
 Metaspace       used 16299K, committed 16640K, reserved 1114112K
  class space    used 2217K, committed 2432K, reserved 1048576K
}
Event: 4.243 GC heap before
{Heap before GC invocations=7 (full 0):
 garbage-first heap   total 190464K, used 180704K [0x0000000082000000, 0x0000000100000000)
  region size 1024K, 2 young (2048K), 1 survivors (1024K)
 Metaspace       used 16299K, committed 16640K, reserved 1114112K
  class space    used 2217K, committed 2432K, reserved 1048576K
}
Event: 4.243 GC heap after
{Heap after GC invocations=8 (full 0):
 garbage-first heap   total 190464K, used 180708K [0x0000000082000000, 0x0000000100000000)
  region size 1024K, 1 young (1024K), 1 survivors (1024K)
 Metaspace       used 16299K, committed 16640K, reserved 1114112K
  class space    used 2217K, committed 2432K, reserved 1048576K
}

Deoptimization events (20 events):
Event: 4.053 Thread 0x000001e2afc15d20 DEOPT PACKING pc=0x000001e29567e7ee sp=0x00000014729fb170
Event: 4.053 Thread 0x000001e2afc15d20 DEOPT UNPACKING pc=0x000001e294b62b43 sp=0x00000014729fa700 mode 0
Event: 4.055 Thread 0x000001e2afc15d20 DEOPT PACKING pc=0x000001e295682686 sp=0x00000014729fb1e0
Event: 4.055 Thread 0x000001e2afc15d20 DEOPT UNPACKING pc=0x000001e294b62b43 sp=0x00000014729fa700 mode 0
Event: 4.059 Thread 0x000001e2afc15d20 DEOPT PACKING pc=0x000001e295682686 sp=0x00000014729fb1e0
Event: 4.059 Thread 0x000001e2afc15d20 DEOPT UNPACKING pc=0x000001e294b62b43 sp=0x00000014729fa700 mode 0
Event: 4.063 Thread 0x000001e2afc15d20 DEOPT PACKING pc=0x000001e295682686 sp=0x00000014729fb1e0
Event: 4.063 Thread 0x000001e2afc15d20 DEOPT UNPACKING pc=0x000001e294b62b43 sp=0x00000014729fa700 mode 0
Event: 4.067 Thread 0x000001e2afc15d20 DEOPT PACKING pc=0x000001e295682686 sp=0x00000014729fb1e0
Event: 4.067 Thread 0x000001e2afc15d20 DEOPT UNPACKING pc=0x000001e294b62b43 sp=0x00000014729fa700 mode 0
Event: 4.068 Thread 0x000001e2afc15d20 DEOPT PACKING pc=0x000001e29567e7ee sp=0x00000014729fb170
Event: 4.068 Thread 0x000001e2afc15d20 DEOPT UNPACKING pc=0x000001e294b62b43 sp=0x00000014729fa700 mode 0
Event: 4.071 Thread 0x000001e2afc15d20 DEOPT PACKING pc=0x000001e295682686 sp=0x00000014729fb1e0
Event: 4.071 Thread 0x000001e2afc15d20 DEOPT UNPACKING pc=0x000001e294b62b43 sp=0x00000014729fa700 mode 0
Event: 4.073 Thread 0x000001e2afc15d20 DEOPT PACKING pc=0x000001e29567e7ee sp=0x00000014729fb170
Event: 4.073 Thread 0x000001e2afc15d20 DEOPT UNPACKING pc=0x000001e294b62b43 sp=0x00000014729fa700 mode 0
Event: 4.076 Thread 0x000001e2afc15d20 DEOPT PACKING pc=0x000001e295682686 sp=0x00000014729fb1e0
Event: 4.076 Thread 0x000001e2afc15d20 DEOPT UNPACKING pc=0x000001e294b62b43 sp=0x00000014729fa700 mode 0
Event: 4.079 Thread 0x000001e2afc15d20 DEOPT PACKING pc=0x000001e295682686 sp=0x00000014729fb1e0
Event: 4.079 Thread 0x000001e2afc15d20 DEOPT UNPACKING pc=0x000001e294b62b43 sp=0x00000014729fa700 mode 0

Classes loaded (20 events):
Event: 3.175 Loading class com/sun/media/sound/SoftJitterCorrector$JitterStream$1
Event: 3.175 Loading class com/sun/media/sound/SoftJitterCorrector$JitterStream$1 done
Event: 3.175 Loading class com/sun/media/sound/SoftAudioPusher
Event: 3.175 Loading class com/sun/media/sound/SoftAudioPusher done
Event: 3.178 Loading class java/io/FileReader
Event: 3.178 Loading class java/io/FileReader done
Event: 3.204 Loading class jdk/internal/math/FDBigInteger
Event: 3.204 Loading class jdk/internal/math/FDBigInteger done
Event: 3.752 Loading class java/lang/MenuButton
Event: 3.752 Loading class java/lang/MenuButton done
Event: 3.756 Loading class java/lang/RadioMenuItem
Event: 3.756 Loading class java/lang/RadioMenuItem done
Event: 3.759 Loading class java/lang/ToggleGroup
Event: 3.759 Loading class java/lang/ToggleGroup done
Event: 3.762 Loading class java/io/StringReader
Event: 3.762 Loading class java/io/StringReader done
Event: 3.763 Loading class java/io/PushbackReader
Event: 3.763 Loading class java/io/FilterReader
Event: 3.763 Loading class java/io/FilterReader done
Event: 3.763 Loading class java/io/PushbackReader done

Classes unloaded (0 events):
No events

Classes redefined (0 events):
No events

Internal exceptions (20 events):
Event: 0.954 Thread 0x000001e2afc15d20 Exception <a 'java/lang/NoSuchMethodError'{0x0000000089557288}: 'void java.lang.invoke.DirectMethodHandle$Holder.invokeSpecial(java.lang.Object, java.lang.Object, double)'> (0x0000000089557288) 
thrown [t:\workspace\open\src\hotspot\share\interpreter\linkResolver.cpp, line 766]
Event: 0.954 Thread 0x000001e2afc15d20 Exception <a 'java/lang/NoSuchMethodError'{0x000000008955e6e0}: 'void java.lang.invoke.DelegatingMethodHandle$Holder.reinvoke_L(java.lang.Object, java.lang.Object, double)'> (0x000000008955e6e0) 
thrown [t:\workspace\open\src\hotspot\share\interpreter\linkResolver.cpp, line 766]
Event: 1.009 Thread 0x000001e2afc15d20 Exception <a 'java/io/FileNotFoundException'{0x000000008936b9a8}> (0x000000008936b9a8) 
thrown [t:\workspace\open\src\hotspot\share\prims\jni.cpp, line 516]
Event: 1.298 Thread 0x000001e2afc15d20 Exception <a 'java/lang/NoSuchMethodError'{0x0000000088b2c6b8}: 'java.lang.Object java.lang.invoke.DirectMethodHandle$Holder.invokeInterface(java.lang.Object, java.lang.Object, java.lang.Object)'> (0x0000000088b2c6b8) 
thrown [t:\workspace\open\src\hotspot\share\interpreter\linkResolver.cpp, line 766]
Event: 1.299 Thread 0x000001e2afc15d20 Exception <a 'java/lang/IncompatibleClassChangeError'{0x0000000088b30038}: Found class java.lang.Object, but interface was expected> (0x0000000088b30038) 
thrown [t:\workspace\open\src\hotspot\share\interpreter\linkResolver.cpp, line 833]
Event: 1.333 Thread 0x000001e2afc15d20 Exception <a 'java/lang/NoSuchMethodError'{0x0000000088a2ebb0}: 'int java.lang.invoke.DirectMethodHandle$Holder.invokeSpecial(java.lang.Object, java.lang.Object, int)'> (0x0000000088a2ebb0) 
thrown [t:\workspace\open\src\hotspot\share\interpreter\linkResolver.cpp, line 766]
Event: 1.352 Thread 0x000001e2afc15d20 Exception <a 'java/lang/NoSuchMethodError'{0x0000000088aabce8}: 'java.lang.Object java.lang.invoke.DirectMethodHandle$Holder.newInvokeSpecial(java.lang.Object, java.lang.Object, int)'> (0x0000000088aabce8) 
thrown [t:\workspace\open\src\hotspot\share\interpreter\linkResolver.cpp, line 766]
Event: 1.385 Thread 0x000001e2afd3a330 Exception <a 'java/lang/NoSuchMethodError'{0x00000000889d9238}: 'int java.lang.invoke.DirectMethodHandle$Holder.invokeStaticInit(java.lang.Object, java.lang.Object)'> (0x00000000889d9238) 
thrown [t:\workspace\open\src\hotspot\share\interpreter\linkResolver.cpp, line 766]
Event: 1.430 Thread 0x000001e2afd3a330 Exception <a 'java/lang/NoSuchMethodError'{0x0000000088722098}: 'java.lang.Object java.lang.invoke.DirectMethodHandle$Holder.invokeStaticInit(java.lang.Object, int)'> (0x0000000088722098) 
thrown [t:\workspace\open\src\hotspot\share\interpreter\linkResolver.cpp, line 766]
Event: 2.590 Thread 0x000001e2afc15d20 Exception <a 'java/lang/NoSuchMethodError'{0x0000000088215ec8}: 'long java.lang.invoke.DirectMethodHandle$Holder.invokeStatic(java.lang.Object, java.lang.Object, java.lang.Object)'> (0x0000000088215ec8) 
thrown [t:\workspace\open\src\hotspot\share\interpreter\linkResolver.cpp, line 766]
Event: 2.590 Thread 0x000001e2afc15d20 Exception <a 'java/lang/NoSuchMethodError'{0x0000000088219668}: 'long java.lang.invoke.DirectMethodHandle$Holder.invokeStaticInit(java.lang.Object, java.lang.Object, java.lang.Object)'> (0x0000000088219668) 
thrown [t:\workspace\open\src\hotspot\share\interpreter\linkResolver.cpp, line 766]
Event: 2.593 Thread 0x000001e2afc15d20 Exception <a 'java/lang/NoSuchMethodError'{0x0000000088231cb0}: 'java.lang.Object java.lang.invoke.DirectMethodHandle$Holder.newInvokeSpecial(java.lang.Object, java.lang.Object, long)'> (0x0000000088231cb0) 
thrown [t:\workspace\open\src\hotspot\share\interpreter\linkResolver.cpp, line 766]
Event: 2.593 Thread 0x000001e2afc15d20 Exception <a 'java/lang/NoSuchMethodError'{0x0000000088235828}: 'java.lang.Object java.lang.invoke.Invokers$Holder.linkToTargetMethod(java.lang.Object, long, java.lang.Object)'> (0x0000000088235828) 
thrown [t:\workspace\open\src\hotspot\share\interpreter\linkResolver.cpp, line 766]
Event: 3.266 Thread 0x000001e2afc15d20 Exception <a 'java/lang/NoSuchMethodError'{0x0000000085fd0360}: 'java.lang.Object java.lang.invoke.DirectMethodHandle$Holder.newInvokeSpecial(java.lang.Object, double)'> (0x0000000085fd0360) 
thrown [t:\workspace\open\src\hotspot\share\interpreter\linkResolver.cpp, line 766]
Event: 3.629 Thread 0x000001e2afc15d20 Implicit null exception at 0x000001e29c6a29e0 to 0x000001e29c6a2a7a
Event: 3.630 Thread 0x000001e2afc15d20 Implicit null exception at 0x000001e29c63670c to 0x000001e29c63699c
Event: 3.631 Thread 0x000001e2afc15d20 Implicit null exception at 0x000001e29c63542c to 0x000001e29c6356d4
Event: 3.796 Thread 0x000001e2afc15d20 Exception <a 'java/lang/NoSuchMethodError'{0x0000000088660ad0}: 'void java.lang.invoke.DirectMethodHandle$Holder.invokeVirtual(java.lang.Object, java.lang.Object)'> (0x0000000088660ad0) 
thrown [t:\workspace\open\src\hotspot\share\interpreter\linkResolver.cpp, line 766]
Event: 3.800 Thread 0x000001e2afc15d20 Exception <a 'java/io/FileNotFoundException'{0x0000000088675978}> (0x0000000088675978) 
thrown [t:\workspace\open\src\hotspot\share\prims\jni.cpp, line 516]
Event: 3.848 Thread 0x000001e2afc15d20 Exception <a 'java/io/FileNotFoundException'{0x0000000088591e78}> (0x0000000088591e78) 
thrown [t:\workspace\open\src\hotspot\share\prims\jni.cpp, line 516]

VM Operations (20 events):
Event: 2.797 Executing VM operation: HandshakeAllThreads done
Event: 3.378 Executing VM operation: G1CollectForAllocation
Event: 3.392 Executing VM operation: G1CollectForAllocation done
Event: 3.760 Executing VM operation: HandshakeAllThreads
Event: 3.760 Executing VM operation: HandshakeAllThreads done
Event: 3.815 Executing VM operation: ICBufferFull
Event: 3.815 Executing VM operation: ICBufferFull done
Event: 4.002 Executing VM operation: G1TryInitiateConcMark
Event: 4.010 Executing VM operation: G1TryInitiateConcMark done
Event: 4.028 Executing VM operation: G1Concurrent
Event: 4.029 Executing VM operation: G1Concurrent done
Event: 4.039 Executing VM operation: G1Concurrent
Event: 4.039 Executing VM operation: G1Concurrent done
Event: 4.160 Executing VM operation: G1CollectForAllocation
Event: 4.162 Executing VM operation: G1CollectForAllocation done
Event: 4.235 Executing VM operation: G1CollectForAllocation
Event: 4.240 Executing VM operation: G1CollectForAllocation done
Event: 4.243 Executing VM operation: G1TryInitiateConcMark
Event: 4.243 Executing VM operation: G1TryInitiateConcMark done
Event: 4.272 Executing VM operation: G1Concurrent

Events (20 events):
Event: 0.571 Thread 0x000001e2af5f28e0 Thread exited: 0x000001e2af5f28e0
Event: 0.609 Thread 0x000001e2aff64700 Thread added: 0x000001e2aff64700
Event: 0.620 Thread 0x000001e2aff5d0c0 Thread added: 0x000001e2aff5d0c0
Event: 0.640 Loaded shared library C:\Program Files\Java\jdk-18\bin\jimage.dll
Event: 0.812 Loaded shared library C:\Program Files\javafx-sdk-18.0.1\bin\javafx_font.dll
Event: 1.190 Thread 0x000001e2af5f1fe0 Thread exited: 0x000001e2af5f1fe0
Event: 1.201 Loaded shared library C:\Program Files\javafx-sdk-18.0.1\bin\javafx_iio.dll
Event: 1.291 Thread 0x000001e2b4be2d60 Thread added: 0x000001e2b4be2d60
Event: 2.668 Loaded shared library C:\Program Files\Java\jdk-18\bin\jsound.dll
Event: 2.684 Loaded shared library C:\Program Files\Java\jdk-18\bin\prefs.dll
Event: 2.716 Thread 0x000001e2b4e22c40 Thread added: 0x000001e2b4e22c40
Event: 2.722 Thread 0x000001e2b5030c30 Thread added: 0x000001e2b5030c30
Event: 3.131 Thread 0x000001e2b5030c30 Thread exited: 0x000001e2b5030c30
Event: 3.136 Thread 0x000001e2b4c2adf0 Thread added: 0x000001e2b4c2adf0
Event: 3.175 Thread 0x000001e2b4c2a920 Thread added: 0x000001e2b4c2a920
Event: 3.175 Thread 0x000001e2b4c2de10 Thread added: 0x000001e2b4c2de10
Event: 3.208 Thread 0x000001e2b4c127d0 Thread added: 0x000001e2b4c127d0
Event: 3.708 Thread 0x000001e2b51934d0 Thread added: 0x000001e2b51934d0
Event: 4.103 Thread 0x000001e2b51934d0 Thread exited: 0x000001e2b51934d0
Event: 4.124 Thread 0x000001e2b4e22c40 Thread exited: 0x000001e2b4e22c40


Dynamic libraries:
0x00007ff7247d0000 - 0x00007ff7247e0000 	C:\Program Files\Java\jdk-18\bin\javaw.exe
0x00007ffad6bd0000 - 0x00007ffad6dc7000 	C:\WINDOWS\SYSTEM32\ntdll.dll
0x00007ffad63a0000 - 0x00007ffad645d000 	C:\WINDOWS\System32\KERNEL32.DLL
0x00007ffad4710000 - 0x00007ffad49dd000 	C:\WINDOWS\System32\KERNELBASE.dll
0x00007ffad4ac0000 - 0x00007ffad4bc0000 	C:\WINDOWS\System32\ucrtbase.dll
0x00007ffaca910000 - 0x00007ffaca92a000 	C:\Program Files\Java\jdk-18\bin\VCRUNTIME140.dll
0x00007ffaca8f0000 - 0x00007ffaca908000 	C:\Program Files\Java\jdk-18\bin\jli.dll
0x00007ffad65a0000 - 0x00007ffad664e000 	C:\WINDOWS\System32\ADVAPI32.dll
0x00007ffad6500000 - 0x00007ffad659e000 	C:\WINDOWS\System32\msvcrt.dll
0x00007ffad6460000 - 0x00007ffad64fc000 	C:\WINDOWS\System32\sechost.dll
0x00007ffad69e0000 - 0x00007ffad6b05000 	C:\WINDOWS\System32\RPCRT4.dll
0x00007ffad5e30000 - 0x00007ffad5fd0000 	C:\WINDOWS\System32\USER32.dll
0x00007ffad45a0000 - 0x00007ffad45c2000 	C:\WINDOWS\System32\win32u.dll
0x00007ffabd040000 - 0x00007ffabd2da000 	C:\WINDOWS\WinSxS\amd64_microsoft.windows.common-controls_6595b64144ccf1df_6.0.19041.1110_none_60b5254171f9507e\COMCTL32.dll
0x00007ffad6850000 - 0x00007ffad687a000 	C:\WINDOWS\System32\GDI32.dll
0x00007ffad4600000 - 0x00007ffad470b000 	C:\WINDOWS\System32\gdi32full.dll
0x00007ffad42f0000 - 0x00007ffad438d000 	C:\WINDOWS\System32\msvcp_win.dll
0x00007ffacc520000 - 0x00007ffacc52a000 	C:\WINDOWS\SYSTEM32\VERSION.dll
0x00007ffad50b0000 - 0x00007ffad50e0000 	C:\WINDOWS\System32\IMM32.DLL
0x00007ffaceba0000 - 0x00007ffacec44000 	C:\Program Files\McAfee\Endpoint Security\Threat Prevention\Ips\EpMPApi.dll
0x00007ffad4bc0000 - 0x00007ffad4c27000 	C:\WINDOWS\System32\WINTRUST.dll
0x00007ffad4440000 - 0x00007ffad4596000 	C:\WINDOWS\System32\CRYPT32.dll
0x00007ffad3ee0000 - 0x00007ffad3ef2000 	C:\WINDOWS\SYSTEM32\MSASN1.dll
0x0000000075c10000 - 0x0000000075c1c000 	C:\Program Files\McAfee\Endpoint Security\Threat Prevention\Ips\EpMPThe.dll
0x00007ffacd000000 - 0x00007ffacd00c000 	C:\Program Files\Java\jdk-18\bin\vcruntime140_1.dll
0x00007ffaa51c0000 - 0x00007ffaa524d000 	C:\Program Files\Java\jdk-18\bin\msvcp140.dll
0x00007ffa777e0000 - 0x00007ffa783f1000 	C:\Program Files\Java\jdk-18\bin\server\jvm.dll
0x00007ffad5db0000 - 0x00007ffad5db8000 	C:\WINDOWS\System32\PSAPI.DLL
0x00007ffacd060000 - 0x00007ffacd069000 	C:\WINDOWS\SYSTEM32\WSOCK32.dll
0x00007ffad5dc0000 - 0x00007ffad5e2b000 	C:\WINDOWS\System32\WS2_32.dll
0x00007ffac61a0000 - 0x00007ffac61c7000 	C:\WINDOWS\SYSTEM32\WINMM.dll
0x00007ffad2b80000 - 0x00007ffad2b92000 	C:\WINDOWS\SYSTEM32\kernel.appcore.dll
0x00007fface760000 - 0x00007fface76a000 	C:\Program Files\Java\jdk-18\bin\jimage.dll
0x00007ffad20f0000 - 0x00007ffad22d4000 	C:\WINDOWS\SYSTEM32\DBGHELP.DLL
0x00007ffacb7e0000 - 0x00007ffacb80c000 	C:\WINDOWS\SYSTEM32\dbgcore.DLL
0x00007ffad4a30000 - 0x00007ffad4ab2000 	C:\WINDOWS\System32\bcryptPrimitives.dll
0x00007ffabc3e0000 - 0x00007ffabc405000 	C:\Program Files\Java\jdk-18\bin\java.dll
0x00007ffaa0560000 - 0x00007ffaa0636000 	C:\Program Files\Java\jdk-18\bin\jsvml.dll
0x00007ffad5550000 - 0x00007ffad5c94000 	C:\WINDOWS\System32\SHELL32.dll
0x00007ffad23d0000 - 0x00007ffad2b64000 	C:\WINDOWS\SYSTEM32\windows.storage.dll
0x00007ffad6030000 - 0x00007ffad6384000 	C:\WINDOWS\System32\combase.dll
0x00007ffad3d50000 - 0x00007ffad3d7c000 	C:\WINDOWS\SYSTEM32\Wldp.dll
0x00007ffad5ca0000 - 0x00007ffad5d4d000 	C:\WINDOWS\System32\SHCORE.dll
0x00007ffad4f10000 - 0x00007ffad4f65000 	C:\WINDOWS\System32\shlwapi.dll
0x00007ffad4230000 - 0x00007ffad424f000 	C:\WINDOWS\SYSTEM32\profapi.dll
0x00007ffacd390000 - 0x00007ffacd3a3000 	C:\Program Files\Java\jdk-18\bin\net.dll
0x00007ffacdaa0000 - 0x00007ffacdbaa000 	C:\WINDOWS\SYSTEM32\WINHTTP.dll
0x00007ffad3ab0000 - 0x00007ffad3b1a000 	C:\WINDOWS\system32\mswsock.dll
0x00007ffaca9e0000 - 0x00007ffaca9f6000 	C:\Program Files\Java\jdk-18\bin\nio.dll
0x00007ffaca960000 - 0x00007ffaca978000 	C:\Program Files\Java\jdk-18\bin\zip.dll
0x000001e28d0e0000 - 0x000001e28d0e3000 	C:\Program Files\javafx-sdk-18.0.1\bin\api-ms-win-core-console-l1-1-0.dll
0x000001e28d0f0000 - 0x000001e28d0f3000 	C:\Program Files\javafx-sdk-18.0.1\bin\api-ms-win-core-console-l1-2-0.dll
0x000001e28d100000 - 0x000001e28d103000 	C:\Program Files\javafx-sdk-18.0.1\bin\api-ms-win-core-datetime-l1-1-0.dll
0x000001e28d110000 - 0x000001e28d113000 	C:\Program Files\javafx-sdk-18.0.1\bin\api-ms-win-core-debug-l1-1-0.dll
0x000001e28d120000 - 0x000001e28d123000 	C:\Program Files\javafx-sdk-18.0.1\bin\api-ms-win-core-errorhandling-l1-1-0.dll
0x000001e28d130000 - 0x000001e28d134000 	C:\Program Files\javafx-sdk-18.0.1\bin\api-ms-win-core-file-l1-1-0.dll
0x000001e28d140000 - 0x000001e28d143000 	C:\Program Files\javafx-sdk-18.0.1\bin\api-ms-win-core-file-l1-2-0.dll
0x000001e28d150000 - 0x000001e28d153000 	C:\Program Files\javafx-sdk-18.0.1\bin\api-ms-win-core-file-l2-1-0.dll
0x000001e28d160000 - 0x000001e28d163000 	C:\Program Files\javafx-sdk-18.0.1\bin\api-ms-win-core-handle-l1-1-0.dll
0x000001e28d170000 - 0x000001e28d173000 	C:\Program Files\javafx-sdk-18.0.1\bin\api-ms-win-core-heap-l1-1-0.dll
0x000001e28d180000 - 0x000001e28d183000 	C:\Program Files\javafx-sdk-18.0.1\bin\api-ms-win-core-interlocked-l1-1-0.dll
0x000001e28d190000 - 0x000001e28d193000 	C:\Program Files\javafx-sdk-18.0.1\bin\api-ms-win-core-libraryloader-l1-1-0.dll
0x000001e28d1a0000 - 0x000001e28d1a3000 	C:\Program Files\javafx-sdk-18.0.1\bin\api-ms-win-core-localization-l1-2-0.dll
0x000001e2ab3b0000 - 0x000001e2ab3b3000 	C:\Program Files\javafx-sdk-18.0.1\bin\api-ms-win-core-memory-l1-1-0.dll
0x000001e2ab3c0000 - 0x000001e2ab3c3000 	C:\Program Files\javafx-sdk-18.0.1\bin\api-ms-win-core-namedpipe-l1-1-0.dll
0x000001e2ab3d0000 - 0x000001e2ab3d3000 	C:\Program Files\javafx-sdk-18.0.1\bin\api-ms-win-core-processenvironment-l1-1-0.dll
0x000001e2ab3e0000 - 0x000001e2ab3e3000 	C:\Program Files\javafx-sdk-18.0.1\bin\api-ms-win-core-processthreads-l1-1-0.dll
0x000001e2ab3f0000 - 0x000001e2ab3f3000 	C:\Program Files\javafx-sdk-18.0.1\bin\api-ms-win-core-processthreads-l1-1-1.dll
0x000001e2b0100000 - 0x000001e2b0103000 	C:\Program Files\javafx-sdk-18.0.1\bin\api-ms-win-core-profile-l1-1-0.dll
0x000001e2b0110000 - 0x000001e2b0113000 	C:\Program Files\javafx-sdk-18.0.1\bin\api-ms-win-core-rtlsupport-l1-1-0.dll
0x000001e2b0120000 - 0x000001e2b0123000 	C:\Program Files\javafx-sdk-18.0.1\bin\api-ms-win-core-string-l1-1-0.dll
0x000001e2b0130000 - 0x000001e2b0133000 	C:\Program Files\javafx-sdk-18.0.1\bin\api-ms-win-core-synch-l1-1-0.dll
0x000001e2b0140000 - 0x000001e2b0143000 	C:\Program Files\javafx-sdk-18.0.1\bin\api-ms-win-core-synch-l1-2-0.dll
0x000001e2b0150000 - 0x000001e2b0153000 	C:\Program Files\javafx-sdk-18.0.1\bin\api-ms-win-core-sysinfo-l1-1-0.dll
0x000001e2b0160000 - 0x000001e2b0163000 	C:\Program Files\javafx-sdk-18.0.1\bin\api-ms-win-core-timezone-l1-1-0.dll
0x000001e2b0170000 - 0x000001e2b0173000 	C:\Program Files\javafx-sdk-18.0.1\bin\api-ms-win-core-util-l1-1-0.dll
0x000001e2b0180000 - 0x000001e2b0183000 	C:\Program Files\javafx-sdk-18.0.1\bin\api-ms-win-crt-conio-l1-1-0.dll
0x000001e2b0190000 - 0x000001e2b0194000 	C:\Program Files\javafx-sdk-18.0.1\bin\api-ms-win-crt-convert-l1-1-0.dll
0x000001e2b01a0000 - 0x000001e2b01a3000 	C:\Program Files\javafx-sdk-18.0.1\bin\api-ms-win-crt-environment-l1-1-0.dll
0x000001e2b01b0000 - 0x000001e2b01b3000 	C:\Program Files\javafx-sdk-18.0.1\bin\api-ms-win-crt-filesystem-l1-1-0.dll
0x000001e2b01c0000 - 0x000001e2b01c3000 	C:\Program Files\javafx-sdk-18.0.1\bin\api-ms-win-crt-heap-l1-1-0.dll
0x000001e2b01d0000 - 0x000001e2b01d3000 	C:\Program Files\javafx-sdk-18.0.1\bin\api-ms-win-crt-locale-l1-1-0.dll
0x000001e2b01e0000 - 0x000001e2b01e5000 	C:\Program Files\javafx-sdk-18.0.1\bin\api-ms-win-crt-math-l1-1-0.dll
0x000001e2b01f0000 - 0x000001e2b01f5000 	C:\Program Files\javafx-sdk-18.0.1\bin\api-ms-win-crt-multibyte-l1-1-0.dll
0x000001e2b0200000 - 0x000001e2b0210000 	C:\Program Files\javafx-sdk-18.0.1\bin\api-ms-win-crt-private-l1-1-0.dll
0x000001e2b0210000 - 0x000001e2b0213000 	C:\Program Files\javafx-sdk-18.0.1\bin\api-ms-win-crt-process-l1-1-0.dll
0x000001e2b0220000 - 0x000001e2b0224000 	C:\Program Files\javafx-sdk-18.0.1\bin\api-ms-win-crt-runtime-l1-1-0.dll
0x000001e2b0230000 - 0x000001e2b0234000 	C:\Program Files\javafx-sdk-18.0.1\bin\api-ms-win-crt-stdio-l1-1-0.dll
0x000001e2b0240000 - 0x000001e2b0244000 	C:\Program Files\javafx-sdk-18.0.1\bin\api-ms-win-crt-string-l1-1-0.dll
0x000001e2b0250000 - 0x000001e2b0253000 	C:\Program Files\javafx-sdk-18.0.1\bin\api-ms-win-crt-time-l1-1-0.dll
0x000001e2b0260000 - 0x000001e2b0263000 	C:\Program Files\javafx-sdk-18.0.1\bin\api-ms-win-crt-utility-l1-1-0.dll
0x00007ffaa0210000 - 0x00007ffaa030c000 	C:\Program Files\javafx-sdk-18.0.1\bin\ucrtbase.dll
0x00007ffac7340000 - 0x00007ffac735a000 	C:\Program Files\javafx-sdk-18.0.1\bin\vcruntime140.dll
0x00007ffacce30000 - 0x00007ffacce3c000 	C:\Program Files\javafx-sdk-18.0.1\bin\vcruntime140_1.dll
0x00007ffaa4ef0000 - 0x00007ffaa4f7d000 	C:\Program Files\javafx-sdk-18.0.1\bin\msvcp140.dll
0x00007ffabc2a0000 - 0x00007ffabc2cc000 	C:\Program Files\javafx-sdk-18.0.1\bin\prism_d3d.dll
0x00007ffaa86b0000 - 0x00007ffaa887f000 	C:\WINDOWS\system32\d3d9.dll
0x00007ffad1b60000 - 0x00007ffad1b8f000 	C:\WINDOWS\SYSTEM32\dwmapi.dll
0x00007ffad18d0000 - 0x00007ffad196e000 	C:\WINDOWS\system32\uxtheme.dll
0x00007ffa80220000 - 0x00007ffa80385000 	C:\WINDOWS\System32\DriverStore\FileRepository\iigd_dch.inf_amd64_e6980897e3126266\igdumdim64.dll
0x00007ffad4de0000 - 0x00007ffad4f0a000 	C:\WINDOWS\System32\ole32.dll
0x00007ffa697a0000 - 0x00007ffa6d42b000 	C:\WINDOWS\System32\DriverStore\FileRepository\iigd_dch.inf_amd64_e6980897e3126266\igd9dxva64.dll
0x00007ffad6880000 - 0x00007ffad694d000 	C:\WINDOWS\System32\OLEAUT32.dll
0x00007ffad50e0000 - 0x00007ffad554f000 	C:\WINDOWS\System32\SETUPAPI.dll
0x00007ffad49e0000 - 0x00007ffad4a2e000 	C:\WINDOWS\System32\cfgmgr32.dll
0x00007ffad45d0000 - 0x00007ffad45f7000 	C:\WINDOWS\System32\bcrypt.dll
0x00007ffab3a10000 - 0x00007ffab3d46000 	C:\WINDOWS\System32\DriverStore\FileRepository\iigd_dch.inf_amd64_e6980897e3126266\igdgmm64.dll
0x00007ffaba240000 - 0x00007ffaba282000 	C:\Program Files\javafx-sdk-18.0.1\bin\glass.dll
0x00007ffad6710000 - 0x00007ffad67eb000 	C:\WINDOWS\System32\COMDLG32.dll
0x00007ffad4f90000 - 0x00007ffad50a5000 	C:\WINDOWS\System32\MSCTF.dll
0x00007ffa80000000 - 0x00007ffa80027000 	C:\WINDOWS\System32\DriverStore\FileRepository\iigd_dch.inf_amd64_e6980897e3126266\igdinfo64.dll
0x00007ffad3ca0000 - 0x00007ffad3cb8000 	C:\WINDOWS\SYSTEM32\CRYPTSP.dll
0x00007ffad33c0000 - 0x00007ffad33f4000 	C:\WINDOWS\system32\rsaenh.dll
0x00007ffad3cc0000 - 0x00007ffad3ccc000 	C:\WINDOWS\SYSTEM32\CRYPTBASE.dll
0x00007ffab0c00000 - 0x00007ffab398f000 	C:\WINDOWS\System32\DriverStore\FileRepository\iigd_dch.inf_amd64_e6980897e3126266\igc64.dll
0x00007ffab39d0000 - 0x00007ffab3a0b000 	C:\WINDOWS\SYSTEM32\dxcore.dll
0x00007ffabc2f0000 - 0x00007ffabc304000 	C:\Program Files\javafx-sdk-18.0.1\bin\javafx_font.dll
0x00007ffab6310000 - 0x00007ffab658f000 	C:\WINDOWS\SYSTEM32\dwrite.dll
0x00007ffad6650000 - 0x00007ffad66f9000 	C:\WINDOWS\System32\clbcatq.dll
0x00007ffab8950000 - 0x00007ffab8b04000 	C:\WINDOWS\SYSTEM32\WindowsCodecs.dll
0x00007ffab7050000 - 0x00007ffab708e000 	C:\WINDOWS\system32\dataexchange.dll
0x00007ffacff70000 - 0x00007ffad01d3000 	C:\WINDOWS\system32\d3d11.dll
0x00007ffad0c00000 - 0x00007ffad0de4000 	C:\WINDOWS\system32\dcomp.dll
0x00007ffad2bf0000 - 0x00007ffad2ce3000 	C:\WINDOWS\system32\dxgi.dll
0x00007ffacc6f0000 - 0x00007ffacc8f0000 	C:\WINDOWS\system32\twinapi.appcore.dll
0x00007ffaba5f0000 - 0x00007ffaba624000 	C:\Program Files\Common Files\Microsoft Shared\Ink\rtscom.dll
0x00007ffab8fe0000 - 0x00007ffab90d9000 	C:\WINDOWS\SYSTEM32\textinputframework.dll
0x00007ffad0df0000 - 0x00007ffad114e000 	C:\WINDOWS\System32\CoreUIComponents.dll

dbghelp: loaded successfully - version: 4.0.5 - missing functions: none
symbol engine: initialized successfully - sym options: 0x614 - pdb path: .;C:\Program Files\Java\jdk-18\bin;C:\WINDOWS\SYSTEM32;C:\WINDOWS\WinSxS\amd64_microsoft.windows.common-controls_6595b64144ccf1df_6.0.19041.1110_none_60b5254171f9507e;C:\Program Files\McAfee\Endpoint Security\Threat Prevention\Ips;C:\Program Files\Java\jdk-18\bin\server;C:\Program Files\javafx-sdk-18.0.1\bin;C:\WINDOWS\System32\DriverStore\FileRepository\iigd_dch.inf_amd64_e6980897e3126266;C:\Program Files\Common Files\Microsoft Shared\Ink

VM Arguments:
jvm_args: --module-path=C:\Program Files\javafx-sdk-18.0.1\lib --add-modules=javafx.controls,javafx.fxml -Dfile.encoding=UTF-8 --module-path=C:\Users\Admin\.p2\pool\plugins\org.eclipse.fx.ide.css.jfx8_3.7.0.202010120832.jar;C:\Program Files\javafx-sdk-18.0.1\lib\javafx.base.jar;C:\Program Files\javafx-sdk-18.0.1\lib\javafx.controls.jar;C:\Program Files\javafx-sdk-18.0.1\lib\javafx.fxml.jar;C:\Program Files\javafx-sdk-18.0.1\lib\javafx.graphics.jar;C:\Program Files\javafx-sdk-18.0.1\lib\javafx.media.jar;C:\Program Files\javafx-sdk-18.0.1\lib\javafx.swing.jar;C:\Program Files\javafx-sdk-18.0.1\lib\javafx.web.jar;C:\Program Files\javafx-sdk-18.0.1\lib\javafx-swt.jar -XX:+ShowCodeDetailsInExceptionMessages 
java_command: dsai.piano.view.MainScreen
java_class_path (initial): D:\Programming\OOP\Project\OOP.DSAI.20212.06\sourcecode\bin;C:\Users\Admin\Downloads\jfugue-5.0.9.jar
Launcher Type: SUN_STANDARD

[Global flags]
     intx CICompilerCount                          = 4                                         {product} {ergonomic}
     uint ConcGCThreads                            = 2                                         {product} {ergonomic}
     uint G1ConcRefinementThreads                  = 8                                         {product} {ergonomic}
   size_t G1HeapRegionSize                         = 1048576                                   {product} {ergonomic}
    uintx GCDrainStackTargetSize                   = 64                                        {product} {ergonomic}
   size_t InitialHeapSize                          = 132120576                                 {product} {ergonomic}
   size_t MarkStackSize                            = 4194304                                   {product} {ergonomic}
   size_t MaxHeapSize                              = 2113929216                                {product} {ergonomic}
   size_t MaxNewSize                               = 1267728384                                {product} {ergonomic}
   size_t MinHeapDeltaBytes                        = 1048576                                   {product} {ergonomic}
   size_t MinHeapSize                              = 8388608                                   {product} {ergonomic}
    uintx NonNMethodCodeHeapSize                   = 5839372                                {pd product} {ergonomic}
    uintx NonProfiledCodeHeapSize                  = 122909434                              {pd product} {ergonomic}
    uintx ProfiledCodeHeapSize                     = 122909434                              {pd product} {ergonomic}
    uintx ReservedCodeCacheSize                    = 251658240                              {pd product} {ergonomic}
     bool SegmentedCodeCache                       = true                                      {product} {ergonomic}
     bool ShowCodeDetailsInExceptionMessages       = true                                   {manageable} {command line}
   size_t SoftMaxHeapSize                          = 2113929216                             {manageable} {ergonomic}
     bool UseCompressedClassPointers               = true                           {product lp64_product} {ergonomic}
     bool UseCompressedOops                        = true                           {product lp64_product} {ergonomic}
     bool UseG1GC                                  = true                                      {product} {ergonomic}
     bool UseLargePagesIndividualAllocation        = false                                  {pd product} {ergonomic}

Logging:
Log output configuration:
 #0: stdout all=warning uptime,level,tags foldmultilines=false
 #1: stderr all=off uptime,level,tags foldmultilines=false

Environment Variables:
JAVA_HOME=C:\Program Files\Java\jdk-18
PATH=C:/Program Files/Java/jdk-18/bin/server;C:/Program Files/Java/jdk-18/bin;C:\Program Files\NVIDIA GPU Computing Toolkit\CUDA\v11.2\bin;C:\Program Files\NVIDIA GPU Computing Toolkit\CUDA\v11.2\libnvvp;C:\Program Files\Common Files\Oracle\Java\javapath;C:\Windows\system32;C:\Windows;C:\Windows\System32\Wbem;C:\Windows\System32\WindowsPowerShell\v1.0\;C:\Windows\System32\OpenSSH\;C:\Program Files (x86)\NVIDIA Corporation\PhysX\Common;C:\WINDOWS\system32;C:\WINDOWS;C:\WINDOWS\System32\Wbem;C:\WINDOWS\System32\WindowsPowerShell\v1.0\;C:\WINDOWS\System32\OpenSSH\;C:\Program Files\Git\cmd;C:\Program Files\Java\jdk-18\bin;C:\Program Files\NVIDIA Corporation\Nsight Compute 2020.3.1\;C:\Program Files\NVIDIA Corporation\NVIDIA NvDLISR;C:\Program Files\Microsoft SQL Server\Client SDK\ODBC\170\Tools\Binn\;C:\Program Files (x86)\Microsoft SQL Server\150\Tools\Binn\;C:\Program Files\Microsoft SQL Server\150\Tools\Binn\;C:\Program Files\Microsoft SQL Server\150\DTS\Binn\;C:\Program Files (x86)\Microsoft SQL Server\150\DTS\Binn\;C:\Program Files\Azure Data Studio\bin;C:\Program Files\Cloudflare\Cloudflare WARP\;C:\Users\Admin\AppData\Local\Microsoft\WindowsApps;C:\Program Files\NVIDIA GPU Computing Toolkit\CUDA\v11.2\bin;C:\Program Files\NVIDIA GPU Computing Toolkit\CUDA\v11.2\libnvvp;C:\Program Files\Azure Data Studio\bin;C:\WINDOWS\system32;
USERNAME=Admin
OS=Windows_NT
PROCESSOR_IDENTIFIER=Intel64 Family 6 Model 165 Stepping 2, GenuineIntel



---------------  S Y S T E M  ---------------

OS:
 Windows 10 , 64 bit Build 19041 (10.0.19041.1741)
OS uptime: 25 days 11:39 hours

CPU: total 8 (initial active 8) (4 cores per cpu, 2 threads per core) family 6 model 165 stepping 2 microcode 0xea, cx8, cmov, fxsr, ht, mmx, 3dnowpref, sse, sse2, sse3, ssse3, sse4.1, sse4.2, popcnt, lzcnt, tsc, tscinvbit, avx, avx2, aes, erms, clmul, bmi1, bmi2, adx, fma, vzeroupper, clflush, clflushopt

Memory: 4k page, system-wide physical 8059M (538M free)
TotalPageFile size 32634M (AvailPageFile size 26M)
current process WorkingSet (physical memory assigned to process): 320M, peak: 320M
current process commit charge ("private bytes"): 371M, peak: 490M

vm_info: Java HotSpot(TM) 64-Bit Server VM (18+36-2087) for windows-amd64 JRE (18+36-2087), built on Feb 15 2022 09:43:11 by "mach5one" with MS VC++ 16.8 / 16.9 (VS2019)

END.
