#
# There is insufficient memory for the Java Runtime Environment to continue.
# Native memory allocation (mmap) failed to map 35651584 bytes for G1 virtual space
# Possible reasons:
#   The system is out of physical RAM or swap space
#   The process is running with CompressedOops enabled, and the Java Heap may be blocking the growth of the native heap
# Possible solutions:
#   Reduce memory load on the system
#   Increase physical memory or swap space
#   Check if swap backing store is full
#   Decrease Java heap size (-Xmx/-Xms)
#   Decrease number of Java threads
#   Decrease Java thread stack sizes (-Xss)
#   Set larger code cache with -XX:ReservedCodeCacheSize=
#   JVM is running with Unscaled Compressed Oops mode in which the Java heap is
#     placed in the first 4GB address space. The Java Heap base address is the
#     maximum limit for the native heap growth. Please use -XX:HeapBaseMinAddress
#     to set the Java Heap base and to place the Java Heap above 4GB virtual address.
# This output file may be truncated or incomplete.
#
#  Out of Memory Error (os_windows.cpp:3530), pid=16180, tid=31272
#
# JRE version: Java(TM) SE Runtime Environment (18.0+36) (build 18+36-2087)
# Java VM: Java HotSpot(TM) 64-Bit Server VM (18+36-2087, mixed mode, sharing, tiered, compressed oops, compressed class ptrs, g1 gc, windows-amd64)
# No core dump will be written. Minidumps are not enabled by default on client versions of Windows
#

---------------  S U M M A R Y ------------

Command Line: --module-path=C:\Program Files\javafx-sdk-18.0.1\lib --add-modules=javafx.controls,javafx.fxml -Dfile.encoding=UTF-8 --module-path=C:\Users\Admin\.p2\pool\plugins\org.eclipse.fx.ide.css.jfx8_3.7.0.202010120832.jar;C:\Program Files\javafx-sdk-18.0.1\lib\javafx.base.jar;C:\Program Files\javafx-sdk-18.0.1\lib\javafx.controls.jar;C:\Program Files\javafx-sdk-18.0.1\lib\javafx.fxml.jar;C:\Program Files\javafx-sdk-18.0.1\lib\javafx.graphics.jar;C:\Program Files\javafx-sdk-18.0.1\lib\javafx.media.jar;C:\Program Files\javafx-sdk-18.0.1\lib\javafx.swing.jar;C:\Program Files\javafx-sdk-18.0.1\lib\javafx.web.jar;C:\Program Files\javafx-sdk-18.0.1\lib\javafx-swt.jar -XX:+ShowCodeDetailsInExceptionMessages dsai.piano.view.MainScreen

Host: Intel(R) Core(TM) i5-10300H CPU @ 2.50GHz, 8 cores, 7G,  Windows 10 , 64 bit Build 19041 (10.0.19041.1741)
Time: Fri Jul 15 13:57:31 2022 SE Asia Standard Time elapsed time: 4.055307 seconds (0d 0h 0m 4s)

---------------  T H R E A D  ---------------

Current thread (0x00000193b1528550):  VMThread "VM Thread" [stack: 0x0000002367900000,0x0000002367a00000] [id=31272]

Stack: [0x0000002367900000,0x0000002367a00000]
Native frames: (J=compiled Java code, j=interpreted, Vv=VM code, C=native code)
V  [jvm.dll+0x69804a]
V  [jvm.dll+0x7f308d]
V  [jvm.dll+0x7f499e]
V  [jvm.dll+0x7f5053]
V  [jvm.dll+0x25ca3f]
V  [jvm.dll+0x694f99]
V  [jvm.dll+0x689aca]
V  [jvm.dll+0x321efb]
V  [jvm.dll+0x3298d6]
V  [jvm.dll+0x37e47e]
V  [jvm.dll+0x37e6af]
V  [jvm.dll+0x2f9c7a]
V  [jvm.dll+0x2fca76]
V  [jvm.dll+0x306ee5]
V  [jvm.dll+0x33bff0]
V  [jvm.dll+0x7f9e3b]
V  [jvm.dll+0x7fabd4]
V  [jvm.dll+0x7fb10c]
V  [jvm.dll+0x7fb564]
V  [jvm.dll+0x7fb627]
V  [jvm.dll+0x79fbba]
V  [jvm.dll+0x696ef5]
C  [ucrtbase.dll+0x21bb2]
C  [KERNEL32.DLL+0x17034]
C  [ntdll.dll+0x52651]

VM_Operation (0x00000023675ff6b0): G1Concurrent, mode: safepoint, requested by thread 0x00000193915328a0


---------------  P R O C E S S  ---------------

Threads class SMR info:
_java_thread_list=0x00000193b6b9e9f0, length=23, elements={
0x00000193914c19b0, 0x00000193b152d3a0, 0x00000193b152fbc0, 0x00000193b1548330,
0x00000193b1549bf0, 0x00000193b154ad80, 0x00000193b154bf10, 0x00000193b1554000,
0x00000193b1555b80, 0x00000193b156a860, 0x00000193b15ce940, 0x00000193b5f29ec0,
0x00000193b61acb30, 0x00000193b5bb19e0, 0x00000193b61a1240, 0x00000193b636dc10,
0x00000193b62bf250, 0x00000193b64aca30, 0x00000193b59f2f20, 0x00000193b6937370,
0x00000193b6934820, 0x00000193b6934cf0, 0x00000193b6ce8770
}

Java Threads: ( => current thread )
  0x00000193914c19b0 JavaThread "main" [_thread_blocked, id=17124, stack(0x0000002367300000,0x0000002367400000)]
  0x00000193b152d3a0 JavaThread "Reference Handler" daemon [_thread_blocked, id=27212, stack(0x0000002367a00000,0x0000002367b00000)]
  0x00000193b152fbc0 JavaThread "Finalizer" daemon [_thread_blocked, id=18652, stack(0x0000002367b00000,0x0000002367c00000)]
  0x00000193b1548330 JavaThread "Signal Dispatcher" daemon [_thread_blocked, id=33008, stack(0x0000002367c00000,0x0000002367d00000)]
  0x00000193b1549bf0 JavaThread "Attach Listener" daemon [_thread_blocked, id=20840, stack(0x0000002367d00000,0x0000002367e00000)]
  0x00000193b154ad80 JavaThread "Service Thread" daemon [_thread_blocked, id=16556, stack(0x0000002367e00000,0x0000002367f00000)]
  0x00000193b154bf10 JavaThread "Monitor Deflation Thread" daemon [_thread_blocked, id=3276, stack(0x0000002367f00000,0x0000002368000000)]
  0x00000193b1554000 JavaThread "C2 CompilerThread0" daemon [_thread_blocked, id=18076, stack(0x0000002368000000,0x0000002368100000)]
  0x00000193b1555b80 JavaThread "C1 CompilerThread0" daemon [_thread_blocked, id=17348, stack(0x0000002368100000,0x0000002368200000)]
  0x00000193b156a860 JavaThread "Sweeper thread" daemon [_thread_blocked, id=14572, stack(0x0000002368200000,0x0000002368300000)]
  0x00000193b15ce940 JavaThread "Common-Cleaner" daemon [_thread_blocked, id=33328, stack(0x0000002368300000,0x0000002368400000)]
  0x00000193b5f29ec0 JavaThread "Notification Thread" daemon [_thread_blocked, id=32352, stack(0x0000002368600000,0x0000002368700000)]
  0x00000193b61acb30 JavaThread "QuantumRenderer-0" daemon [_thread_blocked, id=26568, stack(0x0000002368400000,0x0000002368500000)]
  0x00000193b5bb19e0 JavaThread "InvokeLaterDispatcher" daemon [_thread_blocked, id=8824, stack(0x0000002368500000,0x0000002368600000)]
  0x00000193b61a1240 JavaThread "JavaFX Application Thread" [_thread_blocked, id=30928, stack(0x0000002368800000,0x0000002368900000)]
  0x00000193b636dc10 JavaThread "JavaFX-Launcher" [_thread_blocked, id=29504, stack(0x0000002368d00000,0x0000002368e00000)]
  0x00000193b62bf250 JavaThread "Thread-2" daemon [_thread_blocked, id=10028, stack(0x0000002368c00000,0x0000002368d00000)]
  0x00000193b64aca30 JavaThread "Prism Font Disposer" daemon [_thread_blocked, id=22152, stack(0x0000002369400000,0x0000002369500000)]
  0x00000193b59f2f20 JavaThread "C2 CompilerThread1" daemon [_thread_blocked, id=14884, stack(0x0000002369a00000,0x0000002369b00000)]
  0x00000193b6937370 JavaThread "Java Sound Event Dispatcher" daemon [_thread_blocked, id=18416, stack(0x0000002369f00000,0x000000236a000000)]
  0x00000193b6934820 JavaThread "JitterCorrector" daemon [_thread_blocked, id=23092, stack(0x000000236a200000,0x000000236a300000)]
  0x00000193b6934cf0 JavaThread "AudioPusher" daemon [_thread_blocked, id=19292, stack(0x000000236a300000,0x000000236a400000)]
  0x00000193b6ce8770 JavaThread "Thread-3" [_thread_blocked, id=31692, stack(0x000000236a400000,0x000000236a500000)]

Other Threads:
=>0x00000193b1528550 VMThread "VM Thread" [stack: 0x0000002367900000,0x0000002367a00000] [id=31272]
  0x00000193b5992470 WatcherThread "VM Periodic Task Thread" [stack: 0x0000002368700000,0x0000002368800000] [id=32448]
  0x0000019391521e60 WorkerThread "GC Thread#0" [stack: 0x0000002367400000,0x0000002367500000] [id=5924]
  0x00000193b6189b40 WorkerThread "GC Thread#1" [stack: 0x0000002368e00000,0x0000002368f00000] [id=26204]
  0x00000193b618a320 WorkerThread "GC Thread#2" [stack: 0x0000002368f00000,0x0000002369000000] [id=8428]
  0x00000193b618a5c0 WorkerThread "GC Thread#3" [stack: 0x0000002369000000,0x0000002369100000] [id=20792]
  0x00000193b653e730 WorkerThread "GC Thread#4" [stack: 0x0000002369100000,0x0000002369200000] [id=11136]
  0x00000193b653df50 WorkerThread "GC Thread#5" [stack: 0x0000002369200000,0x0000002369300000] [id=2264]
  0x00000193b653c270 WorkerThread "GC Thread#6" [stack: 0x0000002369300000,0x0000002369400000] [id=14880]
  0x00000193b6971b40 WorkerThread "GC Thread#7" [stack: 0x0000002369c00000,0x0000002369d00000] [id=28096]
  0x00000193915328a0 ConcurrentGCThread "G1 Main Marker" [stack: 0x0000002367500000,0x0000002367600000] [id=28060]
  0x00000193915331a0 WorkerThread "G1 Conc#0" [stack: 0x0000002367600000,0x0000002367700000] [id=27960]
  0x00000193be95da80 WorkerThread "G1 Conc#1" [stack: 0x000000236a900000,0x000000236aa00000] [id=32048]
  0x000001939156e970 ConcurrentGCThread "G1 Refine#0" [stack: 0x0000002367700000,0x0000002367800000] [id=18368]
  0x00000193b6445da0 ConcurrentGCThread "G1 Refine#1" [stack: 0x0000002369d00000,0x0000002369e00000] [id=27076]
  0x00000193b68a7bc0 ConcurrentGCThread "G1 Refine#2" [stack: 0x0000002369e00000,0x0000002369f00000] [id=11748]
  0x00000193b68a8430 ConcurrentGCThread "G1 Refine#3" [stack: 0x000000236a700000,0x000000236a800000] [id=28316]
  0x00000193b68a7e90 ConcurrentGCThread "G1 Refine#4" [stack: 0x000000236a800000,0x000000236a900000] [id=15500]
  0x00000193b13e24f0 ConcurrentGCThread "G1 Service" [stack: 0x0000002367800000,0x0000002367900000] [id=28968]

Threads with active compile tasks:

VM state: at safepoint (normal execution)

VM Mutex/Monitor currently owned by a thread:  ([mutex/lock_event])
[0x00000193914bde70] Threads_lock - owner thread: 0x00000193b1528550
[0x00000193914bcc70] Heap_lock - owner thread: 0x00000193915328a0

Heap address: 0x0000000082000000, size: 2016 MB, Compressed Oops mode: 32-bit

CDS archive(s) mapped at: [0x0000000800000000-0x0000000800ba0000-0x0000000800ba0000), size 12189696, SharedBaseAddress: 0x0000000800000000, ArchiveRelocationMode: 0.
Compressed class space mapped at: 0x0000000800c00000-0x0000000840c00000, reserved size: 1073741824
Narrow klass base: 0x0000000800000000, Narrow klass shift: 0, Narrow klass range: 0x100000000

GC Precious Log:
 CardTable entry size: 512
 Card Set container configuration: InlinePtr #cards 5 size 8 Array Of Cards #cards 12 size 40 Howl #buckets 4 coarsen threshold 1843 Howl Bitmap #cards 512 size 80 coarsen threshold 460 Card regions per heap region 1 cards per card region 2048
 CPUs: 8 total, 8 available
 Memory: 8059M
 Large Page Support: Disabled
 NUMA Support: Disabled
 Compressed Oops: Enabled (32-bit)
 Heap Region Size: 1M
 Heap Min Capacity: 8M
 Heap Initial Capacity: 126M
 Heap Max Capacity: 2016M
 Pre-touch: Disabled
 Parallel Workers: 8
 Concurrent Workers: 2
 Concurrent Refinement Workers: 8
 Periodic GC: Disabled

Heap:
 garbage-first heap   total 179200K, used 126863K [0x0000000082000000, 0x0000000100000000)
  region size 1024K, 4 young (4096K), 2 survivors (2048K)
 Metaspace       used 16292K, committed 16576K, reserved 1114112K
  class space    used 2212K, committed 2368K, reserved 1048576K

Heap Regions: E=young(eden), S=young(survivor), O=old, HS=humongous(starts), HC=humongous(continues), CS=collection set, F=free, OA=open archive, CA=closed archive, TAMS=top-at-mark-start (previous, next)
|   0|0x0000000082000000, 0x0000000082100000, 0x0000000082100000|100%| O|  |TAMS 0x0000000082100000, 0x0000000082000000| Updating 
|   1|0x0000000082100000, 0x0000000082200000, 0x0000000082200000|100%|HS|  |TAMS 0x0000000082200000, 0x0000000082100000| Complete 
|   2|0x0000000082200000, 0x0000000082300000, 0x0000000082300000|100%|HC|  |TAMS 0x0000000082300000, 0x0000000082200000| Complete 
|   3|0x0000000082300000, 0x0000000082400000, 0x0000000082400000|100%|HC|  |TAMS 0x0000000082400000, 0x0000000082300000| Complete 
|   4|0x0000000082400000, 0x0000000082500000, 0x0000000082500000|100%|HC|  |TAMS 0x0000000082500000, 0x0000000082400000| Complete 
|   5|0x0000000082500000, 0x0000000082600000, 0x0000000082600000|100%| O|  |TAMS 0x0000000082600000, 0x0000000082500000| Updating 
|   6|0x0000000082600000, 0x0000000082700000, 0x0000000082700000|100%| O|  |TAMS 0x0000000082700000, 0x0000000082600000| Untracked 
|   7|0x0000000082700000, 0x0000000082800000, 0x0000000082800000|100%| O|  |TAMS 0x0000000082800000, 0x0000000082700000| Untracked 
|   8|0x0000000082800000, 0x0000000082900000, 0x0000000082900000|100%| O|  |TAMS 0x0000000082900000, 0x0000000082800000| Untracked 
|   9|0x0000000082900000, 0x0000000082a00000, 0x0000000082a00000|100%| O|  |TAMS 0x0000000082a00000, 0x0000000082900000| Untracked 
|  10|0x0000000082a00000, 0x0000000082b00000, 0x0000000082b00000|100%| O|  |TAMS 0x0000000082b00000, 0x0000000082a00000| Untracked 
|  11|0x0000000082b00000, 0x0000000082c00000, 0x0000000082c00000|100%| O|  |TAMS 0x0000000082c00000, 0x0000000082b00000| Untracked 
|  12|0x0000000082c00000, 0x0000000082d00000, 0x0000000082d00000|100%| O|  |TAMS 0x0000000082d00000, 0x0000000082c00000| Updating 
|  13|0x0000000082d00000, 0x0000000082e00000, 0x0000000082e00000|100%|HS|  |TAMS 0x0000000082e00000, 0x0000000082d00000| Complete 
|  14|0x0000000082e00000, 0x0000000082f00000, 0x0000000082f00000|100%|HC|  |TAMS 0x0000000082f00000, 0x0000000082e00000| Complete 
|  15|0x0000000082f00000, 0x0000000083000000, 0x0000000083000000|100%|HS|  |TAMS 0x0000000083000000, 0x0000000082f00000| Complete 
|  16|0x0000000083000000, 0x0000000083100000, 0x0000000083100000|100%|HC|  |TAMS 0x0000000083100000, 0x0000000083000000| Complete 
|  17|0x0000000083100000, 0x0000000083200000, 0x0000000083200000|100%|HS|  |TAMS 0x0000000083200000, 0x0000000083100000| Complete 
|  18|0x0000000083200000, 0x0000000083300000, 0x0000000083300000|100%|HC|  |TAMS 0x0000000083300000, 0x0000000083200000| Complete 
|  19|0x0000000083300000, 0x0000000083400000, 0x0000000083400000|100%|HS|  |TAMS 0x0000000083400000, 0x0000000083300000| Complete 
|  20|0x0000000083400000, 0x0000000083500000, 0x0000000083500000|100%|HC|  |TAMS 0x0000000083500000, 0x0000000083400000| Complete 
|  21|0x0000000083500000, 0x0000000083600000, 0x0000000083600000|100%|HS|  |TAMS 0x0000000083600000, 0x0000000083500000| Complete 
|  22|0x0000000083600000, 0x0000000083700000, 0x0000000083700000|100%|HC|  |TAMS 0x0000000083700000, 0x0000000083600000| Complete 
|  23|0x0000000083700000, 0x0000000083800000, 0x0000000083800000|100%|HS|  |TAMS 0x0000000083800000, 0x0000000083700000| Complete 
|  24|0x0000000083800000, 0x0000000083900000, 0x0000000083900000|100%|HC|  |TAMS 0x0000000083900000, 0x0000000083800000| Complete 
|  25|0x0000000083900000, 0x0000000083a00000, 0x0000000083a00000|100%|HS|  |TAMS 0x0000000083a00000, 0x0000000083900000| Complete 
|  26|0x0000000083a00000, 0x0000000083b00000, 0x0000000083b00000|100%|HC|  |TAMS 0x0000000083b00000, 0x0000000083a00000| Complete 
|  27|0x0000000083b00000, 0x0000000083c00000, 0x0000000083c00000|100%|HS|  |TAMS 0x0000000083c00000, 0x0000000083b00000| Complete 
|  28|0x0000000083c00000, 0x0000000083d00000, 0x0000000083d00000|100%|HC|  |TAMS 0x0000000083d00000, 0x0000000083c00000| Complete 
|  29|0x0000000083d00000, 0x0000000083e00000, 0x0000000083e00000|100%|HS|  |TAMS 0x0000000083e00000, 0x0000000083d00000| Complete 
|  30|0x0000000083e00000, 0x0000000083f00000, 0x0000000083f00000|100%|HC|  |TAMS 0x0000000083f00000, 0x0000000083e00000| Complete 
|  31|0x0000000083f00000, 0x0000000084000000, 0x0000000084000000|100%|HS|  |TAMS 0x0000000084000000, 0x0000000083f00000| Complete 
|  32|0x0000000084000000, 0x0000000084100000, 0x0000000084100000|100%|HC|  |TAMS 0x0000000084100000, 0x0000000084000000| Complete 
|  33|0x0000000084100000, 0x0000000084200000, 0x0000000084200000|100%|HS|  |TAMS 0x0000000084200000, 0x0000000084100000| Complete 
|  34|0x0000000084200000, 0x0000000084300000, 0x0000000084300000|100%|HC|  |TAMS 0x0000000084300000, 0x0000000084200000| Complete 
|  35|0x0000000084300000, 0x0000000084400000, 0x0000000084400000|100%|HS|  |TAMS 0x0000000084400000, 0x0000000084300000| Complete 
|  36|0x0000000084400000, 0x0000000084500000, 0x0000000084500000|100%|HC|  |TAMS 0x0000000084500000, 0x0000000084400000| Complete 
|  37|0x0000000084500000, 0x0000000084600000, 0x0000000084600000|100%|HS|  |TAMS 0x0000000084600000, 0x0000000084500000| Complete 
|  38|0x0000000084600000, 0x0000000084700000, 0x0000000084700000|100%|HC|  |TAMS 0x0000000084700000, 0x0000000084600000| Complete 
|  39|0x0000000084700000, 0x0000000084800000, 0x0000000084800000|100%|HS|  |TAMS 0x0000000084800000, 0x0000000084700000| Complete 
|  40|0x0000000084800000, 0x0000000084900000, 0x0000000084900000|100%|HC|  |TAMS 0x0000000084900000, 0x0000000084800000| Complete 
|  41|0x0000000084900000, 0x0000000084a00000, 0x0000000084a00000|100%|HS|  |TAMS 0x0000000084a00000, 0x0000000084900000| Complete 
|  42|0x0000000084a00000, 0x0000000084b00000, 0x0000000084b00000|100%|HC|  |TAMS 0x0000000084b00000, 0x0000000084a00000| Complete 
|  43|0x0000000084b00000, 0x0000000084c00000, 0x0000000084c00000|100%|HS|  |TAMS 0x0000000084c00000, 0x0000000084b00000| Complete 
|  44|0x0000000084c00000, 0x0000000084d00000, 0x0000000084d00000|100%|HC|  |TAMS 0x0000000084d00000, 0x0000000084c00000| Complete 
|  45|0x0000000084d00000, 0x0000000084e00000, 0x0000000084e00000|100%|HS|  |TAMS 0x0000000084e00000, 0x0000000084d00000| Complete 
|  46|0x0000000084e00000, 0x0000000084f00000, 0x0000000084f00000|100%|HC|  |TAMS 0x0000000084f00000, 0x0000000084e00000| Complete 
|  47|0x0000000084f00000, 0x0000000085000000, 0x0000000085000000|100%|HS|  |TAMS 0x0000000085000000, 0x0000000084f00000| Complete 
|  48|0x0000000085000000, 0x0000000085100000, 0x0000000085100000|100%|HC|  |TAMS 0x0000000085100000, 0x0000000085000000| Complete 
|  49|0x0000000085100000, 0x0000000085200000, 0x0000000085200000|100%|HS|  |TAMS 0x0000000085200000, 0x0000000085100000| Complete 
|  50|0x0000000085200000, 0x0000000085300000, 0x0000000085300000|100%|HC|  |TAMS 0x0000000085300000, 0x0000000085200000| Complete 
|  51|0x0000000085300000, 0x0000000085400000, 0x0000000085400000|100%|HS|  |TAMS 0x0000000085400000, 0x0000000085300000| Complete 
|  52|0x0000000085400000, 0x0000000085500000, 0x0000000085500000|100%|HC|  |TAMS 0x0000000085500000, 0x0000000085400000| Complete 
|  53|0x0000000085500000, 0x0000000085600000, 0x0000000085600000|100%|HS|  |TAMS 0x0000000085600000, 0x0000000085500000| Complete 
|  54|0x0000000085600000, 0x0000000085700000, 0x0000000085700000|100%|HC|  |TAMS 0x0000000085700000, 0x0000000085600000| Complete 
|  55|0x0000000085700000, 0x0000000085800000, 0x0000000085800000|100%|HS|  |TAMS 0x0000000085800000, 0x0000000085700000| Complete 
|  56|0x0000000085800000, 0x0000000085900000, 0x0000000085900000|100%|HC|  |TAMS 0x0000000085900000, 0x0000000085800000| Complete 
|  57|0x0000000085900000, 0x0000000085a00000, 0x0000000085a00000|100%|HS|  |TAMS 0x0000000085a00000, 0x0000000085900000| Complete 
|  58|0x0000000085a00000, 0x0000000085b00000, 0x0000000085b00000|100%|HC|  |TAMS 0x0000000085b00000, 0x0000000085a00000| Complete 
|  59|0x0000000085b00000, 0x0000000085c00000, 0x0000000085c00000|100%|HS|  |TAMS 0x0000000085c00000, 0x0000000085b00000| Complete 
|  60|0x0000000085c00000, 0x0000000085d00000, 0x0000000085d00000|100%|HC|  |TAMS 0x0000000085d00000, 0x0000000085c00000| Complete 
|  61|0x0000000085d00000, 0x0000000085e00000, 0x0000000085e00000|100%|HS|  |TAMS 0x0000000085e00000, 0x0000000085d00000| Complete 
|  62|0x0000000085e00000, 0x0000000085f00000, 0x0000000085f00000|100%|HC|  |TAMS 0x0000000085f00000, 0x0000000085e00000| Complete 
|  63|0x0000000085f00000, 0x0000000086000000, 0x0000000086000000|100%|HS|  |TAMS 0x0000000086000000, 0x0000000085f00000| Complete 
|  64|0x0000000086000000, 0x0000000086100000, 0x0000000086100000|100%|HC|  |TAMS 0x0000000086100000, 0x0000000086000000| Complete 
|  65|0x0000000086100000, 0x0000000086200000, 0x0000000086200000|100%| O|  |TAMS 0x0000000086200000, 0x0000000086100000| Untracked 
|  66|0x0000000086200000, 0x0000000086300000, 0x0000000086300000|100%| O|  |TAMS 0x0000000086300000, 0x0000000086200000| Untracked 
|  67|0x0000000086300000, 0x0000000086400000, 0x0000000086400000|100%| O|  |TAMS 0x0000000086400000, 0x0000000086300000| Untracked 
|  68|0x0000000086400000, 0x0000000086500000, 0x0000000086500000|100%| O|  |TAMS 0x0000000086500000, 0x0000000086400000| Untracked 
|  69|0x0000000086500000, 0x0000000086600000, 0x0000000086600000|100%| O|  |TAMS 0x0000000086600000, 0x0000000086500000| Untracked 
|  70|0x0000000086600000, 0x0000000086700000, 0x0000000086700000|100%| O|  |TAMS 0x0000000086700000, 0x0000000086600000| Untracked 
|  71|0x0000000086700000, 0x0000000086800000, 0x0000000086800000|100%| O|  |TAMS 0x0000000086800000, 0x0000000086700000| Untracked 
|  72|0x0000000086800000, 0x0000000086900000, 0x0000000086900000|100%| O|  |TAMS 0x0000000086900000, 0x0000000086800000| Untracked 
|  73|0x0000000086900000, 0x0000000086a00000, 0x0000000086a00000|100%| O|  |TAMS 0x0000000086a00000, 0x0000000086900000| Untracked 
|  74|0x0000000086a00000, 0x0000000086b00000, 0x0000000086b00000|100%| O|  |TAMS 0x0000000086b00000, 0x0000000086a00000| Updating 
|  75|0x0000000086b00000, 0x0000000086c00000, 0x0000000086c00000|100%|HS|  |TAMS 0x0000000086c00000, 0x0000000086b00000| Complete 
|  76|0x0000000086c00000, 0x0000000086d00000, 0x0000000086d00000|100%|HC|  |TAMS 0x0000000086d00000, 0x0000000086c00000| Complete 
|  77|0x0000000086d00000, 0x0000000086e00000, 0x0000000086e00000|100%|HS|  |TAMS 0x0000000086e00000, 0x0000000086d00000| Complete 
|  78|0x0000000086e00000, 0x0000000086f00000, 0x0000000086f00000|100%|HC|  |TAMS 0x0000000086f00000, 0x0000000086e00000| Complete 
|  79|0x0000000086f00000, 0x0000000087000000, 0x0000000087000000|100%|HS|  |TAMS 0x0000000087000000, 0x0000000086f00000| Complete 
|  80|0x0000000087000000, 0x0000000087100000, 0x0000000087100000|100%|HC|  |TAMS 0x0000000087100000, 0x0000000087000000| Complete 
|  81|0x0000000087100000, 0x0000000087200000, 0x0000000087200000|100%|HS|  |TAMS 0x0000000087200000, 0x0000000087100000| Complete 
|  82|0x0000000087200000, 0x0000000087300000, 0x0000000087300000|100%|HC|  |TAMS 0x0000000087300000, 0x0000000087200000| Complete 
|  83|0x0000000087300000, 0x0000000087400000, 0x0000000087400000|100%|HS|  |TAMS 0x0000000087400000, 0x0000000087300000| Complete 
|  84|0x0000000087400000, 0x0000000087500000, 0x0000000087500000|100%|HC|  |TAMS 0x0000000087500000, 0x0000000087400000| Complete 
|  85|0x0000000087500000, 0x0000000087600000, 0x0000000087600000|100%|HS|  |TAMS 0x0000000087600000, 0x0000000087500000| Complete 
|  86|0x0000000087600000, 0x0000000087700000, 0x0000000087700000|100%|HC|  |TAMS 0x0000000087700000, 0x0000000087600000| Complete 
|  87|0x0000000087700000, 0x0000000087800000, 0x0000000087800000|100%|HS|  |TAMS 0x0000000087800000, 0x0000000087700000| Complete 
|  88|0x0000000087800000, 0x0000000087900000, 0x0000000087900000|100%|HC|  |TAMS 0x0000000087900000, 0x0000000087800000| Complete 
|  89|0x0000000087900000, 0x0000000087a00000, 0x0000000087a00000|100%|HS|  |TAMS 0x0000000087a00000, 0x0000000087900000| Complete 
|  90|0x0000000087a00000, 0x0000000087b00000, 0x0000000087b00000|100%|HC|  |TAMS 0x0000000087b00000, 0x0000000087a00000| Complete 
|  91|0x0000000087b00000, 0x0000000087c00000, 0x0000000087c00000|100%|HS|  |TAMS 0x0000000087c00000, 0x0000000087b00000| Complete 
|  92|0x0000000087c00000, 0x0000000087d00000, 0x0000000087d00000|100%|HC|  |TAMS 0x0000000087d00000, 0x0000000087c00000| Complete 
|  93|0x0000000087d00000, 0x0000000087e00000, 0x0000000087e00000|100%|HS|  |TAMS 0x0000000087e00000, 0x0000000087d00000| Complete 
|  94|0x0000000087e00000, 0x0000000087f00000, 0x0000000087f00000|100%|HC|  |TAMS 0x0000000087f00000, 0x0000000087e00000| Complete 
|  95|0x0000000087f00000, 0x0000000088000000, 0x0000000088000000|100%|HS|  |TAMS 0x0000000088000000, 0x0000000087f00000| Complete 
|  96|0x0000000088000000, 0x0000000088100000, 0x0000000088100000|100%|HC|  |TAMS 0x0000000088100000, 0x0000000088000000| Complete 
|  97|0x0000000088100000, 0x0000000088200000, 0x0000000088200000|100%|HS|  |TAMS 0x0000000088200000, 0x0000000088100000| Complete 
|  98|0x0000000088200000, 0x0000000088300000, 0x0000000088300000|100%|HC|  |TAMS 0x0000000088300000, 0x0000000088200000| Complete 
|  99|0x0000000088300000, 0x0000000088400000, 0x0000000088400000|100%|HS|  |TAMS 0x0000000088400000, 0x0000000088300000| Complete 
| 100|0x0000000088400000, 0x0000000088500000, 0x0000000088500000|100%|HC|  |TAMS 0x0000000088500000, 0x0000000088400000| Complete 
| 101|0x0000000088500000, 0x0000000088600000, 0x0000000088600000|100%|HS|  |TAMS 0x0000000088600000, 0x0000000088500000| Complete 
| 102|0x0000000088600000, 0x0000000088700000, 0x0000000088700000|100%|HC|  |TAMS 0x0000000088700000, 0x0000000088600000| Complete 
| 103|0x0000000088700000, 0x0000000088800000, 0x0000000088800000|100%|HS|  |TAMS 0x0000000088800000, 0x0000000088700000| Complete 
| 104|0x0000000088800000, 0x0000000088900000, 0x0000000088900000|100%|HC|  |TAMS 0x0000000088900000, 0x0000000088800000| Complete 
| 105|0x0000000088900000, 0x0000000088a00000, 0x0000000088a00000|100%|HS|  |TAMS 0x0000000088a00000, 0x0000000088900000| Complete 
| 106|0x0000000088a00000, 0x0000000088b00000, 0x0000000088b00000|100%|HC|  |TAMS 0x0000000088b00000, 0x0000000088a00000| Complete 
| 107|0x0000000088b00000, 0x0000000088c00000, 0x0000000088c00000|100%|HS|  |TAMS 0x0000000088b00000, 0x0000000088b00000| Complete 
| 108|0x0000000088c00000, 0x0000000088d00000, 0x0000000088d00000|100%|HC|  |TAMS 0x0000000088c00000, 0x0000000088c00000| Complete 
| 109|0x0000000088d00000, 0x0000000088e00000, 0x0000000088e00000|100%|HS|  |TAMS 0x0000000088d00000, 0x0000000088d00000| Complete 
| 110|0x0000000088e00000, 0x0000000088f00000, 0x0000000088f00000|100%|HC|  |TAMS 0x0000000088e00000, 0x0000000088e00000| Complete 
| 111|0x0000000088f00000, 0x0000000089000000, 0x0000000089000000|100%|HS|  |TAMS 0x0000000088f00000, 0x0000000088f00000| Complete 
| 112|0x0000000089000000, 0x0000000089100000, 0x0000000089100000|100%|HC|  |TAMS 0x0000000089000000, 0x0000000089000000| Complete 
| 113|0x0000000089100000, 0x0000000089200000, 0x0000000089200000|100%|HS|  |TAMS 0x0000000089100000, 0x0000000089100000| Complete 
| 114|0x0000000089200000, 0x0000000089300000, 0x0000000089300000|100%|HC|  |TAMS 0x0000000089200000, 0x0000000089200000| Complete 
| 115|0x0000000089300000, 0x0000000089400000, 0x0000000089400000|100%|HS|  |TAMS 0x0000000089300000, 0x0000000089300000| Complete 
| 116|0x0000000089400000, 0x0000000089500000, 0x0000000089500000|100%|HC|  |TAMS 0x0000000089400000, 0x0000000089400000| Complete 
| 117|0x0000000089500000, 0x0000000089600000, 0x0000000089600000|100%|HS|  |TAMS 0x0000000089500000, 0x0000000089500000| Complete 
| 118|0x0000000089600000, 0x0000000089700000, 0x0000000089700000|100%|HC|  |TAMS 0x0000000089600000, 0x0000000089600000| Complete 
| 119|0x0000000089700000, 0x0000000089800000, 0x0000000089800000|100%|HS|  |TAMS 0x0000000089700000, 0x0000000089700000| Complete 
| 120|0x0000000089800000, 0x0000000089900000, 0x0000000089900000|100%|HC|  |TAMS 0x0000000089800000, 0x0000000089800000| Complete 
| 121|0x0000000089900000, 0x0000000089900000, 0x0000000089a00000|  0%| F|  |TAMS 0x0000000089900000, 0x0000000089900000| Untracked 
| 122|0x0000000089a00000, 0x0000000089a00000, 0x0000000089b00000|  0%| F|  |TAMS 0x0000000089a00000, 0x0000000089a00000| Untracked 
| 123|0x0000000089b00000, 0x0000000089b00000, 0x0000000089c00000|  0%| F|  |TAMS 0x0000000089b00000, 0x0000000089b00000| Untracked 
| 124|0x0000000089c00000, 0x0000000089c00000, 0x0000000089d00000|  0%| F|  |TAMS 0x0000000089c00000, 0x0000000089c00000| Untracked 
| 125|0x0000000089d00000, 0x0000000089d00000, 0x0000000089e00000|  0%| F|  |TAMS 0x0000000089d00000, 0x0000000089d00000| Untracked 
| 126|0x0000000089e00000, 0x0000000089e00000, 0x0000000089f00000|  0%| F|  |TAMS 0x0000000089e00000, 0x0000000089e00000| Untracked 
| 127|0x0000000089f00000, 0x0000000089f00000, 0x000000008a000000|  0%| F|  |TAMS 0x0000000089f00000, 0x0000000089f00000| Untracked 
| 128|0x000000008a000000, 0x000000008a000000, 0x000000008a100000|  0%| F|  |TAMS 0x000000008a000000, 0x000000008a000000| Untracked 
| 129|0x000000008a100000, 0x000000008a100000, 0x000000008a200000|  0%| F|  |TAMS 0x000000008a100000, 0x000000008a100000| Untracked 
| 130|0x000000008a200000, 0x000000008a200000, 0x000000008a300000|  0%| F|  |TAMS 0x000000008a200000, 0x000000008a200000| Untracked 
| 131|0x000000008a300000, 0x000000008a300000, 0x000000008a400000|  0%| F|  |TAMS 0x000000008a300000, 0x000000008a300000| Untracked 
| 132|0x000000008a400000, 0x000000008a400000, 0x000000008a500000|  0%| F|  |TAMS 0x000000008a400000, 0x000000008a400000| Untracked 
| 133|0x000000008a500000, 0x000000008a500000, 0x000000008a600000|  0%| F|  |TAMS 0x000000008a500000, 0x000000008a500000| Untracked 
| 134|0x000000008a600000, 0x000000008a600000, 0x000000008a700000|  0%| F|  |TAMS 0x000000008a600000, 0x000000008a600000| Untracked 
| 135|0x000000008a700000, 0x000000008a700000, 0x000000008a800000|  0%| F|  |TAMS 0x000000008a700000, 0x000000008a700000| Untracked 
| 136|0x000000008a800000, 0x000000008a800000, 0x000000008a900000|  0%| F|  |TAMS 0x000000008a800000, 0x000000008a800000| Untracked 
| 137|0x000000008a900000, 0x000000008a900000, 0x000000008aa00000|  0%| F|  |TAMS 0x000000008a900000, 0x000000008a900000| Untracked 
| 138|0x000000008aa00000, 0x000000008aa00000, 0x000000008ab00000|  0%| F|  |TAMS 0x000000008aa00000, 0x000000008aa00000| Untracked 
| 139|0x000000008ab00000, 0x000000008ab00000, 0x000000008ac00000|  0%| F|  |TAMS 0x000000008ab00000, 0x000000008ab00000| Untracked 
| 140|0x000000008ac00000, 0x000000008ac00000, 0x000000008ad00000|  0%| F|  |TAMS 0x000000008ac00000, 0x000000008ac00000| Untracked 
| 141|0x000000008ad00000, 0x000000008ad00000, 0x000000008ae00000|  0%| F|  |TAMS 0x000000008ad00000, 0x000000008ad00000| Untracked 
| 142|0x000000008ae00000, 0x000000008ae00000, 0x000000008af00000|  0%| F|  |TAMS 0x000000008ae00000, 0x000000008ae00000| Untracked 
| 143|0x000000008af00000, 0x000000008af00000, 0x000000008b000000|  0%| F|  |TAMS 0x000000008af00000, 0x000000008af00000| Untracked 
| 144|0x000000008b000000, 0x000000008b000000, 0x000000008b100000|  0%| F|  |TAMS 0x000000008b000000, 0x000000008b000000| Untracked 
| 145|0x000000008b100000, 0x000000008b100000, 0x000000008b200000|  0%| F|  |TAMS 0x000000008b100000, 0x000000008b100000| Untracked 
| 146|0x000000008b200000, 0x000000008b200000, 0x000000008b300000|  0%| F|  |TAMS 0x000000008b200000, 0x000000008b200000| Untracked 
| 147|0x000000008b300000, 0x000000008b300000, 0x000000008b400000|  0%| F|  |TAMS 0x000000008b300000, 0x000000008b300000| Untracked 
| 148|0x000000008b400000, 0x000000008b400000, 0x000000008b500000|  0%| F|  |TAMS 0x000000008b400000, 0x000000008b400000| Untracked 
| 149|0x000000008b500000, 0x000000008b500000, 0x000000008b600000|  0%| F|  |TAMS 0x000000008b500000, 0x000000008b500000| Untracked 
| 150|0x000000008b600000, 0x000000008b600000, 0x000000008b700000|  0%| F|  |TAMS 0x000000008b600000, 0x000000008b600000| Untracked 
| 151|0x000000008b700000, 0x000000008b700000, 0x000000008b800000|  0%| F|  |TAMS 0x000000008b700000, 0x000000008b700000| Untracked 
| 152|0x000000008b800000, 0x000000008b800000, 0x000000008b900000|  0%| F|  |TAMS 0x000000008b800000, 0x000000008b800000| Untracked 
| 153|0x000000008b900000, 0x000000008b900000, 0x000000008ba00000|  0%| F|  |TAMS 0x000000008b900000, 0x000000008b900000| Untracked 
| 154|0x000000008ba00000, 0x000000008ba00000, 0x000000008bb00000|  0%| F|  |TAMS 0x000000008ba00000, 0x000000008ba00000| Untracked 
| 155|0x000000008bb00000, 0x000000008bb00000, 0x000000008bc00000|  0%| F|  |TAMS 0x000000008bb00000, 0x000000008bb00000| Untracked 
| 156|0x000000008bc00000, 0x000000008bc00000, 0x000000008bd00000|  0%| F|  |TAMS 0x000000008bc00000, 0x000000008bc00000| Untracked 
| 157|0x000000008bd00000, 0x000000008bd00000, 0x000000008be00000|  0%| F|  |TAMS 0x000000008bd00000, 0x000000008bd00000| Untracked 
| 158|0x000000008be00000, 0x000000008be00000, 0x000000008bf00000|  0%| F|  |TAMS 0x000000008be00000, 0x000000008be00000| Untracked 
| 159|0x000000008bf00000, 0x000000008bf00000, 0x000000008c000000|  0%| F|  |TAMS 0x000000008bf00000, 0x000000008bf00000| Untracked 
| 160|0x000000008c000000, 0x000000008c000000, 0x000000008c100000|  0%| F|  |TAMS 0x000000008c000000, 0x000000008c000000| Untracked 
| 161|0x000000008c100000, 0x000000008c100000, 0x000000008c200000|  0%| F|  |TAMS 0x000000008c100000, 0x000000008c100000| Untracked 
| 162|0x000000008c200000, 0x000000008c200000, 0x000000008c300000|  0%| F|  |TAMS 0x000000008c200000, 0x000000008c200000| Untracked 
| 163|0x000000008c300000, 0x000000008c300000, 0x000000008c400000|  0%| F|  |TAMS 0x000000008c300000, 0x000000008c300000| Untracked 
| 164|0x000000008c400000, 0x000000008c400000, 0x000000008c500000|  0%| F|  |TAMS 0x000000008c400000, 0x000000008c400000| Untracked 
| 165|0x000000008c500000, 0x000000008c500000, 0x000000008c600000|  0%| F|  |TAMS 0x000000008c500000, 0x000000008c500000| Untracked 
| 166|0x000000008c600000, 0x000000008c600000, 0x000000008c700000|  0%| F|  |TAMS 0x000000008c600000, 0x000000008c600000| Untracked 
| 167|0x000000008c700000, 0x000000008c700000, 0x000000008c800000|  0%| F|  |TAMS 0x000000008c700000, 0x000000008c700000| Untracked 
| 168|0x000000008c800000, 0x000000008c800000, 0x000000008c900000|  0%| F|  |TAMS 0x000000008c800000, 0x000000008c800000| Untracked 
| 169|0x000000008c900000, 0x000000008c900000, 0x000000008ca00000|  0%| F|  |TAMS 0x000000008c900000, 0x000000008c900000| Untracked 
| 170|0x000000008ca00000, 0x000000008ca00000, 0x000000008cb00000|  0%| F|  |TAMS 0x000000008ca00000, 0x000000008ca00000| Untracked 
| 171|0x000000008cb00000, 0x000000008cbcf920, 0x000000008cc00000| 81%| E|  |TAMS 0x000000008cb00000, 0x000000008cb00000| Complete 
| 172|0x000000008cc00000, 0x000000008cce3d60, 0x000000008cd00000| 88%| S|CS|TAMS 0x000000008cc00000, 0x000000008cc00000| Complete 
| 173|0x000000008cd00000, 0x000000008ce00000, 0x000000008ce00000|100%| S|CS|TAMS 0x000000008cd00000, 0x000000008cd00000| Complete 
| 174|0x000000008ce00000, 0x000000008cf00000, 0x000000008cf00000|100%| E|CS|TAMS 0x000000008ce00000, 0x000000008ce00000| Complete 

Card table byte_map: [0x00000193aa3e0000,0x00000193aa7d0000] _byte_map_base: 0x00000193a9fd0000

Marking Bits (Prev, Next): (CMBitMap*) 0x00000193915223b0, (CMBitMap*) 0x0000019391522370
 Prev Bits: [0x00000193acb40000, 0x00000193aeac0000)
 Next Bits: [0x00000193aabc0000, 0x00000193acb40000)

Polling page: 0x0000019391400000

Metaspace:

Usage:
  Non-class:     13.75 MB used.
      Class:      2.16 MB used.
       Both:     15.91 MB used.

Virtual space:
  Non-class space:       64.00 MB reserved,      13.88 MB ( 22%) committed,  1 nodes.
      Class space:        1.00 GB reserved,       2.31 MB ( <1%) committed,  1 nodes.
             Both:        1.06 GB reserved,      16.19 MB (  1%) committed. 

Chunk freelists:
   Non-Class:  1.58 MB
       Class:  1.69 MB
        Both:  3.27 MB

MaxMetaspaceSize: unlimited
CompressedClassSpaceSize: 1.00 GB
Initial GC threshold: 21.00 MB
Current GC threshold: 27.00 MB
CDS: on
MetaspaceReclaimPolicy: balanced
 - commit_granule_bytes: 65536.
 - commit_granule_words: 8192.
 - virtual_space_node_default_size: 8388608.
 - enlarge_chunks_in_place: 1.
 - new_chunks_are_fully_committed: 0.
 - uncommit_free_chunks: 1.
 - use_allocation_guard: 0.


Internal statistics:

num_allocs_failed_limit: 0.
num_arena_births: 382.
num_arena_deaths: 0.
num_vsnodes_births: 2.
num_vsnodes_deaths: 0.
num_space_committed: 259.
num_space_uncommitted: 0.
num_chunks_returned_to_freelist: 0.
num_chunks_taken_from_freelist: 906.
num_chunk_merges: 0.
num_chunk_splits: 603.
num_chunks_enlarged: 426.
num_inconsistent_stats: 0.

CodeHeap 'non-profiled nmethods': size=120000Kb used=1452Kb max_used=1452Kb free=118548Kb
 bounds [0x00000193a2050000, 0x00000193a22c0000, 0x00000193a9580000]
CodeHeap 'profiled nmethods': size=120000Kb used=5999Kb max_used=5999Kb free=114000Kb
 bounds [0x000001939ab20000, 0x000001939b100000, 0x00000193a2050000]
CodeHeap 'non-nmethods': size=5760Kb used=1419Kb max_used=1486Kb free=4340Kb
 bounds [0x000001939a580000, 0x000001939a7f0000, 0x000001939ab20000]
 total_blobs=3691 nmethods=2920 adapters=683
 compilation: enabled
              stopped_count=0, restarted_count=0
 full_count=0

Compilation events (20 events):
Event: 3.880 Thread 0x00000193b1555b80 nmethod 2915 0x000001939b0fa410 code [0x000001939b0fa600, 0x000001939b0faa98]
Event: 3.882 Thread 0x00000193b59f2f20 nmethod 2912% 0x00000193a21b0410 code [0x00000193a21b05c0, 0x00000193a21b0918]
Event: 3.884 Thread 0x00000193b59f2f20 2918       4       com.sun.javafx.iio.gif.GIFImageLoader2$LZWDecoder::initTable (114 bytes)
Event: 3.888 Thread 0x00000193b680bf40 nmethod 2910% 0x00000193a21b0a90 code [0x00000193a21b0c80, 0x00000193a21b1c18]
Event: 3.891 Thread 0x00000193b680bf40 2919       4       com.sun.javafx.iio.gif.GIFImageLoader2::decodePalette (290 bytes)
Event: 3.899 Thread 0x00000193b59f2f20 nmethod 2918 0x00000193a21b2610 code [0x00000193a21b27c0, 0x00000193a21b2c78]
Event: 3.904 Thread 0x00000193b1555b80 2920       3       javax.sound.sampled.AudioInputStream::read (274 bytes)
Event: 3.904 Thread 0x00000193b1554000 nmethod 2917% 0x00000193a21b2d90 code [0x00000193a21b2f80, 0x00000193a21b3f70]
Event: 3.904 Thread 0x00000193b1555b80 nmethod 2920 0x000001939b0fac90 code [0x000001939b0faea0, 0x000001939b0fb7c8]
Event: 3.905 Thread 0x00000193b1554000 2921       4       com.sun.javafx.iio.gif.GIFImageLoader2::decodeImage (161 bytes)
Event: 3.907 Thread 0x00000193b680bf40 nmethod 2919 0x00000193a21b4a10 code [0x00000193a21b4be0, 0x00000193a21b5738]
Event: 3.957 Thread 0x00000193b1555b80 2922       3       java.io.FileInputStream::available (5 bytes)
Event: 3.957 Thread 0x00000193b1555b80 nmethod 2922 0x000001939b0fba10 code [0x000001939b0fbba0, 0x000001939b0fbce8]
Event: 3.957 Thread 0x00000193b1555b80 2924       1       com.sun.media.sound.AbstractDataLine::getFormat (5 bytes)
Event: 3.957 Thread 0x00000193b1555b80 nmethod 2924 0x00000193a21b6110 code [0x00000193a21b62a0, 0x00000193a21b6378]
Event: 3.957 Thread 0x00000193b1555b80 2925       1       com.sun.media.sound.AbstractDataLine::isActive (5 bytes)
Event: 3.957 Thread 0x00000193b1555b80 nmethod 2925 0x00000193a21b6410 code [0x00000193a21b65a0, 0x00000193a21b6678]
Event: 4.010 Thread 0x00000193b1554000 nmethod 2921 0x00000193a21b6710 code [0x00000193a21b69c0, 0x00000193a21b9390]
Event: 4.042 Thread 0x00000193b1554000 2926       4       java.io.SequenceInputStream::read (31 bytes)
Event: 4.047 Thread 0x00000193b1554000 nmethod 2926 0x00000193a21ba590 code [0x00000193a21ba740, 0x00000193a21bad98]

GC Heap History (12 events):
Event: 0.787 GC heap before
{Heap before GC invocations=0 (full 0):
 garbage-first heap   total 129024K, used 22528K [0x0000000082000000, 0x0000000100000000)
  region size 1024K, 23 young (23552K), 0 survivors (0K)
 Metaspace       used 5995K, committed 6208K, reserved 1114112K
  class space    used 724K, committed 832K, reserved 1048576K
}
Event: 0.791 GC heap after
{Heap after GC invocations=1 (full 0):
 garbage-first heap   total 129024K, used 3424K [0x0000000082000000, 0x0000000100000000)
  region size 1024K, 3 young (3072K), 3 survivors (3072K)
 Metaspace       used 5995K, committed 6208K, reserved 1114112K
  class space    used 724K, committed 832K, reserved 1048576K
}
Event: 2.660 GC heap before
{Heap before GC invocations=1 (full 0):
 garbage-first heap   total 129024K, used 38240K [0x0000000082000000, 0x0000000100000000)
  region size 1024K, 34 young (34816K), 3 survivors (3072K)
 Metaspace       used 13419K, committed 13824K, reserved 1114112K
  class space    used 1807K, committed 1984K, reserved 1048576K
}
Event: 2.667 GC heap after
{Heap after GC invocations=2 (full 0):
 garbage-first heap   total 129024K, used 14420K [0x0000000082000000, 0x0000000100000000)
  region size 1024K, 5 young (5120K), 5 survivors (5120K)
 Metaspace       used 13419K, committed 13824K, reserved 1114112K
  class space    used 1807K, committed 1984K, reserved 1048576K
}
Event: 3.354 GC heap before
{Heap before GC invocations=2 (full 0):
 garbage-first heap   total 129024K, used 86100K [0x0000000082000000, 0x0000000100000000)
  region size 1024K, 75 young (76800K), 5 survivors (5120K)
 Metaspace       used 15032K, committed 15360K, reserved 1114112K
  class space    used 1988K, committed 2176K, reserved 1048576K
}
Event: 3.366 GC heap after
{Heap after GC invocations=3 (full 0):
 garbage-first heap   total 129024K, used 23351K [0x0000000082000000, 0x0000000100000000)
  region size 1024K, 10 young (10240K), 10 survivors (10240K)
 Metaspace       used 15032K, committed 15360K, reserved 1114112K
  class space    used 1988K, committed 2176K, reserved 1048576K
}
Event: 3.929 GC heap before
{Heap before GC invocations=3 (full 0):
 garbage-first heap   total 129024K, used 87863K [0x0000000082000000, 0x0000000100000000)
  region size 1024K, 32 young (32768K), 10 survivors (10240K)
 Metaspace       used 16292K, committed 16576K, reserved 1114112K
  class space    used 2212K, committed 2368K, reserved 1048576K
}
Event: 3.938 GC heap after
{Heap after GC invocations=4 (full 0):
 garbage-first heap   total 129024K, used 69183K [0x0000000082000000, 0x0000000100000000)
  region size 1024K, 3 young (3072K), 3 survivors (3072K)
 Metaspace       used 16292K, committed 16576K, reserved 1114112K
  class space    used 2212K, committed 2368K, reserved 1048576K
}
Event: 3.975 GC heap before
{Heap before GC invocations=5 (full 0):
 garbage-first heap   total 143360K, used 91711K [0x0000000082000000, 0x0000000100000000)
  region size 1024K, 6 young (6144K), 3 survivors (3072K)
 Metaspace       used 16292K, committed 16576K, reserved 1114112K
  class space    used 2212K, committed 2368K, reserved 1048576K
}
Event: 3.977 GC heap after
{Heap after GC invocations=6 (full 0):
 garbage-first heap   total 143360K, used 89010K [0x0000000082000000, 0x0000000100000000)
  region size 1024K, 2 young (2048K), 2 survivors (2048K)
 Metaspace       used 16292K, committed 16576K, reserved 1114112K
  class space    used 2212K, committed 2368K, reserved 1048576K
}
Event: 4.023 GC heap before
{Heap before GC invocations=7 (full 0):
 garbage-first heap   total 179200K, used 113586K [0x0000000082000000, 0x0000000100000000)
  region size 1024K, 5 young (5120K), 2 survivors (2048K)
 Metaspace       used 16292K, committed 16576K, reserved 1114112K
  class space    used 2212K, committed 2368K, reserved 1048576K
}
Event: 4.025 GC heap after
{Heap after GC invocations=8 (full 0):
 garbage-first heap   total 179200K, used 111503K [0x0000000082000000, 0x0000000100000000)
  region size 1024K, 2 young (2048K), 2 survivors (2048K)
 Metaspace       used 16292K, committed 16576K, reserved 1114112K
  class space    used 2212K, committed 2368K, reserved 1048576K
}

Deoptimization events (20 events):
Event: 3.983 Thread 0x00000193b61a1240 DEOPT PACKING pc=0x000001939b0f6dee sp=0x00000023688fb380
Event: 3.983 Thread 0x00000193b61a1240 DEOPT UNPACKING pc=0x000001939a5d2b43 sp=0x00000023688fa910 mode 0
Event: 3.986 Thread 0x00000193b61a1240 DEOPT PACKING pc=0x000001939b0f8c86 sp=0x00000023688fb3f0
Event: 3.986 Thread 0x00000193b61a1240 DEOPT UNPACKING pc=0x000001939a5d2b43 sp=0x00000023688fa910 mode 0
Event: 3.987 Thread 0x00000193b61a1240 DEOPT PACKING pc=0x000001939b0f6dee sp=0x00000023688fb380
Event: 3.987 Thread 0x00000193b61a1240 DEOPT UNPACKING pc=0x000001939a5d2b43 sp=0x00000023688fa910 mode 0
Event: 3.990 Thread 0x00000193b61a1240 DEOPT PACKING pc=0x000001939b0f8c86 sp=0x00000023688fb3f0
Event: 3.990 Thread 0x00000193b61a1240 DEOPT UNPACKING pc=0x000001939a5d2b43 sp=0x00000023688fa910 mode 0
Event: 3.994 Thread 0x00000193b61a1240 DEOPT PACKING pc=0x000001939b0f8c86 sp=0x00000023688fb3f0
Event: 3.994 Thread 0x00000193b61a1240 DEOPT UNPACKING pc=0x000001939a5d2b43 sp=0x00000023688fa910 mode 0
Event: 3.997 Thread 0x00000193b61a1240 DEOPT PACKING pc=0x000001939b0f8c86 sp=0x00000023688fb3f0
Event: 3.997 Thread 0x00000193b61a1240 DEOPT UNPACKING pc=0x000001939a5d2b43 sp=0x00000023688fa910 mode 0
Event: 4.001 Thread 0x00000193b61a1240 DEOPT PACKING pc=0x000001939b0f8c86 sp=0x00000023688fb3f0
Event: 4.002 Thread 0x00000193b61a1240 DEOPT UNPACKING pc=0x000001939a5d2b43 sp=0x00000023688fa910 mode 0
Event: 4.002 Thread 0x00000193b61a1240 DEOPT PACKING pc=0x000001939b0f6dee sp=0x00000023688fb380
Event: 4.002 Thread 0x00000193b61a1240 DEOPT UNPACKING pc=0x000001939a5d2b43 sp=0x00000023688fa910 mode 0
Event: 4.007 Thread 0x00000193b61a1240 DEOPT PACKING pc=0x000001939b0f8c86 sp=0x00000023688fb3f0
Event: 4.007 Thread 0x00000193b61a1240 DEOPT UNPACKING pc=0x000001939a5d2b43 sp=0x00000023688fa910 mode 0
Event: 4.009 Thread 0x00000193b61a1240 DEOPT PACKING pc=0x000001939b0f6dee sp=0x00000023688fb380
Event: 4.009 Thread 0x00000193b61a1240 DEOPT UNPACKING pc=0x000001939a5d2b43 sp=0x00000023688fa910 mode 0

Classes loaded (20 events):
Event: 3.024 Loading class com/sun/media/sound/SoftJitterCorrector$JitterStream$1
Event: 3.024 Loading class com/sun/media/sound/SoftJitterCorrector$JitterStream$1 done
Event: 3.024 Loading class com/sun/media/sound/SoftAudioPusher
Event: 3.024 Loading class com/sun/media/sound/SoftAudioPusher done
Event: 3.027 Loading class java/io/FileReader
Event: 3.027 Loading class java/io/FileReader done
Event: 3.055 Loading class jdk/internal/math/FDBigInteger
Event: 3.055 Loading class jdk/internal/math/FDBigInteger done
Event: 3.683 Loading class java/lang/MenuButton
Event: 3.683 Loading class java/lang/MenuButton done
Event: 3.686 Loading class java/lang/RadioMenuItem
Event: 3.686 Loading class java/lang/RadioMenuItem done
Event: 3.689 Loading class java/lang/ToggleGroup
Event: 3.689 Loading class java/lang/ToggleGroup done
Event: 3.692 Loading class java/io/StringReader
Event: 3.692 Loading class java/io/StringReader done
Event: 3.692 Loading class java/io/PushbackReader
Event: 3.692 Loading class java/io/FilterReader
Event: 3.692 Loading class java/io/FilterReader done
Event: 3.692 Loading class java/io/PushbackReader done

Classes unloaded (0 events):
No events

Classes redefined (0 events):
No events

Internal exceptions (20 events):
Event: 0.961 Thread 0x00000193b61a1240 Exception <a 'java/lang/NoSuchMethodError'{0x0000000089651e68}: 'void java.lang.invoke.DirectMethodHandle$Holder.invokeSpecial(java.lang.Object, java.lang.Object, double)'> (0x0000000089651e68) 
thrown [t:\workspace\open\src\hotspot\share\interpreter\linkResolver.cpp, line 766]
Event: 0.961 Thread 0x00000193b61a1240 Exception <a 'java/lang/NoSuchMethodError'{0x00000000896592c0}: 'void java.lang.invoke.DelegatingMethodHandle$Holder.reinvoke_L(java.lang.Object, java.lang.Object, double)'> (0x00000000896592c0) 
thrown [t:\workspace\open\src\hotspot\share\interpreter\linkResolver.cpp, line 766]
Event: 1.016 Thread 0x00000193b61a1240 Exception <a 'java/io/FileNotFoundException'{0x0000000089461500}> (0x0000000089461500) 
thrown [t:\workspace\open\src\hotspot\share\prims\jni.cpp, line 516]
Event: 1.308 Thread 0x00000193b61a1240 Exception <a 'java/lang/NoSuchMethodError'{0x0000000088c49600}: 'java.lang.Object java.lang.invoke.DirectMethodHandle$Holder.invokeInterface(java.lang.Object, java.lang.Object, java.lang.Object)'> (0x0000000088c49600) 
thrown [t:\workspace\open\src\hotspot\share\interpreter\linkResolver.cpp, line 766]
Event: 1.309 Thread 0x00000193b61a1240 Exception <a 'java/lang/IncompatibleClassChangeError'{0x0000000088c4cf80}: Found class java.lang.Object, but interface was expected> (0x0000000088c4cf80) 
thrown [t:\workspace\open\src\hotspot\share\interpreter\linkResolver.cpp, line 833]
Event: 1.344 Thread 0x00000193b61a1240 Exception <a 'java/lang/NoSuchMethodError'{0x0000000088b4caa0}: 'int java.lang.invoke.DirectMethodHandle$Holder.invokeSpecial(java.lang.Object, java.lang.Object, int)'> (0x0000000088b4caa0) 
thrown [t:\workspace\open\src\hotspot\share\interpreter\linkResolver.cpp, line 766]
Event: 1.363 Thread 0x00000193b61a1240 Exception <a 'java/lang/NoSuchMethodError'{0x0000000088bc99f0}: 'java.lang.Object java.lang.invoke.DirectMethodHandle$Holder.newInvokeSpecial(java.lang.Object, java.lang.Object, int)'> (0x0000000088bc99f0) 
thrown [t:\workspace\open\src\hotspot\share\interpreter\linkResolver.cpp, line 766]
Event: 1.397 Thread 0x00000193b61acb30 Exception <a 'java/lang/NoSuchMethodError'{0x000000008890fd58}: 'int java.lang.invoke.DirectMethodHandle$Holder.invokeStaticInit(java.lang.Object, java.lang.Object)'> (0x000000008890fd58) 
thrown [t:\workspace\open\src\hotspot\share\interpreter\linkResolver.cpp, line 766]
Event: 1.443 Thread 0x00000193b61acb30 Exception <a 'java/lang/NoSuchMethodError'{0x0000000088854c88}: 'java.lang.Object java.lang.invoke.DirectMethodHandle$Holder.invokeStaticInit(java.lang.Object, int)'> (0x0000000088854c88) 
thrown [t:\workspace\open\src\hotspot\share\interpreter\linkResolver.cpp, line 766]
Event: 2.492 Thread 0x00000193b61a1240 Exception <a 'java/lang/NoSuchMethodError'{0x0000000088318188}: 'long java.lang.invoke.DirectMethodHandle$Holder.invokeStatic(java.lang.Object, java.lang.Object, java.lang.Object)'> (0x0000000088318188) 
thrown [t:\workspace\open\src\hotspot\share\interpreter\linkResolver.cpp, line 766]
Event: 2.493 Thread 0x00000193b61a1240 Exception <a 'java/lang/NoSuchMethodError'{0x000000008831b928}: 'long java.lang.invoke.DirectMethodHandle$Holder.invokeStaticInit(java.lang.Object, java.lang.Object, java.lang.Object)'> (0x000000008831b928) 
thrown [t:\workspace\open\src\hotspot\share\interpreter\linkResolver.cpp, line 766]
Event: 2.496 Thread 0x00000193b61a1240 Exception <a 'java/lang/NoSuchMethodError'{0x0000000088333f70}: 'java.lang.Object java.lang.invoke.DirectMethodHandle$Holder.newInvokeSpecial(java.lang.Object, java.lang.Object, long)'> (0x0000000088333f70) 
thrown [t:\workspace\open\src\hotspot\share\interpreter\linkResolver.cpp, line 766]
Event: 2.496 Thread 0x00000193b61a1240 Exception <a 'java/lang/NoSuchMethodError'{0x0000000088337ae8}: 'java.lang.Object java.lang.invoke.Invokers$Holder.linkToTargetMethod(java.lang.Object, long, java.lang.Object)'> (0x0000000088337ae8) 
thrown [t:\workspace\open\src\hotspot\share\interpreter\linkResolver.cpp, line 766]
Event: 3.120 Thread 0x00000193b61a1240 Exception <a 'java/lang/NoSuchMethodError'{0x0000000085fe1b78}: 'java.lang.Object java.lang.invoke.DirectMethodHandle$Holder.newInvokeSpecial(java.lang.Object, double)'> (0x0000000085fe1b78) 
thrown [t:\workspace\open\src\hotspot\share\interpreter\linkResolver.cpp, line 766]
Event: 3.542 Thread 0x00000193b61a1240 Implicit null exception at 0x00000193a2110060 to 0x00000193a21100fa
Event: 3.544 Thread 0x00000193b61a1240 Implicit null exception at 0x00000193a20a7b0c to 0x00000193a20a7d98
Event: 3.545 Thread 0x00000193b61a1240 Implicit null exception at 0x00000193a20a730c to 0x00000193a20a7594
Event: 3.726 Thread 0x00000193b61a1240 Exception <a 'java/lang/NoSuchMethodError'{0x0000000088d2c548}: 'void java.lang.invoke.DirectMethodHandle$Holder.invokeVirtual(java.lang.Object, java.lang.Object)'> (0x0000000088d2c548) 
thrown [t:\workspace\open\src\hotspot\share\interpreter\linkResolver.cpp, line 766]
Event: 3.729 Thread 0x00000193b61a1240 Exception <a 'java/io/FileNotFoundException'{0x0000000088d413f0}> (0x0000000088d413f0) 
thrown [t:\workspace\open\src\hotspot\share\prims\jni.cpp, line 516]
Event: 3.783 Thread 0x00000193b61a1240 Exception <a 'java/io/FileNotFoundException'{0x0000000088c5d410}> (0x0000000088c5d410) 
thrown [t:\workspace\open\src\hotspot\share\prims\jni.cpp, line 516]

VM Operations (20 events):
Event: 3.368 Executing VM operation: G1CollectForAllocation done
Event: 3.690 Executing VM operation: HandshakeAllThreads
Event: 3.690 Executing VM operation: HandshakeAllThreads done
Event: 3.736 Executing VM operation: ICBufferFull
Event: 3.736 Executing VM operation: ICBufferFull done
Event: 3.929 Executing VM operation: G1TryInitiateConcMark
Event: 3.938 Executing VM operation: G1TryInitiateConcMark done
Event: 3.957 Executing VM operation: G1Concurrent
Event: 3.959 Executing VM operation: G1Concurrent done
Event: 3.970 Executing VM operation: G1Concurrent
Event: 3.971 Executing VM operation: G1Concurrent done
Event: 3.975 Executing VM operation: G1TryInitiateConcMark
Event: 3.977 Executing VM operation: G1TryInitiateConcMark done
Event: 4.005 Executing VM operation: G1Concurrent
Event: 4.007 Executing VM operation: G1Concurrent done
Event: 4.021 Executing VM operation: G1Concurrent
Event: 4.021 Executing VM operation: G1Concurrent done
Event: 4.023 Executing VM operation: G1TryInitiateConcMark
Event: 4.025 Executing VM operation: G1TryInitiateConcMark done
Event: 4.052 Executing VM operation: G1Concurrent

Events (20 events):
Event: 0.518 Loaded shared library C:\Program Files\javafx-sdk-18.0.1\bin\glass.dll
Event: 0.521 Thread 0x00000193b5bb19e0 Thread added: 0x00000193b5bb19e0
Event: 0.525 Thread 0x00000193b61a1240 Thread added: 0x00000193b61a1240
Event: 0.608 Thread 0x00000193b636dc10 Thread added: 0x00000193b636dc10
Event: 0.619 Thread 0x00000193b62bf250 Thread added: 0x00000193b62bf250
Event: 0.638 Loaded shared library C:\Program Files\Java\jdk-18\bin\jimage.dll
Event: 0.810 Loaded shared library C:\Program Files\javafx-sdk-18.0.1\bin\javafx_font.dll
Event: 0.834 Thread 0x00000193b5aa03a0 Thread added: 0x00000193b5aa03a0
Event: 1.207 Thread 0x00000193b5aa03a0 Thread exited: 0x00000193b5aa03a0
Event: 1.218 Loaded shared library C:\Program Files\javafx-sdk-18.0.1\bin\javafx_iio.dll
Event: 1.301 Thread 0x00000193b64aca30 Thread added: 0x00000193b64aca30
Event: 2.563 Loaded shared library C:\Program Files\Java\jdk-18\bin\jsound.dll
Event: 2.579 Loaded shared library C:\Program Files\Java\jdk-18\bin\prefs.dll
Event: 2.608 Thread 0x00000193b59f2f20 Thread added: 0x00000193b59f2f20
Event: 2.613 Thread 0x00000193b680bf40 Thread added: 0x00000193b680bf40
Event: 2.989 Thread 0x00000193b6937370 Thread added: 0x00000193b6937370
Event: 3.024 Thread 0x00000193b6934820 Thread added: 0x00000193b6934820
Event: 3.024 Thread 0x00000193b6934cf0 Thread added: 0x00000193b6934cf0
Event: 3.060 Thread 0x00000193b6ce8770 Thread added: 0x00000193b6ce8770
Event: 4.042 Thread 0x00000193b680bf40 Thread exited: 0x00000193b680bf40


Dynamic libraries:
0x00007ff7247d0000 - 0x00007ff7247e0000 	C:\Program Files\Java\jdk-18\bin\javaw.exe
0x00007ffad6bd0000 - 0x00007ffad6dc7000 	C:\WINDOWS\SYSTEM32\ntdll.dll
0x00007ffad63a0000 - 0x00007ffad645d000 	C:\WINDOWS\System32\KERNEL32.DLL
0x00007ffad4710000 - 0x00007ffad49dd000 	C:\WINDOWS\System32\KERNELBASE.dll
0x00007ffad4ac0000 - 0x00007ffad4bc0000 	C:\WINDOWS\System32\ucrtbase.dll
0x00007ffaca910000 - 0x00007ffaca92a000 	C:\Program Files\Java\jdk-18\bin\VCRUNTIME140.dll
0x00007ffaca8f0000 - 0x00007ffaca908000 	C:\Program Files\Java\jdk-18\bin\jli.dll
0x00007ffad65a0000 - 0x00007ffad664e000 	C:\WINDOWS\System32\ADVAPI32.dll
0x00007ffad6500000 - 0x00007ffad659e000 	C:\WINDOWS\System32\msvcrt.dll
0x00007ffad6460000 - 0x00007ffad64fc000 	C:\WINDOWS\System32\sechost.dll
0x00007ffad69e0000 - 0x00007ffad6b05000 	C:\WINDOWS\System32\RPCRT4.dll
0x00007ffad5e30000 - 0x00007ffad5fd0000 	C:\WINDOWS\System32\USER32.dll
0x00007ffad45a0000 - 0x00007ffad45c2000 	C:\WINDOWS\System32\win32u.dll
0x00007ffad6850000 - 0x00007ffad687a000 	C:\WINDOWS\System32\GDI32.dll
0x00007ffad4600000 - 0x00007ffad470b000 	C:\WINDOWS\System32\gdi32full.dll
0x00007ffabd040000 - 0x00007ffabd2da000 	C:\WINDOWS\WinSxS\amd64_microsoft.windows.common-controls_6595b64144ccf1df_6.0.19041.1110_none_60b5254171f9507e\COMCTL32.dll
0x00007ffad42f0000 - 0x00007ffad438d000 	C:\WINDOWS\System32\msvcp_win.dll
0x00007ffacc520000 - 0x00007ffacc52a000 	C:\WINDOWS\SYSTEM32\VERSION.dll
0x00007ffad50b0000 - 0x00007ffad50e0000 	C:\WINDOWS\System32\IMM32.DLL
0x00007ffaceba0000 - 0x00007ffacec44000 	C:\Program Files\McAfee\Endpoint Security\Threat Prevention\Ips\EpMPApi.dll
0x00007ffad4bc0000 - 0x00007ffad4c27000 	C:\WINDOWS\System32\WINTRUST.dll
0x00007ffad4440000 - 0x00007ffad4596000 	C:\WINDOWS\System32\CRYPT32.dll
0x00007ffad3ee0000 - 0x00007ffad3ef2000 	C:\WINDOWS\SYSTEM32\MSASN1.dll
0x0000000075c10000 - 0x0000000075c1c000 	C:\Program Files\McAfee\Endpoint Security\Threat Prevention\Ips\EpMPThe.dll
0x00007ffacd000000 - 0x00007ffacd00c000 	C:\Program Files\Java\jdk-18\bin\vcruntime140_1.dll
0x00007ffaa51c0000 - 0x00007ffaa524d000 	C:\Program Files\Java\jdk-18\bin\msvcp140.dll
0x00007ffa777e0000 - 0x00007ffa783f1000 	C:\Program Files\Java\jdk-18\bin\server\jvm.dll
0x00007ffad5db0000 - 0x00007ffad5db8000 	C:\WINDOWS\System32\PSAPI.DLL
0x00007ffacd060000 - 0x00007ffacd069000 	C:\WINDOWS\SYSTEM32\WSOCK32.dll
0x00007ffad5dc0000 - 0x00007ffad5e2b000 	C:\WINDOWS\System32\WS2_32.dll
0x00007ffac61a0000 - 0x00007ffac61c7000 	C:\WINDOWS\SYSTEM32\WINMM.dll
0x00007ffad2b80000 - 0x00007ffad2b92000 	C:\WINDOWS\SYSTEM32\kernel.appcore.dll
0x00007fface760000 - 0x00007fface76a000 	C:\Program Files\Java\jdk-18\bin\jimage.dll
0x00007ffad20f0000 - 0x00007ffad22d4000 	C:\WINDOWS\SYSTEM32\DBGHELP.DLL
0x00007ffacb7e0000 - 0x00007ffacb80c000 	C:\WINDOWS\SYSTEM32\dbgcore.DLL
0x00007ffad4a30000 - 0x00007ffad4ab2000 	C:\WINDOWS\System32\bcryptPrimitives.dll
0x00007ffabc3e0000 - 0x00007ffabc405000 	C:\Program Files\Java\jdk-18\bin\java.dll
0x00007ffaa0560000 - 0x00007ffaa0636000 	C:\Program Files\Java\jdk-18\bin\jsvml.dll
0x00007ffad5550000 - 0x00007ffad5c94000 	C:\WINDOWS\System32\SHELL32.dll
0x00007ffad23d0000 - 0x00007ffad2b64000 	C:\WINDOWS\SYSTEM32\windows.storage.dll
0x00007ffad6030000 - 0x00007ffad6384000 	C:\WINDOWS\System32\combase.dll
0x00007ffad3d50000 - 0x00007ffad3d7c000 	C:\WINDOWS\SYSTEM32\Wldp.dll
0x00007ffad5ca0000 - 0x00007ffad5d4d000 	C:\WINDOWS\System32\SHCORE.dll
0x00007ffad4f10000 - 0x00007ffad4f65000 	C:\WINDOWS\System32\shlwapi.dll
0x00007ffad4230000 - 0x00007ffad424f000 	C:\WINDOWS\SYSTEM32\profapi.dll
0x00007ffacd390000 - 0x00007ffacd3a3000 	C:\Program Files\Java\jdk-18\bin\net.dll
0x00007ffacdaa0000 - 0x00007ffacdbaa000 	C:\WINDOWS\SYSTEM32\WINHTTP.dll
0x00007ffad3ab0000 - 0x00007ffad3b1a000 	C:\WINDOWS\system32\mswsock.dll
0x00007ffaca9e0000 - 0x00007ffaca9f6000 	C:\Program Files\Java\jdk-18\bin\nio.dll
0x00007ffaca960000 - 0x00007ffaca978000 	C:\Program Files\Java\jdk-18\bin\zip.dll
0x00000193b16e0000 - 0x00000193b16e3000 	C:\Program Files\javafx-sdk-18.0.1\bin\api-ms-win-core-console-l1-1-0.dll
0x00000193b16f0000 - 0x00000193b16f3000 	C:\Program Files\javafx-sdk-18.0.1\bin\api-ms-win-core-console-l1-2-0.dll
0x00000193b1700000 - 0x00000193b1703000 	C:\Program Files\javafx-sdk-18.0.1\bin\api-ms-win-core-datetime-l1-1-0.dll
0x00000193b1710000 - 0x00000193b1713000 	C:\Program Files\javafx-sdk-18.0.1\bin\api-ms-win-core-debug-l1-1-0.dll
0x00000193b1720000 - 0x00000193b1723000 	C:\Program Files\javafx-sdk-18.0.1\bin\api-ms-win-core-errorhandling-l1-1-0.dll
0x00000193b1730000 - 0x00000193b1734000 	C:\Program Files\javafx-sdk-18.0.1\bin\api-ms-win-core-file-l1-1-0.dll
0x00000193b1740000 - 0x00000193b1743000 	C:\Program Files\javafx-sdk-18.0.1\bin\api-ms-win-core-file-l1-2-0.dll
0x00000193b1750000 - 0x00000193b1753000 	C:\Program Files\javafx-sdk-18.0.1\bin\api-ms-win-core-file-l2-1-0.dll
0x00000193b1760000 - 0x00000193b1763000 	C:\Program Files\javafx-sdk-18.0.1\bin\api-ms-win-core-handle-l1-1-0.dll
0x00000193b1770000 - 0x00000193b1773000 	C:\Program Files\javafx-sdk-18.0.1\bin\api-ms-win-core-heap-l1-1-0.dll
0x00000193b1780000 - 0x00000193b1783000 	C:\Program Files\javafx-sdk-18.0.1\bin\api-ms-win-core-interlocked-l1-1-0.dll
0x00000193b1790000 - 0x00000193b1793000 	C:\Program Files\javafx-sdk-18.0.1\bin\api-ms-win-core-libraryloader-l1-1-0.dll
0x00000193b17a0000 - 0x00000193b17a3000 	C:\Program Files\javafx-sdk-18.0.1\bin\api-ms-win-core-localization-l1-2-0.dll
0x00000193b17b0000 - 0x00000193b17b3000 	C:\Program Files\javafx-sdk-18.0.1\bin\api-ms-win-core-memory-l1-1-0.dll
0x00000193b17c0000 - 0x00000193b17c3000 	C:\Program Files\javafx-sdk-18.0.1\bin\api-ms-win-core-namedpipe-l1-1-0.dll
0x00000193b17d0000 - 0x00000193b17d3000 	C:\Program Files\javafx-sdk-18.0.1\bin\api-ms-win-core-processenvironment-l1-1-0.dll
0x00000193b17e0000 - 0x00000193b17e3000 	C:\Program Files\javafx-sdk-18.0.1\bin\api-ms-win-core-processthreads-l1-1-0.dll
0x00000193b17f0000 - 0x00000193b17f3000 	C:\Program Files\javafx-sdk-18.0.1\bin\api-ms-win-core-processthreads-l1-1-1.dll
0x00000193b73d0000 - 0x00000193b73d3000 	C:\Program Files\javafx-sdk-18.0.1\bin\api-ms-win-core-profile-l1-1-0.dll
0x00000193b73e0000 - 0x00000193b73e3000 	C:\Program Files\javafx-sdk-18.0.1\bin\api-ms-win-core-rtlsupport-l1-1-0.dll
0x00000193b73f0000 - 0x00000193b73f3000 	C:\Program Files\javafx-sdk-18.0.1\bin\api-ms-win-core-string-l1-1-0.dll
0x00000193b7400000 - 0x00000193b7403000 	C:\Program Files\javafx-sdk-18.0.1\bin\api-ms-win-core-synch-l1-1-0.dll
0x00000193b7410000 - 0x00000193b7413000 	C:\Program Files\javafx-sdk-18.0.1\bin\api-ms-win-core-synch-l1-2-0.dll
0x00000193b7420000 - 0x00000193b7423000 	C:\Program Files\javafx-sdk-18.0.1\bin\api-ms-win-core-sysinfo-l1-1-0.dll
0x00000193b7430000 - 0x00000193b7433000 	C:\Program Files\javafx-sdk-18.0.1\bin\api-ms-win-core-timezone-l1-1-0.dll
0x00000193b7440000 - 0x00000193b7443000 	C:\Program Files\javafx-sdk-18.0.1\bin\api-ms-win-core-util-l1-1-0.dll
0x00000193b7450000 - 0x00000193b7453000 	C:\Program Files\javafx-sdk-18.0.1\bin\api-ms-win-crt-conio-l1-1-0.dll
0x00000193b7460000 - 0x00000193b7464000 	C:\Program Files\javafx-sdk-18.0.1\bin\api-ms-win-crt-convert-l1-1-0.dll
0x00000193b7470000 - 0x00000193b7473000 	C:\Program Files\javafx-sdk-18.0.1\bin\api-ms-win-crt-environment-l1-1-0.dll
0x00000193b7480000 - 0x00000193b7483000 	C:\Program Files\javafx-sdk-18.0.1\bin\api-ms-win-crt-filesystem-l1-1-0.dll
0x00000193b7490000 - 0x00000193b7493000 	C:\Program Files\javafx-sdk-18.0.1\bin\api-ms-win-crt-heap-l1-1-0.dll
0x00000193b74a0000 - 0x00000193b74a3000 	C:\Program Files\javafx-sdk-18.0.1\bin\api-ms-win-crt-locale-l1-1-0.dll
0x00000193b74b0000 - 0x00000193b74b5000 	C:\Program Files\javafx-sdk-18.0.1\bin\api-ms-win-crt-math-l1-1-0.dll
0x00000193b74c0000 - 0x00000193b74c5000 	C:\Program Files\javafx-sdk-18.0.1\bin\api-ms-win-crt-multibyte-l1-1-0.dll
0x00000193b74d0000 - 0x00000193b74e0000 	C:\Program Files\javafx-sdk-18.0.1\bin\api-ms-win-crt-private-l1-1-0.dll
0x00000193b74e0000 - 0x00000193b74e3000 	C:\Program Files\javafx-sdk-18.0.1\bin\api-ms-win-crt-process-l1-1-0.dll
0x00000193b74f0000 - 0x00000193b74f4000 	C:\Program Files\javafx-sdk-18.0.1\bin\api-ms-win-crt-runtime-l1-1-0.dll
0x00000193b7500000 - 0x00000193b7504000 	C:\Program Files\javafx-sdk-18.0.1\bin\api-ms-win-crt-stdio-l1-1-0.dll
0x00000193b7510000 - 0x00000193b7514000 	C:\Program Files\javafx-sdk-18.0.1\bin\api-ms-win-crt-string-l1-1-0.dll
0x00000193b7520000 - 0x00000193b7523000 	C:\Program Files\javafx-sdk-18.0.1\bin\api-ms-win-crt-time-l1-1-0.dll
0x00000193b7530000 - 0x00000193b7533000 	C:\Program Files\javafx-sdk-18.0.1\bin\api-ms-win-crt-utility-l1-1-0.dll
0x00007ffaa0210000 - 0x00007ffaa030c000 	C:\Program Files\javafx-sdk-18.0.1\bin\ucrtbase.dll
0x00007ffac7340000 - 0x00007ffac735a000 	C:\Program Files\javafx-sdk-18.0.1\bin\vcruntime140.dll
0x00007ffacce30000 - 0x00007ffacce3c000 	C:\Program Files\javafx-sdk-18.0.1\bin\vcruntime140_1.dll
0x00007ffaa4ef0000 - 0x00007ffaa4f7d000 	C:\Program Files\javafx-sdk-18.0.1\bin\msvcp140.dll
0x00007ffabc2a0000 - 0x00007ffabc2cc000 	C:\Program Files\javafx-sdk-18.0.1\bin\prism_d3d.dll
0x00007ffaa86b0000 - 0x00007ffaa887f000 	C:\WINDOWS\system32\d3d9.dll
0x00007ffad1b60000 - 0x00007ffad1b8f000 	C:\WINDOWS\SYSTEM32\dwmapi.dll
0x00007ffad18d0000 - 0x00007ffad196e000 	C:\WINDOWS\system32\uxtheme.dll
0x00007ffa80220000 - 0x00007ffa80385000 	C:\WINDOWS\System32\DriverStore\FileRepository\iigd_dch.inf_amd64_e6980897e3126266\igdumdim64.dll
0x00007ffad4de0000 - 0x00007ffad4f0a000 	C:\WINDOWS\System32\ole32.dll
0x00007ffa697a0000 - 0x00007ffa6d42b000 	C:\WINDOWS\System32\DriverStore\FileRepository\iigd_dch.inf_amd64_e6980897e3126266\igd9dxva64.dll
0x00007ffad6880000 - 0x00007ffad694d000 	C:\WINDOWS\System32\OLEAUT32.dll
0x00007ffad50e0000 - 0x00007ffad554f000 	C:\WINDOWS\System32\SETUPAPI.dll
0x00007ffad49e0000 - 0x00007ffad4a2e000 	C:\WINDOWS\System32\cfgmgr32.dll
0x00007ffad45d0000 - 0x00007ffad45f7000 	C:\WINDOWS\System32\bcrypt.dll
0x00007ffab3a10000 - 0x00007ffab3d46000 	C:\WINDOWS\System32\DriverStore\FileRepository\iigd_dch.inf_amd64_e6980897e3126266\igdgmm64.dll
0x00007ffaba240000 - 0x00007ffaba282000 	C:\Program Files\javafx-sdk-18.0.1\bin\glass.dll
0x00007ffad6710000 - 0x00007ffad67eb000 	C:\WINDOWS\System32\COMDLG32.dll
0x00007ffad4f90000 - 0x00007ffad50a5000 	C:\WINDOWS\System32\MSCTF.dll
0x00007ffa80000000 - 0x00007ffa80027000 	C:\WINDOWS\System32\DriverStore\FileRepository\iigd_dch.inf_amd64_e6980897e3126266\igdinfo64.dll
0x00007ffad3ca0000 - 0x00007ffad3cb8000 	C:\WINDOWS\SYSTEM32\CRYPTSP.dll
0x00007ffad33c0000 - 0x00007ffad33f4000 	C:\WINDOWS\system32\rsaenh.dll
0x00007ffad3cc0000 - 0x00007ffad3ccc000 	C:\WINDOWS\SYSTEM32\CRYPTBASE.dll
0x00007ffab0c00000 - 0x00007ffab398f000 	C:\WINDOWS\System32\DriverStore\FileRepository\iigd_dch.inf_amd64_e6980897e3126266\igc64.dll
0x00007ffab39d0000 - 0x00007ffab3a0b000 	C:\WINDOWS\SYSTEM32\dxcore.dll
0x00007ffabc2f0000 - 0x00007ffabc304000 	C:\Program Files\javafx-sdk-18.0.1\bin\javafx_font.dll
0x00007ffab6310000 - 0x00007ffab658f000 	C:\WINDOWS\SYSTEM32\dwrite.dll
0x00007ffad6650000 - 0x00007ffad66f9000 	C:\WINDOWS\System32\clbcatq.dll
0x00007ffab8950000 - 0x00007ffab8b04000 	C:\WINDOWS\SYSTEM32\WindowsCodecs.dll
0x00007ffab7050000 - 0x00007ffab708e000 	C:\WINDOWS\system32\dataexchange.dll
0x00007ffacff70000 - 0x00007ffad01d3000 	C:\WINDOWS\system32\d3d11.dll
0x00007ffad0c00000 - 0x00007ffad0de4000 	C:\WINDOWS\system32\dcomp.dll
0x00007ffad2bf0000 - 0x00007ffad2ce3000 	C:\WINDOWS\system32\dxgi.dll
0x00007ffacc6f0000 - 0x00007ffacc8f0000 	C:\WINDOWS\system32\twinapi.appcore.dll
0x00007ffaba5f0000 - 0x00007ffaba624000 	C:\Program Files\Common Files\Microsoft Shared\Ink\rtscom.dll
0x00007ffab8fe0000 - 0x00007ffab90d9000 	C:\WINDOWS\SYSTEM32\textinputframework.dll
0x00007ffad14d0000 - 0x00007ffad15c2000 	C:\WINDOWS\System32\CoreMessaging.dll

dbghelp: loaded successfully - version: 4.0.5 - missing functions: none
symbol engine: initialized successfully - sym options: 0x614 - pdb path: .;C:\Program Files\Java\jdk-18\bin;C:\WINDOWS\SYSTEM32;C:\WINDOWS\WinSxS\amd64_microsoft.windows.common-controls_6595b64144ccf1df_6.0.19041.1110_none_60b5254171f9507e;C:\Program Files\McAfee\Endpoint Security\Threat Prevention\Ips;C:\Program Files\Java\jdk-18\bin\server;C:\Program Files\javafx-sdk-18.0.1\bin;C:\WINDOWS\System32\DriverStore\FileRepository\iigd_dch.inf_amd64_e6980897e3126266;C:\Program Files\Common Files\Microsoft Shared\Ink

VM Arguments:
jvm_args: --module-path=C:\Program Files\javafx-sdk-18.0.1\lib --add-modules=javafx.controls,javafx.fxml -Dfile.encoding=UTF-8 --module-path=C:\Users\Admin\.p2\pool\plugins\org.eclipse.fx.ide.css.jfx8_3.7.0.202010120832.jar;C:\Program Files\javafx-sdk-18.0.1\lib\javafx.base.jar;C:\Program Files\javafx-sdk-18.0.1\lib\javafx.controls.jar;C:\Program Files\javafx-sdk-18.0.1\lib\javafx.fxml.jar;C:\Program Files\javafx-sdk-18.0.1\lib\javafx.graphics.jar;C:\Program Files\javafx-sdk-18.0.1\lib\javafx.media.jar;C:\Program Files\javafx-sdk-18.0.1\lib\javafx.swing.jar;C:\Program Files\javafx-sdk-18.0.1\lib\javafx.web.jar;C:\Program Files\javafx-sdk-18.0.1\lib\javafx-swt.jar -XX:+ShowCodeDetailsInExceptionMessages 
java_command: dsai.piano.view.MainScreen
java_class_path (initial): D:\Programming\OOP\Project\OOP.DSAI.20212.06\sourcecode\bin;C:\Users\Admin\Downloads\jfugue-5.0.9.jar
Launcher Type: SUN_STANDARD

[Global flags]
     intx CICompilerCount                          = 4                                         {product} {ergonomic}
     uint ConcGCThreads                            = 2                                         {product} {ergonomic}
     uint G1ConcRefinementThreads                  = 8                                         {product} {ergonomic}
   size_t G1HeapRegionSize                         = 1048576                                   {product} {ergonomic}
    uintx GCDrainStackTargetSize                   = 64                                        {product} {ergonomic}
   size_t InitialHeapSize                          = 132120576                                 {product} {ergonomic}
   size_t MarkStackSize                            = 4194304                                   {product} {ergonomic}
   size_t MaxHeapSize                              = 2113929216                                {product} {ergonomic}
   size_t MaxNewSize                               = 1267728384                                {product} {ergonomic}
   size_t MinHeapDeltaBytes                        = 1048576                                   {product} {ergonomic}
   size_t MinHeapSize                              = 8388608                                   {product} {ergonomic}
    uintx NonNMethodCodeHeapSize                   = 5839372                                {pd product} {ergonomic}
    uintx NonProfiledCodeHeapSize                  = 122909434                              {pd product} {ergonomic}
    uintx ProfiledCodeHeapSize                     = 122909434                              {pd product} {ergonomic}
    uintx ReservedCodeCacheSize                    = 251658240                              {pd product} {ergonomic}
     bool SegmentedCodeCache                       = true                                      {product} {ergonomic}
     bool ShowCodeDetailsInExceptionMessages       = true                                   {manageable} {command line}
   size_t SoftMaxHeapSize                          = 2113929216                             {manageable} {ergonomic}
     bool UseCompressedClassPointers               = true                           {product lp64_product} {ergonomic}
     bool UseCompressedOops                        = true                           {product lp64_product} {ergonomic}
     bool UseG1GC                                  = true                                      {product} {ergonomic}
     bool UseLargePagesIndividualAllocation        = false                                  {pd product} {ergonomic}

Logging:
Log output configuration:
 #0: stdout all=warning uptime,level,tags foldmultilines=false
 #1: stderr all=off uptime,level,tags foldmultilines=false

Environment Variables:
JAVA_HOME=C:\Program Files\Java\jdk-18
PATH=C:/Program Files/Java/jdk-18/bin/server;C:/Program Files/Java/jdk-18/bin;C:\Program Files\NVIDIA GPU Computing Toolkit\CUDA\v11.2\bin;C:\Program Files\NVIDIA GPU Computing Toolkit\CUDA\v11.2\libnvvp;C:\Program Files\Common Files\Oracle\Java\javapath;C:\Windows\system32;C:\Windows;C:\Windows\System32\Wbem;C:\Windows\System32\WindowsPowerShell\v1.0\;C:\Windows\System32\OpenSSH\;C:\Program Files (x86)\NVIDIA Corporation\PhysX\Common;C:\WINDOWS\system32;C:\WINDOWS;C:\WINDOWS\System32\Wbem;C:\WINDOWS\System32\WindowsPowerShell\v1.0\;C:\WINDOWS\System32\OpenSSH\;C:\Program Files\Git\cmd;C:\Program Files\Java\jdk-18\bin;C:\Program Files\NVIDIA Corporation\Nsight Compute 2020.3.1\;C:\Program Files\NVIDIA Corporation\NVIDIA NvDLISR;C:\Program Files\Microsoft SQL Server\Client SDK\ODBC\170\Tools\Binn\;C:\Program Files (x86)\Microsoft SQL Server\150\Tools\Binn\;C:\Program Files\Microsoft SQL Server\150\Tools\Binn\;C:\Program Files\Microsoft SQL Server\150\DTS\Binn\;C:\Program Files (x86)\Microsoft SQL Server\150\DTS\Binn\;C:\Program Files\Azure Data Studio\bin;C:\Program Files\Cloudflare\Cloudflare WARP\;C:\Users\Admin\AppData\Local\Microsoft\WindowsApps;C:\Program Files\NVIDIA GPU Computing Toolkit\CUDA\v11.2\bin;C:\Program Files\NVIDIA GPU Computing Toolkit\CUDA\v11.2\libnvvp;C:\Program Files\Azure Data Studio\bin;C:\WINDOWS\system32;
USERNAME=Admin
OS=Windows_NT
PROCESSOR_IDENTIFIER=Intel64 Family 6 Model 165 Stepping 2, GenuineIntel



---------------  S Y S T E M  ---------------

OS:
 Windows 10 , 64 bit Build 19041 (10.0.19041.1741)
OS uptime: 25 days 11:40 hours

CPU: total 8 (initial active 8) (4 cores per cpu, 2 threads per core) family 6 model 165 stepping 2 microcode 0xea, cx8, cmov, fxsr, ht, mmx, 3dnowpref, sse, sse2, sse3, ssse3, sse4.1, sse4.2, popcnt, lzcnt, tsc, tscinvbit, avx, avx2, aes, erms, clmul, bmi1, bmi2, adx, fma, vzeroupper, clflush, clflushopt

Memory: 4k page, system-wide physical 8059M (556M free)
TotalPageFile size 32635M (AvailPageFile size 25M)
current process WorkingSet (physical memory assigned to process): 281M, peak: 281M
current process commit charge ("private bytes"): 360M, peak: 394M

vm_info: Java HotSpot(TM) 64-Bit Server VM (18+36-2087) for windows-amd64 JRE (18+36-2087), built on Feb 15 2022 09:43:11 by "mach5one" with MS VC++ 16.8 / 16.9 (VS2019)

END.
